TpTrace Verbose: 0 : 19376, 1, 2022/04/06, 14:25:57.167, 21665298341522, vstest.console.dll, Version: 17.1.0-release-20220113-05
TpTrace Information: 0 : 19376, 1, 2022/04/06, 14:25:57.179, 21665298435900, vstest.console.dll, FilePatternParser: The given file C:\Users\ilupa\Desktop\Lucru\Internship\Behavioral Design Pattern\BehavioralDesignPattern.NUnitTests\bin\Debug\net6.0\fine-code-coverage\build-output\BehavioralDesignPattern.NUnitTests.dll is a full path.
TpTrace Verbose: 0 : 19376, 1, 2022/04/06, 14:25:57.184, 21665298485430, vstest.console.dll, TestPluginCache.DiscoverTestExtensions: finding test extensions in assemblies ends with: RuntimeProvider.dll TPluginInfo: Microsoft.VisualStudio.TestPlatform.Common.ExtensionFramework.Utilities.TestRuntimePluginInformation TExtension: Microsoft.VisualStudio.TestPlatform.ObjectModel.Host.ITestRuntimeProvider
TpTrace Verbose: 0 : 19376, 1, 2022/04/06, 14:25:57.185, 21665298488732, vstest.console.dll, TestPluginCache.GetExtensionPaths: Filtered extension paths: 
TpTrace Verbose: 0 : 19376, 1, 2022/04/06, 14:25:57.185, 21665298489479, vstest.console.dll, TestPluginCache.GetExtensionPaths: Added default extension paths: C:\Program Files\dotnet\sdk\6.0.200\Extensions\DumpMinitool.exe
C:\Program Files\dotnet\sdk\6.0.200\Extensions\DumpMinitool.x86.exe
C:\Program Files\dotnet\sdk\6.0.200\Extensions\Microsoft.Diagnostics.NETCore.Client.dll
C:\Program Files\dotnet\sdk\6.0.200\Extensions\Microsoft.TestPlatform.Extensions.BlameDataCollector.dll
C:\Program Files\dotnet\sdk\6.0.200\Extensions\Microsoft.TestPlatform.Extensions.EventLogCollector.dll
C:\Program Files\dotnet\sdk\6.0.200\Extensions\Microsoft.TestPlatform.TestHostRuntimeProvider.dll
C:\Program Files\dotnet\sdk\6.0.200\Extensions\Microsoft.VisualStudio.TestPlatform.Extensions.Html.TestLogger.dll
C:\Program Files\dotnet\sdk\6.0.200\Extensions\Microsoft.VisualStudio.TestPlatform.Extensions.Trx.TestLogger.dll
TpTrace Verbose: 0 : 19376, 1, 2022/04/06, 14:25:57.185, 21665298489763, vstest.console.dll, TestPluginCache.GetExtensionPaths: Added unfilterableExtensionPaths: 
TpTrace Information: 0 : 19376, 1, 2022/04/06, 14:25:57.185, 21665298496041, vstest.console.dll, AssemblyResolver.ctor: Creating AssemblyResolver with searchDirectories C:\Program Files\dotnet\sdk\6.0.200\Extensions,C:\Program Files\dotnet\sdk\6.0.200
TpTrace Verbose: 0 : 19376, 1, 2022/04/06, 14:25:57.186, 21665298501031, vstest.console.dll, TestPluginCache.DiscoverTestExtensions: Discovering the extensions using extension path.
TpTrace Verbose: 0 : 19376, 1, 2022/04/06, 14:25:57.186, 21665298501784, vstest.console.dll, TestPluginCache.GetExtensionPaths: Filtered extension paths: 
TpTrace Verbose: 0 : 19376, 1, 2022/04/06, 14:25:57.186, 21665298502057, vstest.console.dll, TestPluginCache.GetExtensionPaths: Added default extension paths: C:\Program Files\dotnet\sdk\6.0.200\Extensions\DumpMinitool.exe
C:\Program Files\dotnet\sdk\6.0.200\Extensions\DumpMinitool.x86.exe
C:\Program Files\dotnet\sdk\6.0.200\Extensions\Microsoft.Diagnostics.NETCore.Client.dll
C:\Program Files\dotnet\sdk\6.0.200\Extensions\Microsoft.TestPlatform.Extensions.BlameDataCollector.dll
C:\Program Files\dotnet\sdk\6.0.200\Extensions\Microsoft.TestPlatform.Extensions.EventLogCollector.dll
C:\Program Files\dotnet\sdk\6.0.200\Extensions\Microsoft.TestPlatform.TestHostRuntimeProvider.dll
C:\Program Files\dotnet\sdk\6.0.200\Extensions\Microsoft.VisualStudio.TestPlatform.Extensions.Html.TestLogger.dll
C:\Program Files\dotnet\sdk\6.0.200\Extensions\Microsoft.VisualStudio.TestPlatform.Extensions.Trx.TestLogger.dll
TpTrace Verbose: 0 : 19376, 1, 2022/04/06, 14:25:57.186, 21665298502311, vstest.console.dll, TestPluginCache.GetExtensionPaths: Added unfilterableExtensionPaths: 
TpTrace Verbose: 0 : 19376, 1, 2022/04/06, 14:25:57.186, 21665298502723, vstest.console.dll, TestPluginCache.DiscoverTestExtensions: Discovering the extensions using allExtensionPaths: C:\Program Files\dotnet\sdk\6.0.200\Extensions\DumpMinitool.exe
C:\Program Files\dotnet\sdk\6.0.200\Extensions\DumpMinitool.x86.exe
C:\Program Files\dotnet\sdk\6.0.200\Extensions\Microsoft.Diagnostics.NETCore.Client.dll
C:\Program Files\dotnet\sdk\6.0.200\Extensions\Microsoft.TestPlatform.Extensions.BlameDataCollector.dll
C:\Program Files\dotnet\sdk\6.0.200\Extensions\Microsoft.TestPlatform.Extensions.EventLogCollector.dll
C:\Program Files\dotnet\sdk\6.0.200\Extensions\Microsoft.TestPlatform.TestHostRuntimeProvider.dll
C:\Program Files\dotnet\sdk\6.0.200\Extensions\Microsoft.VisualStudio.TestPlatform.Extensions.Html.TestLogger.dll
C:\Program Files\dotnet\sdk\6.0.200\Extensions\Microsoft.VisualStudio.TestPlatform.Extensions.Trx.TestLogger.dll
TpTrace Information: 0 : 19376, 1, 2022/04/06, 14:25:57.186, 21665298503739, vstest.console.dll, AssemblyResolver.AddSearchDirectories: Adding more searchDirectories C:\Program Files\dotnet\sdk\6.0.200\Extensions,C:\Program Files\dotnet\sdk\6.0.200
TpTrace Information: 0 : 19376, 1, 2022/04/06, 14:25:57.186, 21665298504111, vstest.console.dll, AssemblyResolver.AddSearchDirectories: Adding more searchDirectories C:\Program Files\dotnet\sdk\6.0.200\Extensions,C:\Program Files\dotnet\sdk\6.0.200
TpTrace Information: 0 : 19376, 1, 2022/04/06, 14:25:57.186, 21665298504380, vstest.console.dll, AssemblyResolver.AddSearchDirectories: Adding more searchDirectories C:\Program Files\dotnet\sdk\6.0.200\Extensions,C:\Program Files\dotnet\sdk\6.0.200
TpTrace Information: 0 : 19376, 1, 2022/04/06, 14:25:57.186, 21665298504586, vstest.console.dll, AssemblyResolver.AddSearchDirectories: Adding more searchDirectories C:\Program Files\dotnet\sdk\6.0.200\Extensions,C:\Program Files\dotnet\sdk\6.0.200
TpTrace Information: 0 : 19376, 1, 2022/04/06, 14:25:57.186, 21665298504784, vstest.console.dll, AssemblyResolver.AddSearchDirectories: Adding more searchDirectories C:\Program Files\dotnet\sdk\6.0.200\Extensions,C:\Program Files\dotnet\sdk\6.0.200
TpTrace Information: 0 : 19376, 1, 2022/04/06, 14:25:57.186, 21665298505010, vstest.console.dll, AssemblyResolver.AddSearchDirectories: Adding more searchDirectories C:\Program Files\dotnet\sdk\6.0.200\Extensions,C:\Program Files\dotnet\sdk\6.0.200
TpTrace Information: 0 : 19376, 1, 2022/04/06, 14:25:57.186, 21665298505207, vstest.console.dll, AssemblyResolver.AddSearchDirectories: Adding more searchDirectories C:\Program Files\dotnet\sdk\6.0.200\Extensions,C:\Program Files\dotnet\sdk\6.0.200
TpTrace Information: 0 : 19376, 1, 2022/04/06, 14:25:57.186, 21665298505400, vstest.console.dll, AssemblyResolver.AddSearchDirectories: Adding more searchDirectories C:\Program Files\dotnet\sdk\6.0.200\Extensions,C:\Program Files\dotnet\sdk\6.0.200
TpTrace Information: 0 : 19376, 1, 2022/04/06, 14:25:57.186, 21665298507594, vstest.console.dll, AssemblyResolver.OnResolve: DumpMinitool: Resolving assembly.
TpTrace Information: 0 : 19376, 1, 2022/04/06, 14:25:57.186, 21665298508041, vstest.console.dll, AssemblyResolver.OnResolve: DumpMinitool: Searching in: 'C:\Program Files\dotnet\sdk\6.0.200\Extensions'.
TpTrace Information: 0 : 19376, 1, 2022/04/06, 14:25:57.187, 21665298508739, vstest.console.dll, AssemblyResolver.OnResolve: DumpMinitool: Assembly path does not exist: 'C:\Program Files\dotnet\sdk\6.0.200\Extensions\DumpMinitool.dll', returning.
TpTrace Information: 0 : 19376, 1, 2022/04/06, 14:25:57.187, 21665298512429, vstest.console.dll, AssemblyResolver.OnResolve: DumpMinitool: Loading assembly 'C:\Program Files\dotnet\sdk\6.0.200\Extensions\DumpMinitool.exe'.
TpTrace Information: 0 : 19376, 1, 2022/04/06, 14:25:57.187, 21665298516026, vstest.console.dll, AssemblyResolver.OnResolve: Resolved assembly: DumpMinitool, from path: C:\Program Files\dotnet\sdk\6.0.200\Extensions\DumpMinitool.exe
TpTrace Information: 0 : 19376, 1, 2022/04/06, 14:25:57.190, 21665298547648, vstest.console.dll, AssemblyResolver.OnResolve: DumpMinitool.x86: Resolving assembly.
TpTrace Information: 0 : 19376, 1, 2022/04/06, 14:25:57.190, 21665298548090, vstest.console.dll, AssemblyResolver.OnResolve: DumpMinitool.x86: Searching in: 'C:\Program Files\dotnet\sdk\6.0.200\Extensions'.
TpTrace Information: 0 : 19376, 1, 2022/04/06, 14:25:57.191, 21665298548716, vstest.console.dll, AssemblyResolver.OnResolve: DumpMinitool.x86: Assembly path does not exist: 'C:\Program Files\dotnet\sdk\6.0.200\Extensions\DumpMinitool.x86.dll', returning.
TpTrace Information: 0 : 19376, 1, 2022/04/06, 14:25:57.191, 21665298551540, vstest.console.dll, AssemblyResolver.OnResolve: DumpMinitool.x86: Loading assembly 'C:\Program Files\dotnet\sdk\6.0.200\Extensions\DumpMinitool.x86.exe'.
TpTrace Information: 0 : 19376, 1, 2022/04/06, 14:25:57.191, 21665298554223, vstest.console.dll, AssemblyResolver.OnResolve: Resolved assembly: DumpMinitool.x86, from path: C:\Program Files\dotnet\sdk\6.0.200\Extensions\DumpMinitool.x86.exe
TpTrace Information: 0 : 19376, 1, 2022/04/06, 14:25:57.191, 21665298556017, vstest.console.dll, AssemblyResolver.OnResolve: Microsoft.Diagnostics.NETCore.Client: Resolving assembly.
TpTrace Information: 0 : 19376, 1, 2022/04/06, 14:25:57.191, 21665298556350, vstest.console.dll, AssemblyResolver.OnResolve: Microsoft.Diagnostics.NETCore.Client: Searching in: 'C:\Program Files\dotnet\sdk\6.0.200\Extensions'.
TpTrace Information: 0 : 19376, 1, 2022/04/06, 14:25:57.192, 21665298558595, vstest.console.dll, AssemblyResolver.OnResolve: Microsoft.Diagnostics.NETCore.Client: Loading assembly 'C:\Program Files\dotnet\sdk\6.0.200\Extensions\Microsoft.Diagnostics.NETCore.Client.dll'.
TpTrace Information: 0 : 19376, 1, 2022/04/06, 14:25:57.192, 21665298561697, vstest.console.dll, AssemblyResolver.OnResolve: Resolved assembly: Microsoft.Diagnostics.NETCore.Client, from path: C:\Program Files\dotnet\sdk\6.0.200\Extensions\Microsoft.Diagnostics.NETCore.Client.dll
TpTrace Information: 0 : 19376, 1, 2022/04/06, 14:25:57.193, 21665298578166, vstest.console.dll, AssemblyResolver.OnResolve: Microsoft.Bcl.AsyncInterfaces: Resolving assembly.
TpTrace Information: 0 : 19376, 1, 2022/04/06, 14:25:57.194, 21665298578653, vstest.console.dll, AssemblyResolver.OnResolve: Microsoft.Bcl.AsyncInterfaces: Searching in: 'C:\Program Files\dotnet\sdk\6.0.200\Extensions'.
TpTrace Information: 0 : 19376, 1, 2022/04/06, 14:25:57.194, 21665298579248, vstest.console.dll, AssemblyResolver.OnResolve: Microsoft.Bcl.AsyncInterfaces: Assembly path does not exist: 'C:\Program Files\dotnet\sdk\6.0.200\Extensions\Microsoft.Bcl.AsyncInterfaces.dll', returning.
TpTrace Information: 0 : 19376, 1, 2022/04/06, 14:25:57.194, 21665298579746, vstest.console.dll, AssemblyResolver.OnResolve: Microsoft.Bcl.AsyncInterfaces: Assembly path does not exist: 'C:\Program Files\dotnet\sdk\6.0.200\Extensions\Microsoft.Bcl.AsyncInterfaces.exe', returning.
TpTrace Information: 0 : 19376, 1, 2022/04/06, 14:25:57.194, 21665298579964, vstest.console.dll, AssemblyResolver.OnResolve: Microsoft.Bcl.AsyncInterfaces: Searching in: 'C:\Program Files\dotnet\sdk\6.0.200'.
TpTrace Information: 0 : 19376, 1, 2022/04/06, 14:25:57.194, 21665298580401, vstest.console.dll, AssemblyResolver.OnResolve: Microsoft.Bcl.AsyncInterfaces: Assembly path does not exist: 'C:\Program Files\dotnet\sdk\6.0.200\Microsoft.Bcl.AsyncInterfaces.dll', returning.
TpTrace Information: 0 : 19376, 1, 2022/04/06, 14:25:57.194, 21665298580827, vstest.console.dll, AssemblyResolver.OnResolve: Microsoft.Bcl.AsyncInterfaces: Assembly path does not exist: 'C:\Program Files\dotnet\sdk\6.0.200\Microsoft.Bcl.AsyncInterfaces.exe', returning.
TpTrace Information: 0 : 19376, 1, 2022/04/06, 14:25:57.194, 21665298581097, vstest.console.dll, AssemblyResolver.OnResolve: Microsoft.Bcl.AsyncInterfaces: Failed to load assembly.
TpTrace Verbose: 0 : 19376, 1, 2022/04/06, 14:25:57.194, 21665298581375, vstest.console.dll, CurrentDomainAssemblyResolve: Resolving assembly 'Microsoft.Bcl.AsyncInterfaces'.
TpTrace Information: 0 : 19376, 1, 2022/04/06, 14:25:57.194, 21665298581772, vstest.console.dll, AssemblyResolver.OnResolve: Microsoft.Bcl.AsyncInterfaces: Resolving assembly.
TpTrace Information: 0 : 19376, 1, 2022/04/06, 14:25:57.194, 21665298582044, vstest.console.dll, AssemblyResolver.OnResolve: Microsoft.Bcl.AsyncInterfaces: Resolved from cache.
TpTrace Verbose: 0 : 19376, 1, 2022/04/06, 14:25:57.194, 21665298582287, vstest.console.dll, CurrentDomainAssemblyResolve: Resolving assembly 'Microsoft.Bcl.AsyncInterfaces'.
TpTrace Verbose: 0 : 19376, 1, 2022/04/06, 14:25:57.194, 21665298582588, vstest.console.dll, CurrentDomainAssemblyResolve: Failed to resolve assembly 'Microsoft.Bcl.AsyncInterfaces'.
TpTrace Verbose: 0 : 19376, 1, 2022/04/06, 14:25:57.194, 21665298584983, vstest.console.dll, CurrentDomainAssemblyResolve: Failed to resolve assembly 'Microsoft.Bcl.AsyncInterfaces'.
TpTrace Warning: 0 : 19376, 1, 2022/04/06, 14:25:57.204, 21665298680311, vstest.console.dll, TestPluginDiscoverer: Failed to get types from assembly 'Microsoft.Diagnostics.NETCore.Client, Version=0.2.5.801, Culture=neutral, PublicKeyToken=31bf3856ad364e35'.  Skipping test extension scan for this assembly.  Error: System.Reflection.ReflectionTypeLoadException: Unable to load one or more of the requested types.
Could not load file or assembly 'Microsoft.Bcl.AsyncInterfaces, Version=1.0.0.0, Culture=neutral, PublicKeyToken=cc7b13ffcd2ddd51'. The system cannot find the file specified.
   at System.Reflection.RuntimeModule.GetTypes(RuntimeModule module)
   at System.Reflection.Assembly.GetTypes()
   at Microsoft.VisualStudio.TestPlatform.Common.ExtensionFramework.TestPluginDiscoverer.GetTestExtensionsFromAssembly[TPluginInfo,TExtension](Assembly assembly, Dictionary`2 pluginInfos)
System.IO.FileNotFoundException: Could not load file or assembly 'Microsoft.Bcl.AsyncInterfaces, Version=1.0.0.0, Culture=neutral, PublicKeyToken=cc7b13ffcd2ddd51'. The system cannot find the file specified.
File name: 'Microsoft.Bcl.AsyncInterfaces, Version=1.0.0.0, Culture=neutral, PublicKeyToken=cc7b13ffcd2ddd51'
 ---> System.IO.FileNotFoundException: Could not load file or assembly 'Microsoft.Bcl.AsyncInterfaces, Culture=neutral, PublicKeyToken=null'. The system cannot find the file specified.
File name: 'Microsoft.Bcl.AsyncInterfaces, Culture=neutral, PublicKeyToken=null'
   at System.Reflection.RuntimeAssembly.InternalLoad(ObjectHandleOnStack assemblyName, ObjectHandleOnStack requestingAssembly, StackCrawlMarkHandle stackMark, Boolean throwOnFileNotFound, ObjectHandleOnStack assemblyLoadContext, ObjectHandleOnStack retAssembly)
   at System.Reflection.RuntimeAssembly.InternalLoad(AssemblyName assemblyName, RuntimeAssembly requestingAssembly, StackCrawlMark& stackMark, Boolean throwOnFileNotFound, AssemblyLoadContext assemblyLoadContext)
   at System.Reflection.Assembly.Load(AssemblyName assemblyRef)
   at Microsoft.VisualStudio.TestPlatform.Common.ExtensionFramework.TestPluginCache.CurrentDomainAssemblyResolve(Object sender, AssemblyResolveEventArgs args)
   at Microsoft.VisualStudio.TestPlatform.PlatformAbstractions.PlatformAssemblyResolver.AssemblyResolverEvent(Object sender, Object eventArgs)
   at System.Runtime.Loader.AssemblyLoadContext.GetFirstResolvedAssemblyFromResolvingEvent(AssemblyName assemblyName)
   at System.Runtime.Loader.AssemblyLoadContext.ResolveUsingEvent(AssemblyName assemblyName)
   at System.Runtime.Loader.AssemblyLoadContext.ResolveUsingResolvingEvent(IntPtr gchManagedAssemblyLoadContext, AssemblyName assemblyName)
TpTrace Warning: 0 : 19376, 1, 2022/04/06, 14:25:57.204, 21665298681635, vstest.console.dll, LoaderExceptions: System.IO.FileNotFoundException: Could not load file or assembly 'Microsoft.Bcl.AsyncInterfaces, Version=1.0.0.0, Culture=neutral, PublicKeyToken=cc7b13ffcd2ddd51'. The system cannot find the file specified.
File name: 'Microsoft.Bcl.AsyncInterfaces, Version=1.0.0.0, Culture=neutral, PublicKeyToken=cc7b13ffcd2ddd51'
 ---> System.IO.FileNotFoundException: Could not load file or assembly 'Microsoft.Bcl.AsyncInterfaces, Culture=neutral, PublicKeyToken=null'. The system cannot find the file specified.
File name: 'Microsoft.Bcl.AsyncInterfaces, Culture=neutral, PublicKeyToken=null'
   at System.Reflection.RuntimeAssembly.InternalLoad(ObjectHandleOnStack assemblyName, ObjectHandleOnStack requestingAssembly, StackCrawlMarkHandle stackMark, Boolean throwOnFileNotFound, ObjectHandleOnStack assemblyLoadContext, ObjectHandleOnStack retAssembly)
   at System.Reflection.RuntimeAssembly.InternalLoad(AssemblyName assemblyName, RuntimeAssembly requestingAssembly, StackCrawlMark& stackMark, Boolean throwOnFileNotFound, AssemblyLoadContext assemblyLoadContext)
   at System.Reflection.Assembly.Load(AssemblyName assemblyRef)
   at Microsoft.VisualStudio.TestPlatform.Common.ExtensionFramework.TestPluginCache.CurrentDomainAssemblyResolve(Object sender, AssemblyResolveEventArgs args)
   at Microsoft.VisualStudio.TestPlatform.PlatformAbstractions.PlatformAssemblyResolver.AssemblyResolverEvent(Object sender, Object eventArgs)
   at System.Runtime.Loader.AssemblyLoadContext.GetFirstResolvedAssemblyFromResolvingEvent(AssemblyName assemblyName)
   at System.Runtime.Loader.AssemblyLoadContext.ResolveUsingEvent(AssemblyName assemblyName)
   at System.Runtime.Loader.AssemblyLoadContext.ResolveUsingResolvingEvent(IntPtr gchManagedAssemblyLoadContext, AssemblyName assemblyName)
TpTrace Information: 0 : 19376, 1, 2022/04/06, 14:25:57.204, 21665298682616, vstest.console.dll, AssemblyResolver.OnResolve: Microsoft.TestPlatform.Extensions.BlameDataCollector: Resolving assembly.
TpTrace Information: 0 : 19376, 1, 2022/04/06, 14:25:57.204, 21665298682932, vstest.console.dll, AssemblyResolver.OnResolve: Microsoft.TestPlatform.Extensions.BlameDataCollector: Searching in: 'C:\Program Files\dotnet\sdk\6.0.200\Extensions'.
TpTrace Information: 0 : 19376, 1, 2022/04/06, 14:25:57.204, 21665298685302, vstest.console.dll, AssemblyResolver.OnResolve: Microsoft.TestPlatform.Extensions.BlameDataCollector: Loading assembly 'C:\Program Files\dotnet\sdk\6.0.200\Extensions\Microsoft.TestPlatform.Extensions.BlameDataCollector.dll'.
TpTrace Information: 0 : 19376, 1, 2022/04/06, 14:25:57.204, 21665298688227, vstest.console.dll, AssemblyResolver.OnResolve: Resolved assembly: Microsoft.TestPlatform.Extensions.BlameDataCollector, from path: C:\Program Files\dotnet\sdk\6.0.200\Extensions\Microsoft.TestPlatform.Extensions.BlameDataCollector.dll
TpTrace Information: 0 : 19376, 1, 2022/04/06, 14:25:57.205, 21665298692081, vstest.console.dll, AssemblyResolver.OnResolve: Microsoft.TestPlatform.Extensions.EventLogCollector: Resolving assembly.
TpTrace Information: 0 : 19376, 1, 2022/04/06, 14:25:57.205, 21665298692520, vstest.console.dll, AssemblyResolver.OnResolve: Microsoft.TestPlatform.Extensions.EventLogCollector: Searching in: 'C:\Program Files\dotnet\sdk\6.0.200\Extensions'.
TpTrace Information: 0 : 19376, 1, 2022/04/06, 14:25:57.205, 21665298694802, vstest.console.dll, AssemblyResolver.OnResolve: Microsoft.TestPlatform.Extensions.EventLogCollector: Loading assembly 'C:\Program Files\dotnet\sdk\6.0.200\Extensions\Microsoft.TestPlatform.Extensions.EventLogCollector.dll'.
TpTrace Information: 0 : 19376, 1, 2022/04/06, 14:25:57.205, 21665298697476, vstest.console.dll, AssemblyResolver.OnResolve: Resolved assembly: Microsoft.TestPlatform.Extensions.EventLogCollector, from path: C:\Program Files\dotnet\sdk\6.0.200\Extensions\Microsoft.TestPlatform.Extensions.EventLogCollector.dll
TpTrace Information: 0 : 19376, 1, 2022/04/06, 14:25:57.206, 21665298701808, vstest.console.dll, AssemblyResolver.OnResolve: Microsoft.TestPlatform.TestHostRuntimeProvider: Resolving assembly.
TpTrace Information: 0 : 19376, 1, 2022/04/06, 14:25:57.206, 21665298702170, vstest.console.dll, AssemblyResolver.OnResolve: Microsoft.TestPlatform.TestHostRuntimeProvider: Searching in: 'C:\Program Files\dotnet\sdk\6.0.200\Extensions'.
TpTrace Information: 0 : 19376, 1, 2022/04/06, 14:25:57.206, 21665298704198, vstest.console.dll, AssemblyResolver.OnResolve: Microsoft.TestPlatform.TestHostRuntimeProvider: Loading assembly 'C:\Program Files\dotnet\sdk\6.0.200\Extensions\Microsoft.TestPlatform.TestHostRuntimeProvider.dll'.
TpTrace Information: 0 : 19376, 1, 2022/04/06, 14:25:57.206, 21665298706819, vstest.console.dll, AssemblyResolver.OnResolve: Resolved assembly: Microsoft.TestPlatform.TestHostRuntimeProvider, from path: C:\Program Files\dotnet\sdk\6.0.200\Extensions\Microsoft.TestPlatform.TestHostRuntimeProvider.dll
TpTrace Information: 0 : 19376, 1, 2022/04/06, 14:25:57.207, 21665298716183, vstest.console.dll, AssemblyResolver.OnResolve: Microsoft.VisualStudio.TestPlatform.Extensions.Html.TestLogger: Resolving assembly.
TpTrace Information: 0 : 19376, 1, 2022/04/06, 14:25:57.207, 21665298716616, vstest.console.dll, AssemblyResolver.OnResolve: Microsoft.VisualStudio.TestPlatform.Extensions.Html.TestLogger: Searching in: 'C:\Program Files\dotnet\sdk\6.0.200\Extensions'.
TpTrace Information: 0 : 19376, 1, 2022/04/06, 14:25:57.208, 21665298719283, vstest.console.dll, AssemblyResolver.OnResolve: Microsoft.VisualStudio.TestPlatform.Extensions.Html.TestLogger: Loading assembly 'C:\Program Files\dotnet\sdk\6.0.200\Extensions\Microsoft.VisualStudio.TestPlatform.Extensions.Html.TestLogger.dll'.
TpTrace Information: 0 : 19376, 1, 2022/04/06, 14:25:57.208, 21665298722235, vstest.console.dll, AssemblyResolver.OnResolve: Resolved assembly: Microsoft.VisualStudio.TestPlatform.Extensions.Html.TestLogger, from path: C:\Program Files\dotnet\sdk\6.0.200\Extensions\Microsoft.VisualStudio.TestPlatform.Extensions.Html.TestLogger.dll
TpTrace Information: 0 : 19376, 1, 2022/04/06, 14:25:57.208, 21665298725460, vstest.console.dll, AssemblyResolver.OnResolve: Microsoft.VisualStudio.TestPlatform.Extensions.Trx.TestLogger: Resolving assembly.
TpTrace Information: 0 : 19376, 1, 2022/04/06, 14:25:57.208, 21665298725930, vstest.console.dll, AssemblyResolver.OnResolve: Microsoft.VisualStudio.TestPlatform.Extensions.Trx.TestLogger: Searching in: 'C:\Program Files\dotnet\sdk\6.0.200\Extensions'.
TpTrace Information: 0 : 19376, 1, 2022/04/06, 14:25:57.209, 21665298729499, vstest.console.dll, AssemblyResolver.OnResolve: Microsoft.VisualStudio.TestPlatform.Extensions.Trx.TestLogger: Loading assembly 'C:\Program Files\dotnet\sdk\6.0.200\Extensions\Microsoft.VisualStudio.TestPlatform.Extensions.Trx.TestLogger.dll'.
TpTrace Information: 0 : 19376, 1, 2022/04/06, 14:25:57.209, 21665298733072, vstest.console.dll, AssemblyResolver.OnResolve: Resolved assembly: Microsoft.VisualStudio.TestPlatform.Extensions.Trx.TestLogger, from path: C:\Program Files\dotnet\sdk\6.0.200\Extensions\Microsoft.VisualStudio.TestPlatform.Extensions.Trx.TestLogger.dll
TpTrace Verbose: 0 : 19376, 1, 2022/04/06, 14:25:57.209, 21665298737769, vstest.console.dll, TestPluginCache: Discovered the extensions using extension path ''.
TpTrace Verbose: 0 : 19376, 1, 2022/04/06, 14:25:57.209, 21665298738288, vstest.console.dll, TestPluginCache: Discoverers are ''.
TpTrace Verbose: 0 : 19376, 1, 2022/04/06, 14:25:57.209, 21665298738494, vstest.console.dll, TestPluginCache: Executors are ''.
TpTrace Verbose: 0 : 19376, 1, 2022/04/06, 14:25:57.210, 21665298738660, vstest.console.dll, TestPluginCache: Executors2 are ''.
TpTrace Verbose: 0 : 19376, 1, 2022/04/06, 14:25:57.210, 21665298738853, vstest.console.dll, TestPluginCache: Setting providers are ''.
TpTrace Verbose: 0 : 19376, 1, 2022/04/06, 14:25:57.210, 21665298739021, vstest.console.dll, TestPluginCache: Loggers are ''.
TpTrace Information: 0 : 19376, 1, 2022/04/06, 14:25:57.212, 21665298766805, vstest.console.dll, RunTestsArgumentProcessor:Execute: Test run is starting.
TpTrace Verbose: 0 : 19376, 1, 2022/04/06, 14:25:57.212, 21665298767242, vstest.console.dll, RunTestsArgumentProcessor:Execute: Queuing Test run.
TpTrace Information: 0 : 19376, 1, 2022/04/06, 14:25:57.212, 21665298768493, vstest.console.dll, TestRequestManager.RunTests: run tests started.
TpTrace Information: 0 : 19376, 1, 2022/04/06, 14:25:57.215, 21665298790442, vstest.console.dll, AssemblyMetadataProvider.GetFrameWork: Determined framework:'.NETCoreApp,Version=v6.0' for source: 'C:\Users\ilupa\Desktop\Lucru\Internship\Behavioral Design Pattern\BehavioralDesignPattern.NUnitTests\bin\Debug\net6.0\fine-code-coverage\build-output\BehavioralDesignPattern.NUnitTests.dll'
TpTrace Information: 0 : 19376, 1, 2022/04/06, 14:25:57.215, 21665298791311, vstest.console.dll, Determined framework for all sources: .NETCoreApp,Version=v6.0
TpTrace Verbose: 0 : 19376, 1, 2022/04/06, 14:25:57.215, 21665298793654, vstest.console.dll, Default architecture: X64 IsDefaultTargetArchitecture: True
TpTrace Information: 0 : 19376, 1, 2022/04/06, 14:25:57.215, 21665298796058, vstest.console.dll, AssemblyMetadataProvider.GetArchitecture: Determined architecture:AnyCPU info for assembly: C:\Users\ilupa\Desktop\Lucru\Internship\Behavioral Design Pattern\BehavioralDesignPattern.NUnitTests\bin\Debug\net6.0\fine-code-coverage\build-output\BehavioralDesignPattern.NUnitTests.dll
TpTrace Information: 0 : 19376, 1, 2022/04/06, 14:25:57.215, 21665298796369, vstest.console.dll, Determined platform for source 'C:\Users\ilupa\Desktop\Lucru\Internship\Behavioral Design Pattern\BehavioralDesignPattern.NUnitTests\bin\Debug\net6.0\fine-code-coverage\build-output\BehavioralDesignPattern.NUnitTests.dll' is 'AnyCPU'
TpTrace Information: 0 : 19376, 1, 2022/04/06, 14:25:57.217, 21665298810387, vstest.console.dll, Determined platform for all sources: X64
TpTrace Information: 0 : 19376, 1, 2022/04/06, 14:25:57.217, 21665298811243, vstest.console.dll, Infered platform 'X64'.
TpTrace Information: 0 : 19376, 1, 2022/04/06, 14:25:57.217, 21665298811525, vstest.console.dll, Platform update to 'X64' required.
TpTrace Information: 0 : 19376, 1, 2022/04/06, 14:25:57.219, 21665298831383, vstest.console.dll, Compatible sources list : 
TpTrace Information: 0 : 19376, 1, 2022/04/06, 14:25:57.219, 21665298832462, vstest.console.dll, C:\Users\ilupa\Desktop\Lucru\Internship\Behavioral Design Pattern\BehavioralDesignPattern.NUnitTests\bin\Debug\net6.0\fine-code-coverage\build-output\BehavioralDesignPattern.NUnitTests.dll
TpTrace Information: 0 : 19376, 1, 2022/04/06, 14:25:57.221, 21665298848655, vstest.console.dll, InferRunSettingsHelper.IsTestSettingsEnabled: Unable to navigate to RunSettings/MSTest. Current node: RunSettings
TpTrace Information: 0 : 19376, 1, 2022/04/06, 14:25:57.221, 21665298852955, vstest.console.dll, AssemblyResolver.OnResolve: Microsoft.VisualStudio.TestPlatform.Fakes: Resolving assembly.
TpTrace Information: 0 : 19376, 1, 2022/04/06, 14:25:57.221, 21665298853369, vstest.console.dll, AssemblyResolver.OnResolve: Microsoft.VisualStudio.TestPlatform.Fakes: Searching in: 'C:\Program Files\dotnet\sdk\6.0.200\Extensions'.
TpTrace Information: 0 : 19376, 1, 2022/04/06, 14:25:57.221, 21665298854147, vstest.console.dll, AssemblyResolver.OnResolve: Microsoft.VisualStudio.TestPlatform.Fakes: Assembly path does not exist: 'C:\Program Files\dotnet\sdk\6.0.200\Extensions\Microsoft.VisualStudio.TestPlatform.Fakes.dll', returning.
TpTrace Information: 0 : 19376, 1, 2022/04/06, 14:25:57.221, 21665298854637, vstest.console.dll, AssemblyResolver.OnResolve: Microsoft.VisualStudio.TestPlatform.Fakes: Assembly path does not exist: 'C:\Program Files\dotnet\sdk\6.0.200\Extensions\Microsoft.VisualStudio.TestPlatform.Fakes.exe', returning.
TpTrace Information: 0 : 19376, 1, 2022/04/06, 14:25:57.221, 21665298854859, vstest.console.dll, AssemblyResolver.OnResolve: Microsoft.VisualStudio.TestPlatform.Fakes: Searching in: 'C:\Program Files\dotnet\sdk\6.0.200'.
TpTrace Information: 0 : 19376, 1, 2022/04/06, 14:25:57.221, 21665298855361, vstest.console.dll, AssemblyResolver.OnResolve: Microsoft.VisualStudio.TestPlatform.Fakes: Assembly path does not exist: 'C:\Program Files\dotnet\sdk\6.0.200\Microsoft.VisualStudio.TestPlatform.Fakes.dll', returning.
TpTrace Information: 0 : 19376, 1, 2022/04/06, 14:25:57.221, 21665298855789, vstest.console.dll, AssemblyResolver.OnResolve: Microsoft.VisualStudio.TestPlatform.Fakes: Assembly path does not exist: 'C:\Program Files\dotnet\sdk\6.0.200\Microsoft.VisualStudio.TestPlatform.Fakes.exe', returning.
TpTrace Information: 0 : 19376, 1, 2022/04/06, 14:25:57.221, 21665298855997, vstest.console.dll, AssemblyResolver.OnResolve: Microsoft.VisualStudio.TestPlatform.Fakes: Failed to load assembly.
TpTrace Information: 0 : 19376, 1, 2022/04/06, 14:25:57.221, 21665298857680, vstest.console.dll, Failed to load assembly Microsoft.VisualStudio.TestPlatform.Fakes, Version=17.0.0.0, Culture=neutral. Reason:System.IO.FileNotFoundException: Could not load file or assembly 'Microsoft.VisualStudio.TestPlatform.Fakes, Version=17.0.0.0, Culture=neutral, PublicKeyToken=null'. The system cannot find the file specified.
File name: 'Microsoft.VisualStudio.TestPlatform.Fakes, Version=17.0.0.0, Culture=neutral, PublicKeyToken=null'
   at System.Reflection.RuntimeAssembly.InternalLoad(ObjectHandleOnStack assemblyName, ObjectHandleOnStack requestingAssembly, StackCrawlMarkHandle stackMark, Boolean throwOnFileNotFound, ObjectHandleOnStack assemblyLoadContext, ObjectHandleOnStack retAssembly)
   at System.Reflection.RuntimeAssembly.InternalLoad(AssemblyName assemblyName, RuntimeAssembly requestingAssembly, StackCrawlMark& stackMark, Boolean throwOnFileNotFound, AssemblyLoadContext assemblyLoadContext)
   at System.Reflection.Assembly.Load(AssemblyName assemblyRef)
   at Microsoft.VisualStudio.TestPlatform.Common.Utilities.FakesUtilities.LoadTestPlatformAssembly()
TpTrace Verbose: 0 : 19376, 1, 2022/04/06, 14:25:57.224, 21665298882326, vstest.console.dll, TestPluginCache.DiscoverTestExtensions: finding test extensions in assemblies ends with: TestLogger.dll TPluginInfo: Microsoft.VisualStudio.TestPlatform.Common.ExtensionFramework.Utilities.TestLoggerPluginInformation TExtension: Microsoft.VisualStudio.TestPlatform.ObjectModel.Client.ITestLogger
TpTrace Verbose: 0 : 19376, 1, 2022/04/06, 14:25:57.224, 21665298883116, vstest.console.dll, TestPluginCache.GetExtensionPaths: Filtered extension paths: 
TpTrace Verbose: 0 : 19376, 1, 2022/04/06, 14:25:57.224, 21665298883429, vstest.console.dll, TestPluginCache.GetExtensionPaths: Added default extension paths: C:\Program Files\dotnet\sdk\6.0.200\Extensions\DumpMinitool.exe
C:\Program Files\dotnet\sdk\6.0.200\Extensions\DumpMinitool.x86.exe
C:\Program Files\dotnet\sdk\6.0.200\Extensions\Microsoft.Diagnostics.NETCore.Client.dll
C:\Program Files\dotnet\sdk\6.0.200\Extensions\Microsoft.TestPlatform.Extensions.BlameDataCollector.dll
C:\Program Files\dotnet\sdk\6.0.200\Extensions\Microsoft.TestPlatform.Extensions.EventLogCollector.dll
C:\Program Files\dotnet\sdk\6.0.200\Extensions\Microsoft.TestPlatform.TestHostRuntimeProvider.dll
C:\Program Files\dotnet\sdk\6.0.200\Extensions\Microsoft.VisualStudio.TestPlatform.Extensions.Html.TestLogger.dll
C:\Program Files\dotnet\sdk\6.0.200\Extensions\Microsoft.VisualStudio.TestPlatform.Extensions.Trx.TestLogger.dll
TpTrace Verbose: 0 : 19376, 1, 2022/04/06, 14:25:57.224, 21665298883839, vstest.console.dll, TestPluginCache.GetExtensionPaths: Added unfilterableExtensionPaths: 
TpTrace Information: 0 : 19376, 1, 2022/04/06, 14:25:57.224, 21665298885467, vstest.console.dll, AssemblyResolver.AddSearchDirectories: Adding more searchDirectories C:\Program Files\dotnet\sdk\6.0.200\Extensions,C:\Program Files\dotnet\sdk\6.0.200
TpTrace Verbose: 0 : 19376, 1, 2022/04/06, 14:25:57.224, 21665298886155, vstest.console.dll, TestPluginCache.DiscoverTestExtensions: Discovering the extensions using extension path.
TpTrace Verbose: 0 : 19376, 1, 2022/04/06, 14:25:57.224, 21665298886412, vstest.console.dll, TestPluginCache.GetExtensionPaths: Filtered extension paths: 
TpTrace Verbose: 0 : 19376, 1, 2022/04/06, 14:25:57.224, 21665298886617, vstest.console.dll, TestPluginCache.GetExtensionPaths: Added default extension paths: C:\Program Files\dotnet\sdk\6.0.200\Extensions\DumpMinitool.exe
C:\Program Files\dotnet\sdk\6.0.200\Extensions\DumpMinitool.x86.exe
C:\Program Files\dotnet\sdk\6.0.200\Extensions\Microsoft.Diagnostics.NETCore.Client.dll
C:\Program Files\dotnet\sdk\6.0.200\Extensions\Microsoft.TestPlatform.Extensions.BlameDataCollector.dll
C:\Program Files\dotnet\sdk\6.0.200\Extensions\Microsoft.TestPlatform.Extensions.EventLogCollector.dll
C:\Program Files\dotnet\sdk\6.0.200\Extensions\Microsoft.TestPlatform.TestHostRuntimeProvider.dll
C:\Program Files\dotnet\sdk\6.0.200\Extensions\Microsoft.VisualStudio.TestPlatform.Extensions.Html.TestLogger.dll
C:\Program Files\dotnet\sdk\6.0.200\Extensions\Microsoft.VisualStudio.TestPlatform.Extensions.Trx.TestLogger.dll
TpTrace Verbose: 0 : 19376, 1, 2022/04/06, 14:25:57.224, 21665298887028, vstest.console.dll, TestPluginCache.GetExtensionPaths: Added unfilterableExtensionPaths: 
TpTrace Verbose: 0 : 19376, 1, 2022/04/06, 14:25:57.224, 21665298887308, vstest.console.dll, TestPluginCache.DiscoverTestExtensions: Discovering the extensions using allExtensionPaths: C:\Program Files\dotnet\sdk\6.0.200\Extensions\DumpMinitool.exe
C:\Program Files\dotnet\sdk\6.0.200\Extensions\DumpMinitool.x86.exe
C:\Program Files\dotnet\sdk\6.0.200\Extensions\Microsoft.Diagnostics.NETCore.Client.dll
C:\Program Files\dotnet\sdk\6.0.200\Extensions\Microsoft.TestPlatform.Extensions.BlameDataCollector.dll
C:\Program Files\dotnet\sdk\6.0.200\Extensions\Microsoft.TestPlatform.Extensions.EventLogCollector.dll
C:\Program Files\dotnet\sdk\6.0.200\Extensions\Microsoft.TestPlatform.TestHostRuntimeProvider.dll
C:\Program Files\dotnet\sdk\6.0.200\Extensions\Microsoft.VisualStudio.TestPlatform.Extensions.Html.TestLogger.dll
C:\Program Files\dotnet\sdk\6.0.200\Extensions\Microsoft.VisualStudio.TestPlatform.Extensions.Trx.TestLogger.dll
TpTrace Information: 0 : 19376, 1, 2022/04/06, 14:25:57.224, 21665298887617, vstest.console.dll, AssemblyResolver.AddSearchDirectories: Adding more searchDirectories C:\Program Files\dotnet\sdk\6.0.200\Extensions,C:\Program Files\dotnet\sdk\6.0.200
TpTrace Information: 0 : 19376, 1, 2022/04/06, 14:25:57.224, 21665298887840, vstest.console.dll, AssemblyResolver.AddSearchDirectories: Adding more searchDirectories C:\Program Files\dotnet\sdk\6.0.200\Extensions,C:\Program Files\dotnet\sdk\6.0.200
TpTrace Information: 0 : 19376, 1, 2022/04/06, 14:25:57.224, 21665298888065, vstest.console.dll, AssemblyResolver.AddSearchDirectories: Adding more searchDirectories C:\Program Files\dotnet\sdk\6.0.200\Extensions,C:\Program Files\dotnet\sdk\6.0.200
TpTrace Information: 0 : 19376, 1, 2022/04/06, 14:25:57.224, 21665298888261, vstest.console.dll, AssemblyResolver.AddSearchDirectories: Adding more searchDirectories C:\Program Files\dotnet\sdk\6.0.200\Extensions,C:\Program Files\dotnet\sdk\6.0.200
TpTrace Information: 0 : 19376, 1, 2022/04/06, 14:25:57.224, 21665298888452, vstest.console.dll, AssemblyResolver.AddSearchDirectories: Adding more searchDirectories C:\Program Files\dotnet\sdk\6.0.200\Extensions,C:\Program Files\dotnet\sdk\6.0.200
TpTrace Information: 0 : 19376, 1, 2022/04/06, 14:25:57.225, 21665298888704, vstest.console.dll, AssemblyResolver.AddSearchDirectories: Adding more searchDirectories C:\Program Files\dotnet\sdk\6.0.200\Extensions,C:\Program Files\dotnet\sdk\6.0.200
TpTrace Information: 0 : 19376, 1, 2022/04/06, 14:25:57.225, 21665298888900, vstest.console.dll, AssemblyResolver.AddSearchDirectories: Adding more searchDirectories C:\Program Files\dotnet\sdk\6.0.200\Extensions,C:\Program Files\dotnet\sdk\6.0.200
TpTrace Information: 0 : 19376, 1, 2022/04/06, 14:25:57.225, 21665298889093, vstest.console.dll, AssemblyResolver.AddSearchDirectories: Adding more searchDirectories C:\Program Files\dotnet\sdk\6.0.200\Extensions,C:\Program Files\dotnet\sdk\6.0.200
TpTrace Information: 0 : 19376, 1, 2022/04/06, 14:25:57.225, 21665298891314, vstest.console.dll, AssemblyResolver.OnResolve: Microsoft.Bcl.AsyncInterfaces: Resolving assembly.
TpTrace Information: 0 : 19376, 1, 2022/04/06, 14:25:57.225, 21665298891603, vstest.console.dll, AssemblyResolver.OnResolve: Microsoft.Bcl.AsyncInterfaces: Resolved from cache.
TpTrace Verbose: 0 : 19376, 1, 2022/04/06, 14:25:57.225, 21665298891823, vstest.console.dll, CurrentDomainAssemblyResolve: Resolving assembly 'Microsoft.Bcl.AsyncInterfaces'.
TpTrace Information: 0 : 19376, 1, 2022/04/06, 14:25:57.225, 21665298892139, vstest.console.dll, AssemblyResolver.OnResolve: Microsoft.Bcl.AsyncInterfaces: Resolving assembly.
TpTrace Information: 0 : 19376, 1, 2022/04/06, 14:25:57.225, 21665298892339, vstest.console.dll, AssemblyResolver.OnResolve: Microsoft.Bcl.AsyncInterfaces: Resolved from cache.
TpTrace Verbose: 0 : 19376, 1, 2022/04/06, 14:25:57.225, 21665298892568, vstest.console.dll, CurrentDomainAssemblyResolve: Resolving assembly 'Microsoft.Bcl.AsyncInterfaces'.
TpTrace Verbose: 0 : 19376, 1, 2022/04/06, 14:25:57.225, 21665298892769, vstest.console.dll, CurrentDomainAssemblyResolve: Failed to resolve assembly 'Microsoft.Bcl.AsyncInterfaces'.
TpTrace Verbose: 0 : 19376, 1, 2022/04/06, 14:25:57.225, 21665298893805, vstest.console.dll, CurrentDomainAssemblyResolve: Failed to resolve assembly 'Microsoft.Bcl.AsyncInterfaces'.
TpTrace Warning: 0 : 19376, 1, 2022/04/06, 14:25:57.225, 21665298896138, vstest.console.dll, TestPluginDiscoverer: Failed to get types from assembly 'Microsoft.Diagnostics.NETCore.Client, Version=0.2.5.801, Culture=neutral, PublicKeyToken=31bf3856ad364e35'.  Skipping test extension scan for this assembly.  Error: System.Reflection.ReflectionTypeLoadException: Unable to load one or more of the requested types.
Could not load file or assembly 'Microsoft.Bcl.AsyncInterfaces, Version=1.0.0.0, Culture=neutral, PublicKeyToken=cc7b13ffcd2ddd51'. The system cannot find the file specified.
   at System.Reflection.RuntimeModule.GetTypes(RuntimeModule module)
   at System.Reflection.Assembly.GetTypes()
   at Microsoft.VisualStudio.TestPlatform.Common.ExtensionFramework.TestPluginDiscoverer.GetTestExtensionsFromAssembly[TPluginInfo,TExtension](Assembly assembly, Dictionary`2 pluginInfos)
System.IO.FileNotFoundException: Could not load file or assembly 'Microsoft.Bcl.AsyncInterfaces, Version=1.0.0.0, Culture=neutral, PublicKeyToken=cc7b13ffcd2ddd51'. The system cannot find the file specified.
File name: 'Microsoft.Bcl.AsyncInterfaces, Version=1.0.0.0, Culture=neutral, PublicKeyToken=cc7b13ffcd2ddd51'
 ---> System.IO.FileNotFoundException: Could not load file or assembly 'Microsoft.Bcl.AsyncInterfaces, Culture=neutral, PublicKeyToken=null'. The system cannot find the file specified.
File name: 'Microsoft.Bcl.AsyncInterfaces, Culture=neutral, PublicKeyToken=null'
   at System.Reflection.RuntimeAssembly.InternalLoad(ObjectHandleOnStack assemblyName, ObjectHandleOnStack requestingAssembly, StackCrawlMarkHandle stackMark, Boolean throwOnFileNotFound, ObjectHandleOnStack assemblyLoadContext, ObjectHandleOnStack retAssembly)
   at System.Reflection.RuntimeAssembly.InternalLoad(AssemblyName assemblyName, RuntimeAssembly requestingAssembly, StackCrawlMark& stackMark, Boolean throwOnFileNotFound, AssemblyLoadContext assemblyLoadContext)
   at System.Reflection.Assembly.Load(AssemblyName assemblyRef)
   at Microsoft.VisualStudio.TestPlatform.Common.ExtensionFramework.TestPluginCache.CurrentDomainAssemblyResolve(Object sender, AssemblyResolveEventArgs args)
   at Microsoft.VisualStudio.TestPlatform.PlatformAbstractions.PlatformAssemblyResolver.AssemblyResolverEvent(Object sender, Object eventArgs)
   at System.Runtime.Loader.AssemblyLoadContext.GetFirstResolvedAssemblyFromResolvingEvent(AssemblyName assemblyName)
   at System.Runtime.Loader.AssemblyLoadContext.ResolveUsingEvent(AssemblyName assemblyName)
   at System.Runtime.Loader.AssemblyLoadContext.ResolveUsingResolvingEvent(IntPtr gchManagedAssemblyLoadContext, AssemblyName assemblyName)
TpTrace Warning: 0 : 19376, 1, 2022/04/06, 14:25:57.225, 21665298897090, vstest.console.dll, LoaderExceptions: System.IO.FileNotFoundException: Could not load file or assembly 'Microsoft.Bcl.AsyncInterfaces, Version=1.0.0.0, Culture=neutral, PublicKeyToken=cc7b13ffcd2ddd51'. The system cannot find the file specified.
File name: 'Microsoft.Bcl.AsyncInterfaces, Version=1.0.0.0, Culture=neutral, PublicKeyToken=cc7b13ffcd2ddd51'
 ---> System.IO.FileNotFoundException: Could not load file or assembly 'Microsoft.Bcl.AsyncInterfaces, Culture=neutral, PublicKeyToken=null'. The system cannot find the file specified.
File name: 'Microsoft.Bcl.AsyncInterfaces, Culture=neutral, PublicKeyToken=null'
   at System.Reflection.RuntimeAssembly.InternalLoad(ObjectHandleOnStack assemblyName, ObjectHandleOnStack requestingAssembly, StackCrawlMarkHandle stackMark, Boolean throwOnFileNotFound, ObjectHandleOnStack assemblyLoadContext, ObjectHandleOnStack retAssembly)
   at System.Reflection.RuntimeAssembly.InternalLoad(AssemblyName assemblyName, RuntimeAssembly requestingAssembly, StackCrawlMark& stackMark, Boolean throwOnFileNotFound, AssemblyLoadContext assemblyLoadContext)
   at System.Reflection.Assembly.Load(AssemblyName assemblyRef)
   at Microsoft.VisualStudio.TestPlatform.Common.ExtensionFramework.TestPluginCache.CurrentDomainAssemblyResolve(Object sender, AssemblyResolveEventArgs args)
   at Microsoft.VisualStudio.TestPlatform.PlatformAbstractions.PlatformAssemblyResolver.AssemblyResolverEvent(Object sender, Object eventArgs)
   at System.Runtime.Loader.AssemblyLoadContext.GetFirstResolvedAssemblyFromResolvingEvent(AssemblyName assemblyName)
   at System.Runtime.Loader.AssemblyLoadContext.ResolveUsingEvent(AssemblyName assemblyName)
   at System.Runtime.Loader.AssemblyLoadContext.ResolveUsingResolvingEvent(IntPtr gchManagedAssemblyLoadContext, AssemblyName assemblyName)
TpTrace Verbose: 0 : 19376, 1, 2022/04/06, 14:25:57.226, 21665298899641, vstest.console.dll, TestPluginCache: Discovered the extensions using extension path ''.
TpTrace Verbose: 0 : 19376, 1, 2022/04/06, 14:25:57.226, 21665298899942, vstest.console.dll, TestPluginCache: Discoverers are ''.
TpTrace Verbose: 0 : 19376, 1, 2022/04/06, 14:25:57.226, 21665298900130, vstest.console.dll, TestPluginCache: Executors are ''.
TpTrace Verbose: 0 : 19376, 1, 2022/04/06, 14:25:57.226, 21665298900296, vstest.console.dll, TestPluginCache: Executors2 are ''.
TpTrace Verbose: 0 : 19376, 1, 2022/04/06, 14:25:57.226, 21665298900454, vstest.console.dll, TestPluginCache: Setting providers are ''.
TpTrace Verbose: 0 : 19376, 1, 2022/04/06, 14:25:57.226, 21665298900940, vstest.console.dll, TestPluginCache: Loggers are 'logger://Microsoft/TestPlatform/Extensions/Blame/v1,logger://Microsoft/TestPlatform/HtmlLogger/v1,logger://Microsoft/TestPlatform/TrxLogger/v1'.
TpTrace Information: 0 : 19376, 1, 2022/04/06, 14:25:57.226, 21665298905421, vstest.console.dll, TestPluginManager.CreateTestExtension: Attempting to load test extension: Microsoft.TestPlatform.Extensions.BlameDataCollector.BlameLogger
TpTrace Information: 0 : 19376, 1, 2022/04/06, 14:25:57.230, 21665298946195, vstest.console.dll, TestPluginManager.CreateTestExtension: Attempting to load test extension: Microsoft.VisualStudio.TestPlatform.CrossPlatEngine.Hosting.DefaultTestHostManager
TpTrace Information: 0 : 19376, 1, 2022/04/06, 14:25:57.231, 21665298952848, vstest.console.dll, TestPluginManager.CreateTestExtension: Attempting to load test extension: Microsoft.VisualStudio.TestPlatform.CrossPlatEngine.Hosting.DotnetTestHostManager
TpTrace Verbose: 0 : 19376, 1, 2022/04/06, 14:25:57.231, 21665298956662, vstest.console.dll, TestEngine: Initializing Parallel Execution as MaxCpuCount is set to: 1
TpTrace Information: 0 : 19376, 1, 2022/04/06, 14:25:57.232, 21665298960266, vstest.console.dll, InferRunSettingsHelper.IsTestSettingsEnabled: Unable to navigate to RunSettings/MSTest. Current node: RunSettings
TpTrace Verbose: 0 : 19376, 1, 2022/04/06, 14:25:57.239, 21665299038313, vstest.console.dll, TestRequestSender is acting as server
TpTrace Verbose: 0 : 19376, 5, 2022/04/06, 14:25:57.243, 21665299068914, vstest.console.dll, DataCollectionRequestSender.InitializeCommunication : Initialize communication. 
TpTrace Information: 0 : 19376, 5, 2022/04/06, 14:25:57.246, 21665299103513, vstest.console.dll, Listening on Endpoint : 127.0.0.1:57803
TpTrace Verbose: 0 : 19376, 5, 2022/04/06, 14:25:57.253, 21665299171766, vstest.console.dll, DotnetDataCollectionLauncher: Full path of dotnet.exe is C:\Program Files\dotnet\dotnet.exe
TpTrace Verbose: 0 : 19376, 5, 2022/04/06, 14:25:57.253, 21665299172766, vstest.console.dll, DotnetDataCollectionLauncher: Adding  --runtimeconfig "C:\Program Files\dotnet\sdk\6.0.200\datacollector.runtimeconfig.json" in args
TpTrace Verbose: 0 : 19376, 5, 2022/04/06, 14:25:57.253, 21665299173297, vstest.console.dll, DotnetDataCollectionLauncher: Adding  --depsfile "C:\Program Files\dotnet\sdk\6.0.200\datacollector.deps.json" in args
TpTrace Information: 0 : 19376, 5, 2022/04/06, 14:25:57.258, 21665299221395, vstest.console.dll, ProxyDataCollectionManager.Initialize: Launched datacollector processId: 10728 port: 57803
TpTrace Information: 0 : 19376, 5, 2022/04/06, 14:25:57.258, 21665299222457, vstest.console.dll, ProxyDataCollectionManager.Initialize: waiting for connection with timeout: 90 seconds
TpTrace Verbose: 0 : 19376, 5, 2022/04/06, 14:25:57.258, 21665299222881, vstest.console.dll, DataCollectionRequestSender.WaitForRequestHandlerConnection : Waiting for connection with timeout: 90000
TpTrace Information: 0 : 19376, 8, 2022/04/06, 14:25:57.334, 21665299982298, vstest.console.dll, Using the buffer size of 16384 bytes
TpTrace Verbose: 0 : 19376, 5, 2022/04/06, 14:25:57.334, 21665299982721, vstest.console.dll, ProxyDataCollectionManager.InvokeDataCollectionServiceAction: Starting.
TpTrace Information: 0 : 19376, 8, 2022/04/06, 14:25:57.334, 21665299982962, vstest.console.dll, Accepted Client request and set the flag
TpTrace Information: 0 : 19376, 5, 2022/04/06, 14:25:57.334, 21665299983998, vstest.console.dll, ProxyDataCollectionManager.BeforeTestRunStart: Get environment variable and port for datacollector processId: 10728 port: 57803
TpTrace Verbose: 0 : 19376, 5, 2022/04/06, 14:25:57.334, 21665299984858, vstest.console.dll, DataCollectionRequestSender.SendBeforeTestRunStartAndGetResult : Send BeforeTestRunStart message with settingsXml <RunSettings><RunConfiguration><ResultsDirectory>C:\Users\ilupa\Desktop\Lucru\Internship\Behavioral Design Pattern\BehavioralDesignPattern.NUnitTests\bin\Debug\net6.0\fine-code-coverage\coverage-tool-output</ResultsDirectory><TargetPlatform>X64</TargetPlatform><TargetFrameworkVersion>.NETCoreApp,Version=v6.0</TargetFrameworkVersion><DesignMode>False</DesignMode><CollectSourceInformation>False</CollectSourceInformation><TestAdaptersPaths>C:\Program Files\dotnet\sdk\6.0.200\Extensions</TestAdaptersPaths></RunConfiguration><LoggerRunSettings><Loggers><Logger friendlyName="blame" enabled="True" /><Logger friendlyName="Console" uri="logger://microsoft/TestPlatform/ConsoleLogger/v1" assemblyQualifiedName="Microsoft.VisualStudio.TestPlatform.CommandLine.Internal.ConsoleLogger, vstest.console, Version=15.0.0.0, Culture=neutral, PublicKeyToken=b03f5f7f11d50a3a" codeBase="C:\Program Files\dotnet\sdk\6.0.200\vstest.console.dll" enabled="True" /></Loggers></LoggerRunSettings><DataCollectionRunSettings><DataCollectors><DataCollector friendlyName="blame" enabled="True"><Configuration><ResultsDirectory>C:\Users\ilupa\Desktop\Lucru\Internship\Behavioral Design Pattern\BehavioralDesignPattern.NUnitTests\bin\Debug\net6.0\fine-code-coverage\coverage-tool-output</ResultsDirectory></Configuration></DataCollector></DataCollectors></DataCollectionRunSettings></RunSettings> and sources System.Linq.Enumerable+Concat2Iterator`1[System.String]: 
TpTrace Verbose: 0 : 19376, 5, 2022/04/06, 14:25:57.383, 21665300472672, vstest.console.dll, DataCollectionRequestSender.SendBeforeTestRunStartAndGetResult : Received message: (DataCollection.SendMessage) -> {
  "FriendlyName": null,
  "Uri": null,
  "TestCaseId": "00000000-0000-0000-0000-000000000000",
  "Message": "Logging DataCollector Diagnostics in file: C:\\Users\\ilupa\\Desktop\\Lucru\\Internship\\Behavioral Design Pattern\\BehavioralDesignPattern.NUnitTests\\bin\\Debug\\net6.0\\fine-code-coverage\\coverage-tool-output\\diagnostics.datacollector.22-04-06_14-25-57_25076_5.log",
  "Level": 0
}
TpTrace Verbose: 0 : 19376, 5, 2022/04/06, 14:25:57.433, 21665300968880, vstest.console.dll, DataCollectionRequestSender.SendBeforeTestRunStartAndGetResult : Received message: (DataCollection.BeforeTestRunStartResult) -> {
  "EnvironmentVariables": {},
  "DataCollectionEventsPort": 57805
}
TpTrace Information: 0 : 19376, 5, 2022/04/06, 14:25:57.436, 21665301006156, vstest.console.dll, ProxyDataCollectionManager.BeforeTestRunStart: SendBeforeTestRunStartAndGetResult successful, env variable from datacollector:   and testhost port: 57805
TpTrace Information: 0 : 19376, 5, 2022/04/06, 14:25:57.436, 21665301006860, vstest.console.dll, ProxyDataCollectionManager.InvokeDataCollectionServiceAction: Completed.
TpTrace Verbose: 0 : 19376, 1, 2022/04/06, 14:25:57.436, 21665301007756, vstest.console.dll, TestRunRequest.ExecuteAsync: Creating test run request.
TpTrace Verbose: 0 : 19376, 1, 2022/04/06, 14:25:57.437, 21665301009478, vstest.console.dll, TestRunRequest.ExecuteAsync: Starting.
TpTrace Information: 0 : 19376, 1, 2022/04/06, 14:25:57.437, 21665301011583, vstest.console.dll, TestRunRequest.ExecuteAsync: Starting run with settings:TestRunCriteria:
   KeepAlive=False,FrequencyOfRunStatsChangeEvent=10,RunStatsChangeEventTimeout=00:00:01.5000000,TestCaseFilter=,TestExecutorLauncher=
   Settingsxml=<RunSettings>
  <RunConfiguration>
    <ResultsDirectory>C:\Users\ilupa\Desktop\Lucru\Internship\Behavioral Design Pattern\BehavioralDesignPattern.NUnitTests\bin\Debug\net6.0\fine-code-coverage\coverage-tool-output</ResultsDirectory>
    <TargetPlatform>X64</TargetPlatform>
    <TargetFrameworkVersion>.NETCoreApp,Version=v6.0</TargetFrameworkVersion>
    <DesignMode>False</DesignMode>
    <CollectSourceInformation>False</CollectSourceInformation>
  </RunConfiguration>
  <LoggerRunSettings>
    <Loggers>
      <Logger friendlyName="blame" enabled="True" />
      <Logger friendlyName="Console" uri="logger://microsoft/TestPlatform/ConsoleLogger/v1" assemblyQualifiedName="Microsoft.VisualStudio.TestPlatform.CommandLine.Internal.ConsoleLogger, vstest.console, Version=15.0.0.0, Culture=neutral, PublicKeyToken=b03f5f7f11d50a3a" codeBase="C:\Program Files\dotnet\sdk\6.0.200\vstest.console.dll" enabled="True" />
    </Loggers>
  </LoggerRunSettings>
  <DataCollectionRunSettings>
    <DataCollectors>
      <DataCollector friendlyName="blame" enabled="True">
        <Configuration>
          <ResultsDirectory>C:\Users\ilupa\Desktop\Lucru\Internship\Behavioral Design Pattern\BehavioralDesignPattern.NUnitTests\bin\Debug\net6.0\fine-code-coverage\coverage-tool-output</ResultsDirectory>
        </Configuration>
      </DataCollector>
    </DataCollectors>
  </DataCollectionRunSettings>
</RunSettings>

TpTrace Verbose: 0 : 19376, 1, 2022/04/06, 14:25:57.437, 21665301011925, vstest.console.dll, TestRunRequest.ExecuteAsync: Wait for the first run request is over.
TpTrace Verbose: 0 : 19376, 1, 2022/04/06, 14:25:57.437, 21665301014499, vstest.console.dll, ParallelProxyExecutionManager: Start execution. Total sources: 1
TpTrace Information: 0 : 19376, 1, 2022/04/06, 14:25:57.438, 21665301019091, vstest.console.dll, ProxyParallelExecutionManager: Triggering test run for next source: C:\Users\ilupa\Desktop\Lucru\Internship\Behavioral Design Pattern\BehavioralDesignPattern.NUnitTests\bin\Debug\net6.0\fine-code-coverage\build-output\BehavioralDesignPattern.NUnitTests.dll
TpTrace Verbose: 0 : 19376, 5, 2022/04/06, 14:25:57.438, 21665301019932, vstest.console.dll, ParallelProxyExecutionManager: Execution started. Started clients: 1
TpTrace Verbose: 0 : 19376, 1, 2022/04/06, 14:25:57.438, 21665301020248, vstest.console.dll, ProxyParallelExecutionManager: No sources available for execution.
TpTrace Information: 0 : 19376, 1, 2022/04/06, 14:25:57.438, 21665301020548, vstest.console.dll, TestRunRequest.ExecuteAsync: Started.
TpTrace Verbose: 0 : 19376, 1, 2022/04/06, 14:25:57.438, 21665301020957, vstest.console.dll, TestRunRequest.WaitForCompletion: Waiting with timeout -1.
TpTrace Verbose: 0 : 19376, 5, 2022/04/06, 14:25:57.438, 21665301021659, vstest.console.dll, TestRunRequest:SendTestRunMessage: Starting.
TpTrace Information: 0 : 19376, 5, 2022/04/06, 14:25:57.438, 21665301022319, vstest.console.dll, TestRunRequest:SendTestRunMessage: Completed.
TpTrace Verbose: 0 : 19376, 5, 2022/04/06, 14:25:57.438, 21665301023839, vstest.console.dll, ProxyExecutionManager: Test host is always Lazy initialize.
TpTrace Verbose: 0 : 19376, 5, 2022/04/06, 14:25:57.438, 21665301025380, vstest.console.dll, TestRequestSender.InitializeCommunication: initialize communication. 
TpTrace Information: 0 : 19376, 5, 2022/04/06, 14:25:57.439, 21665301028723, vstest.console.dll, SocketServer.Start: Listening on endpoint : 127.0.0.1:57806
TpTrace Verbose: 0 : 19376, 5, 2022/04/06, 14:25:57.439, 21665301032711, vstest.console.dll, DotnetTestHostmanager.GetTestHostProcessStartInfo: Platform environment 'X64' target architecture 'X64' framework '.NETCoreApp,Version=v6.0' OS 'Windows'
TpTrace Verbose: 0 : 19376, 5, 2022/04/06, 14:25:57.439, 21665301037229, vstest.console.dll, DotnetTestHostmanager: Adding  --runtimeconfig "C:\Users\ilupa\Desktop\Lucru\Internship\Behavioral Design Pattern\BehavioralDesignPattern.NUnitTests\bin\Debug\net6.0\fine-code-coverage\build-output\BehavioralDesignPattern.NUnitTests.runtimeconfig.json" in args
TpTrace Verbose: 0 : 19376, 5, 2022/04/06, 14:25:57.439, 21665301038274, vstest.console.dll, DotnetTestHostmanager: Adding  --depsfile "C:\Users\ilupa\Desktop\Lucru\Internship\Behavioral Design Pattern\BehavioralDesignPattern.NUnitTests\bin\Debug\net6.0\fine-code-coverage\build-output\BehavioralDesignPattern.NUnitTests.deps.json" in args
TpTrace Verbose: 0 : 19376, 5, 2022/04/06, 14:25:57.441, 21665301051529, vstest.console.dll, DotnetTestHostmanager.IsWinOnArm: Current PROCESSOR_ARCHITECTURE from registry 'AMD64'
TpTrace Verbose: 0 : 19376, 5, 2022/04/06, 14:25:57.441, 21665301052198, vstest.console.dll, DotnetTestHostmanager.IsWinOnArm: Is Windows on ARM 'False'
TpTrace Verbose: 0 : 19376, 5, 2022/04/06, 14:25:57.441, 21665301052873, vstest.console.dll, DotnetTestHostManager: testhost.exe found at path: C:\Users\ilupa\Desktop\Lucru\Internship\Behavioral Design Pattern\BehavioralDesignPattern.NUnitTests\bin\Debug\net6.0\fine-code-coverage\build-output\testhost.exe
TpTrace Verbose: 0 : 19376, 5, 2022/04/06, 14:25:57.441, 21665301053185, vstest.console.dll, DotnetTestHostmanager: Full path of host exe is C:\Users\ilupa\Desktop\Lucru\Internship\Behavioral Design Pattern\BehavioralDesignPattern.NUnitTests\bin\Debug\net6.0\fine-code-coverage\build-output\testhost.exe
TpTrace Verbose: 0 : 19376, 5, 2022/04/06, 14:25:57.441, 21665301054055, vstest.console.dll, DotnetTestHostmanager.LaunchTestHostAsync: Found 'VSTEST_WINAPPHOST_DOTNET_ROOT' in env variables, value 'C:\Program Files\dotnet'
TpTrace Verbose: 0 : 19376, 7, 2022/04/06, 14:25:57.442, 21665301059074, vstest.console.dll, DotnetTestHostManager: Starting process 'C:\Users\ilupa\Desktop\Lucru\Internship\Behavioral Design Pattern\BehavioralDesignPattern.NUnitTests\bin\Debug\net6.0\fine-code-coverage\build-output\testhost.exe' with command line ' --runtimeconfig "C:\Users\ilupa\Desktop\Lucru\Internship\Behavioral Design Pattern\BehavioralDesignPattern.NUnitTests\bin\Debug\net6.0\fine-code-coverage\build-output\BehavioralDesignPattern.NUnitTests.runtimeconfig.json" --depsfile "C:\Users\ilupa\Desktop\Lucru\Internship\Behavioral Design Pattern\BehavioralDesignPattern.NUnitTests\bin\Debug\net6.0\fine-code-coverage\build-output\BehavioralDesignPattern.NUnitTests.deps.json" --port 57806 --endpoint 127.0.0.1:057806 --role client --parentprocessid 19376 --diag "C:\Users\ilupa\Desktop\Lucru\Internship\Behavioral Design Pattern\BehavioralDesignPattern.NUnitTests\bin\Debug\net6.0\fine-code-coverage\coverage-tool-output\diagnostics.host.22-04-06_14-25-57_43922_5.log" --tracelevel 4 --datacollectionport 57805 --telemetryoptedin false'
TpTrace Verbose: 0 : 19376, 7, 2022/04/06, 14:25:57.446, 21665301101956, vstest.console.dll, Test Runtime launched
TpTrace Verbose: 0 : 19376, 5, 2022/04/06, 14:25:57.446, 21665301107658, vstest.console.dll, TestRequestSender.WaitForRequestHandlerConnection: waiting for connection with timeout: 90000
TpTrace Verbose: 0 : 19376, 7, 2022/04/06, 14:25:57.539, 21665302037820, vstest.console.dll, SocketServer.OnClientConnected: Client connected for endPoint: 127.0.0.1:57806, starting MessageLoopAsync:
TpTrace Verbose: 0 : 19376, 14, 2022/04/06, 14:25:57.540, 21665302039588, vstest.console.dll, TcpClientExtensions.MessageLoopAsync: Polling on remoteEndPoint: 127.0.0.1:57807 localEndPoint: 127.0.0.1:57806
TpTrace Verbose: 0 : 19376, 5, 2022/04/06, 14:25:57.540, 21665302043362, vstest.console.dll, TestRequestSender.CheckVersionWithTestHost: Sending check version message: {"MessageType":"ProtocolVersion","Payload":5}
TpTrace Verbose: 0 : 19376, 14, 2022/04/06, 14:25:57.641, 21665303049806, vstest.console.dll, TcpClientExtensions.MessageLoopAsync: NotifyDataAvailable remoteEndPoint: 127.0.0.1:57807 localEndPoint: 127.0.0.1:57806
TpTrace Verbose: 0 : 19376, 14, 2022/04/06, 14:25:57.641, 21665303051486, vstest.console.dll, TestRequestSender.CheckVersionWithTestHost: onMessageReceived received message: (ProtocolVersion) -> 5
TpTrace Verbose: 0 : 19376, 14, 2022/04/06, 14:25:57.641, 21665303053820, vstest.console.dll, TcpClientExtensions.MessageLoopAsync: Polling on remoteEndPoint: 127.0.0.1:57807 localEndPoint: 127.0.0.1:57806
TpTrace Verbose: 0 : 19376, 5, 2022/04/06, 14:25:57.641, 21665303054313, vstest.console.dll, TestPluginCache.GetExtensionPaths: Filtered extension paths: 
TpTrace Verbose: 0 : 19376, 5, 2022/04/06, 14:25:57.641, 21665303054789, vstest.console.dll, TestPluginCache.GetExtensionPaths: Added default extension paths: C:\Program Files\dotnet\sdk\6.0.200\Extensions\DumpMinitool.exe
C:\Program Files\dotnet\sdk\6.0.200\Extensions\DumpMinitool.x86.exe
C:\Program Files\dotnet\sdk\6.0.200\Extensions\Microsoft.Diagnostics.NETCore.Client.dll
C:\Program Files\dotnet\sdk\6.0.200\Extensions\Microsoft.TestPlatform.Extensions.BlameDataCollector.dll
C:\Program Files\dotnet\sdk\6.0.200\Extensions\Microsoft.TestPlatform.Extensions.EventLogCollector.dll
C:\Program Files\dotnet\sdk\6.0.200\Extensions\Microsoft.TestPlatform.TestHostRuntimeProvider.dll
C:\Program Files\dotnet\sdk\6.0.200\Extensions\Microsoft.VisualStudio.TestPlatform.Extensions.Html.TestLogger.dll
C:\Program Files\dotnet\sdk\6.0.200\Extensions\Microsoft.VisualStudio.TestPlatform.Extensions.Trx.TestLogger.dll
TpTrace Verbose: 0 : 19376, 5, 2022/04/06, 14:25:57.641, 21665303055038, vstest.console.dll, TestPluginCache.GetExtensionPaths: Added unfilterableExtensionPaths: 
TpTrace Verbose: 0 : 19376, 5, 2022/04/06, 14:25:57.643, 21665303076231, vstest.console.dll, TestRequestSender.InitializeExecution: Sending initialize execution with message: {"Version":5,"MessageType":"TestExecution.Initialize","Payload":["C:\\Users\\ilupa\\Desktop\\Lucru\\Internship\\Behavioral Design Pattern\\BehavioralDesignPattern.NUnitTests\\bin\\Debug\\net6.0\\fine-code-coverage\\build-output\\NUnit3.TestAdapter.dll"]}
TpTrace Warning: 0 : 19376, 5, 2022/04/06, 14:25:57.644, 21665303078717, vstest.console.dll, InferRunSettingsHelper.MakeRunsettingsCompatible: Removing the following settings: TargetPlatform from RunSettings file. To use those settings please move to latest version of Microsoft.NET.Test.Sdk
TpTrace Verbose: 0 : 19376, 14, 2022/04/06, 14:25:57.648, 21665303125432, vstest.console.dll, TcpClientExtensions.MessageLoopAsync: NotifyDataAvailable remoteEndPoint: 127.0.0.1:57807 localEndPoint: 127.0.0.1:57806
TpTrace Verbose: 0 : 19376, 14, 2022/04/06, 14:25:57.648, 21665303126605, vstest.console.dll, TestRequestSender.OnExecutionMessageReceived: Received message: {"Version":5,"MessageType":"TestSession.Message","Payload":{"MessageLevel":0,"Message":"Logging TestHost Diagnostics in file: C:\\Users\\ilupa\\Desktop\\Lucru\\Internship\\Behavioral Design Pattern\\BehavioralDesignPattern.NUnitTests\\bin\\Debug\\net6.0\\fine-code-coverage\\coverage-tool-output\\diagnostics.host.22-04-06_14-25-57_43922_5.log"}}
TpTrace Verbose: 0 : 19376, 5, 2022/04/06, 14:25:57.649, 21665303137581, vstest.console.dll, TestRequestSender.StartTestRun: Sending test run with message: {"Version":5,"MessageType":"TestExecution.StartWithSources","Payload":{"AdapterSourceMap":{"_none_":["C:\\Users\\ilupa\\Desktop\\Lucru\\Internship\\Behavioral Design Pattern\\BehavioralDesignPattern.NUnitTests\\bin\\Debug\\net6.0\\fine-code-coverage\\build-output\\BehavioralDesignPattern.NUnitTests.dll"]},"RunSettings":"<RunSettings>\r\n  <RunConfiguration>\r\n    <ResultsDirectory>C:\\Users\\ilupa\\Desktop\\Lucru\\Internship\\Behavioral Design Pattern\\BehavioralDesignPattern.NUnitTests\\bin\\Debug\\net6.0\\fine-code-coverage\\coverage-tool-output</ResultsDirectory>\r\n    <TargetFrameworkVersion>.NETCoreApp,Version=v6.0</TargetFrameworkVersion>\r\n    <DesignMode>False</DesignMode>\r\n    <CollectSourceInformation>False</CollectSourceInformation>\r\n  </RunConfiguration>\r\n  <LoggerRunSettings>\r\n    <Loggers>\r\n      <Logger friendlyName=\"blame\" enabled=\"True\" />\r\n      <Logger friendlyName=\"Console\" uri=\"logger://microsoft/TestPlatform/ConsoleLogger/v1\" assemblyQualifiedName=\"Microsoft.VisualStudio.TestPlatform.CommandLine.Internal.ConsoleLogger, vstest.console, Version=15.0.0.0, Culture=neutral, PublicKeyToken=b03f5f7f11d50a3a\" codeBase=\"C:\\Program Files\\dotnet\\sdk\\6.0.200\\vstest.console.dll\" enabled=\"True\" />\r\n    </Loggers>\r\n  </LoggerRunSettings>\r\n  <DataCollectionRunSettings>\r\n    <DataCollectors>\r\n      <DataCollector friendlyName=\"blame\" enabled=\"True\">\r\n        <Configuration>\r\n          <ResultsDirectory>C:\\Users\\ilupa\\Desktop\\Lucru\\Internship\\Behavioral Design Pattern\\BehavioralDesignPattern.NUnitTests\\bin\\Debug\\net6.0\\fine-code-coverage\\coverage-tool-output</ResultsDirectory>\r\n        </Configuration>\r\n      </DataCollector>\r\n    </DataCollectors>\r\n  </DataCollectionRunSettings>\r\n</RunSettings>","TestExecutionContext":{"FrequencyOfRunStatsChangeEvent":10,"RunStatsChangeEventTimeout":"00:00:01.5000000","InIsolation":false,"KeepAlive":false,"AreTestCaseLevelEventsRequired":false,"IsDebug":false,"TestCaseFilter":null,"FilterOptions":null},"Package":null}}
TpTrace Verbose: 0 : 19376, 14, 2022/04/06, 14:25:57.650, 21665303140667, vstest.console.dll, TestRunRequest:SendTestRunMessage: Starting.
TpTrace Information: 0 : 19376, 14, 2022/04/06, 14:25:57.650, 21665303141299, vstest.console.dll, TestRunRequest:SendTestRunMessage: Completed.
TpTrace Verbose: 0 : 19376, 14, 2022/04/06, 14:25:57.650, 21665303141564, vstest.console.dll, TcpClientExtensions.MessageLoopAsync: Polling on remoteEndPoint: 127.0.0.1:57807 localEndPoint: 127.0.0.1:57806
TpTrace Verbose: 0 : 19376, 14, 2022/04/06, 14:25:57.774, 21665304384794, vstest.console.dll, TcpClientExtensions.MessageLoopAsync: NotifyDataAvailable remoteEndPoint: 127.0.0.1:57807 localEndPoint: 127.0.0.1:57806
TpTrace Verbose: 0 : 19376, 14, 2022/04/06, 14:25:57.774, 21665304385645, vstest.console.dll, TestRequestSender.OnExecutionMessageReceived: Received message: {"Version":5,"MessageType":"TestSession.Message","Payload":{"MessageLevel":0,"Message":"NUnit Adapter 4.0.0.0: Test execution started"}}
TpTrace Verbose: 0 : 19376, 14, 2022/04/06, 14:25:57.774, 21665304387184, vstest.console.dll, TestRunRequest:SendTestRunMessage: Starting.
TpTrace Information: 0 : 19376, 14, 2022/04/06, 14:25:57.774, 21665304387604, vstest.console.dll, TestRunRequest:SendTestRunMessage: Completed.
TpTrace Verbose: 0 : 19376, 14, 2022/04/06, 14:25:57.774, 21665304387834, vstest.console.dll, TcpClientExtensions.MessageLoopAsync: Polling on remoteEndPoint: 127.0.0.1:57807 localEndPoint: 127.0.0.1:57806
TpTrace Verbose: 0 : 19376, 14, 2022/04/06, 14:25:57.796, 21665304598835, vstest.console.dll, TcpClientExtensions.MessageLoopAsync: NotifyDataAvailable remoteEndPoint: 127.0.0.1:57807 localEndPoint: 127.0.0.1:57806
TpTrace Verbose: 0 : 19376, 14, 2022/04/06, 14:25:57.796, 21665304599620, vstest.console.dll, TestRequestSender.OnExecutionMessageReceived: Received message: {"Version":5,"MessageType":"TestSession.Message","Payload":{"MessageLevel":0,"Message":"Running all tests in C:\\Users\\ilupa\\Desktop\\Lucru\\Internship\\Behavioral Design Pattern\\BehavioralDesignPattern.NUnitTests\\bin\\Debug\\net6.0\\fine-code-coverage\\build-output\\BehavioralDesignPattern.NUnitTests.dll"}}
TpTrace Verbose: 0 : 19376, 14, 2022/04/06, 14:25:57.796, 21665304600846, vstest.console.dll, TestRunRequest:SendTestRunMessage: Starting.
TpTrace Information: 0 : 19376, 14, 2022/04/06, 14:25:57.796, 21665304601211, vstest.console.dll, TestRunRequest:SendTestRunMessage: Completed.
TpTrace Verbose: 0 : 19376, 14, 2022/04/06, 14:25:57.796, 21665304601837, vstest.console.dll, TcpClientExtensions.MessageLoopAsync: Polling on remoteEndPoint: 127.0.0.1:57807 localEndPoint: 127.0.0.1:57806
TpTrace Verbose: 0 : 19376, 14, 2022/04/06, 14:25:57.903, 21665305669615, vstest.console.dll, TcpClientExtensions.MessageLoopAsync: NotifyDataAvailable remoteEndPoint: 127.0.0.1:57807 localEndPoint: 127.0.0.1:57806
TpTrace Verbose: 0 : 19376, 14, 2022/04/06, 14:25:57.903, 21665305670695, vstest.console.dll, TestRequestSender.OnExecutionMessageReceived: Received message: {"Version":5,"MessageType":"TestSession.Message","Payload":{"MessageLevel":0,"Message":"   NUnit3TestExecutor discovered 3 of 3 NUnit test cases using Current Discovery mode, Non-Explicit run"}}
TpTrace Verbose: 0 : 19376, 14, 2022/04/06, 14:25:57.903, 21665305672529, vstest.console.dll, TestRunRequest:SendTestRunMessage: Starting.
TpTrace Information: 0 : 19376, 14, 2022/04/06, 14:25:57.903, 21665305672995, vstest.console.dll, TestRunRequest:SendTestRunMessage: Completed.
TpTrace Verbose: 0 : 19376, 14, 2022/04/06, 14:25:57.903, 21665305673292, vstest.console.dll, TcpClientExtensions.MessageLoopAsync: Polling on remoteEndPoint: 127.0.0.1:57807 localEndPoint: 127.0.0.1:57806
TpTrace Verbose: 0 : 19376, 14, 2022/04/06, 14:25:58.132, 21665307959509, vstest.console.dll, TcpClientExtensions.MessageLoopAsync: NotifyDataAvailable remoteEndPoint: 127.0.0.1:57807 localEndPoint: 127.0.0.1:57806
TpTrace Verbose: 0 : 19376, 14, 2022/04/06, 14:25:58.132, 21665307960598, vstest.console.dll, TestRequestSender.OnExecutionMessageReceived: Received message: {"Version":5,"MessageType":"TestSession.Message","Payload":{"MessageLevel":0,"Message":"NUnit Adapter 4.0.0.0: Test execution complete"}}
TpTrace Verbose: 0 : 19376, 14, 2022/04/06, 14:25:58.132, 21665307962246, vstest.console.dll, TestRunRequest:SendTestRunMessage: Starting.
TpTrace Information: 0 : 19376, 14, 2022/04/06, 14:25:58.132, 21665307962670, vstest.console.dll, TestRunRequest:SendTestRunMessage: Completed.
TpTrace Verbose: 0 : 19376, 14, 2022/04/06, 14:25:58.132, 21665307962963, vstest.console.dll, TcpClientExtensions.MessageLoopAsync: Polling on remoteEndPoint: 127.0.0.1:57807 localEndPoint: 127.0.0.1:57806
TpTrace Verbose: 0 : 19376, 14, 2022/04/06, 14:25:58.164, 21665308278912, vstest.console.dll, TcpClientExtensions.MessageLoopAsync: NotifyDataAvailable remoteEndPoint: 127.0.0.1:57807 localEndPoint: 127.0.0.1:57806
TpTrace Verbose: 0 : 19376, 14, 2022/04/06, 14:25:58.164, 21665308280227, vstest.console.dll, TestRequestSender.OnExecutionMessageReceived: Received message: {"Version":5,"MessageType":"TestExecution.Completed","Payload":{"TestRunCompleteArgs":{"TestRunStatistics":{"ExecutedTests":3,"Stats":{"Passed":3}},"IsCanceled":false,"IsAborted":false,"Error":null,"AttachmentSets":[],"ElapsedTimeInRunningTests":"00:00:00.3741954","Metrics":{}},"LastRunTests":{"NewTestResults":[{"TestCase":{"Id":"3473f67b-41c4-ed1f-9068-dce0e37e0394","FullyQualifiedName":"BehavioralDesignPattern.NUnitTests.Tests.ImportDataTest(1,\"Museum\",2)","DisplayName":"ImportDataTest(1,\"Museum\",2)","ExecutorUri":"executor://NUnit3TestExecutor","Source":"C:\\Users\\ilupa\\Desktop\\Lucru\\Internship\\Behavioral Design Pattern\\BehavioralDesignPattern.NUnitTests\\bin\\Debug\\net6.0\\fine-code-coverage\\build-output\\BehavioralDesignPattern.NUnitTests.dll","CodeFilePath":null,"LineNumber":0,"Properties":[{"Key":{"Id":"NUnit.Seed","Label":"Seed","Category":"","Description":"","Attributes":0,"ValueType":"System.String"},"Value":"353400911"}]},"Attachments":[],"Outcome":1,"ErrorMessage":null,"ErrorStackTrace":null,"DisplayName":"ImportDataTest(1,\"Museum\",2)","Messages":[],"ComputerName":"DESKTOP-4NUOG8A","Duration":"00:00:00.1798990","StartTime":"2022-04-06T11:25:57.9275145+00:00","EndTime":"2022-04-06T11:25:58.1073496+00:00","Properties":[{"Key":{"Id":"NUnit.Seed","Label":"Seed","Category":"","Description":"","Attributes":0,"ValueType":"System.String"},"Value":"353400911"}]},{"TestCase":{"Id":"452a1b1d-aacc-d9b0-deee-d2e50e0cc20f","FullyQualifiedName":"BehavioralDesignPattern.NUnitTests.Tests.ImportDataTest(2,\"Park\",1)","DisplayName":"ImportDataTest(2,\"Park\",1)","ExecutorUri":"executor://NUnit3TestExecutor","Source":"C:\\Users\\ilupa\\Desktop\\Lucru\\Internship\\Behavioral Design Pattern\\BehavioralDesignPattern.NUnitTests\\bin\\Debug\\net6.0\\fine-code-coverage\\build-output\\BehavioralDesignPattern.NUnitTests.dll","CodeFilePath":null,"LineNumber":0,"Properties":[{"Key":{"Id":"NUnit.Seed","Label":"Seed","Category":"","Description":"","Attributes":0,"ValueType":"System.String"},"Value":"1501729255"}]},"Attachments":[],"Outcome":1,"ErrorMessage":null,"ErrorStackTrace":null,"DisplayName":"ImportDataTest(2,\"Park\",1)","Messages":[],"ComputerName":"DESKTOP-4NUOG8A","Duration":"00:00:00.0011770","StartTime":"2022-04-06T11:25:58.1085736+00:00","EndTime":"2022-04-06T11:25:58.1097509+00:00","Properties":[{"Key":{"Id":"NUnit.Seed","Label":"Seed","Category":"","Description":"","Attributes":0,"ValueType":"System.String"},"Value":"1501729255"}]},{"TestCase":{"Id":"417e8061-6776-d227-a77b-4cfdc9abaefa","FullyQualifiedName":"BehavioralDesignPattern.NUnitTests.Tests.ImportDataTest(3,\"Famous Building\",0)","DisplayName":"ImportDataTest(3,\"Famous Building\",0)","ExecutorUri":"executor://NUnit3TestExecutor","Source":"C:\\Users\\ilupa\\Desktop\\Lucru\\Internship\\Behavioral Design Pattern\\BehavioralDesignPattern.NUnitTests\\bin\\Debug\\net6.0\\fine-code-coverage\\build-output\\BehavioralDesignPattern.NUnitTests.dll","CodeFilePath":null,"LineNumber":0,"Properties":[{"Key":{"Id":"NUnit.Seed","Label":"Seed","Category":"","Description":"","Attributes":0,"ValueType":"System.String"},"Value":"1615881848"}]},"Attachments":[],"Outcome":1,"ErrorMessage":null,"ErrorStackTrace":null,"DisplayName":"ImportDataTest(3,\"Famous Building\",0)","Messages":[],"ComputerName":"DESKTOP-4NUOG8A","Duration":"00:00:00.0002110","StartTime":"2022-04-06T11:25:58.1097642+00:00","EndTime":"2022-04-06T11:25:58.1099754+00:00","Properties":[{"Key":{"Id":"NUnit.Seed","Label":"Seed","Category":"","Description":"","Attributes":0,"ValueType":"System.String"},"Value":"1615881848"}]}],"TestRunStatistics":{"ExecutedTests":3,"Stats":{"Passed":3}},"ActiveTests":[]},"RunAttachments":[],"ExecutorUris":["executor://nunit3testexecutor/"]}}
TpTrace Verbose: 0 : 19376, 14, 2022/04/06, 14:25:58.164, 21665308284856, vstest.console.dll, TestRequestSender.EndSession: Sending end session.
TpTrace Verbose: 0 : 19376, 14, 2022/04/06, 14:25:58.164, 21665308285716, vstest.console.dll, ProxyOperationManager.Close: waiting for test host to exit for 100 ms
TpTrace Warning: 0 : 19376, 13, 2022/04/06, 14:25:58.180, 21665308443925, vstest.console.dll, TestHostManagerCallbacks.ErrorReceivedCallback Test host standard error line: 
TpTrace Verbose: 0 : 19376, 8, 2022/04/06, 14:25:58.184, 21665308483806, vstest.console.dll, TestHostProvider.ExitCallBack: Host exited starting callback.
TpTrace Information: 0 : 19376, 8, 2022/04/06, 14:25:58.184, 21665308487704, vstest.console.dll, TestHostManagerCallbacks.ExitCallBack: Testhost processId: 31896 exited with exitcode: 0 error: ''
TpTrace Verbose: 0 : 19376, 8, 2022/04/06, 14:25:58.184, 21665308488194, vstest.console.dll, DotnetTestHostManager.OnHostExited: invoking OnHostExited callback
TpTrace Verbose: 0 : 19376, 8, 2022/04/06, 14:25:58.185, 21665308488545, vstest.console.dll, CrossPlatEngine.TestHostManagerHostExited: calling on client process exit callback.
TpTrace Information: 0 : 19376, 8, 2022/04/06, 14:25:58.185, 21665308488929, vstest.console.dll, TestRequestSender.OnClientProcessExit: Test host process exited. Standard error: 
TpTrace Information: 0 : 19376, 8, 2022/04/06, 14:25:58.185, 21665308489196, vstest.console.dll, SocketServer.Stop: Stop server endPoint: 127.0.0.1:57806
TpTrace Information: 0 : 19376, 14, 2022/04/06, 14:25:58.185, 21665308489184, vstest.console.dll, SocketServer.Stop: Stop server endPoint: 127.0.0.1:57806
TpTrace Information: 0 : 19376, 8, 2022/04/06, 14:25:58.185, 21665308489387, vstest.console.dll, SocketServer.Stop: Cancellation requested. Stopping message loop.
TpTrace Information: 0 : 19376, 14, 2022/04/06, 14:25:58.185, 21665308489778, vstest.console.dll, SocketServer.Stop: Cancellation requested. Stopping message loop.
TpTrace Information: 0 : 19376, 14, 2022/04/06, 14:25:58.185, 21665308490731, vstest.console.dll, Closing the connection
TpTrace Warning: 0 : 19376, 14, 2022/04/06, 14:25:58.185, 21665308490973, vstest.console.dll, ProxyOperationManager: Timed out waiting for test host to exit. Will terminate process.
TpTrace Verbose: 0 : 19376, 14, 2022/04/06, 14:25:58.185, 21665308494272, vstest.console.dll, ProxyDataCollectionManager.InvokeDataCollectionServiceAction: Starting.
TpTrace Information: 0 : 19376, 14, 2022/04/06, 14:25:58.185, 21665308494965, vstest.console.dll, ProxyDataCollectionManager.AfterTestRunEnd: Get attachment set for datacollector processId: 10728 port: 57803
TpTrace Verbose: 0 : 19376, 14, 2022/04/06, 14:25:58.185, 21665308495432, vstest.console.dll, DataCollectionRequestSender.SendAfterTestRunStartAndGetResult : Send AfterTestRunEnd message with isCancelled: False
TpTrace Verbose: 0 : 19376, 14, 2022/04/06, 14:25:58.188, 21665308521144, vstest.console.dll, DataCollectionRequestSender.SendAfterTestRunStartAndGetResult : Received message: (DataCollection.AfterTestRunEndResult) -> {
  "AttachmentSets": [],
  "Metrics": {}
}
TpTrace Information: 0 : 19376, 14, 2022/04/06, 14:25:58.190, 21665308545442, vstest.console.dll, ProxyDataCollectionManager.InvokeDataCollectionServiceAction: Completed.
TpTrace Warning: 0 : 19376, 10, 2022/04/06, 14:25:58.190, 21665308547477, vstest.console.dll, DataCollectionLauncher.ErrorReceivedCallback datacollector standard error line: 
TpTrace Information: 0 : 19376, 8, 2022/04/06, 14:25:58.193, 21665308576098, vstest.console.dll, DataCollectionLauncher.ExitCallBack: Data collector exited with exitcode: 0 error: ''
TpTrace Verbose: 0 : 19376, 14, 2022/04/06, 14:25:58.228, 21665308920236, vstest.console.dll, TestRunRequest:SendTestRunStatsChange: Starting.
TpTrace Information: 0 : 19376, 14, 2022/04/06, 14:25:58.228, 21665308921797, vstest.console.dll, TestRunRequest:SendTestRunStatsChange: Completed.
TpTrace Verbose: 0 : 19376, 14, 2022/04/06, 14:25:58.228, 21665308923114, vstest.console.dll, ParallelProxyExecutionManager: HandlePartialRunComplete: Total completed clients = 1, Run complete = True, Run canceled: False.
TpTrace Verbose: 0 : 19376, 14, 2022/04/06, 14:25:58.241, 21665309049449, vstest.console.dll, TestRunRequest:TestRunComplete: Starting. IsAborted:False IsCanceled:False.
TpTrace Verbose: 0 : 19376, 14, 2022/04/06, 14:25:58.241, 21665309050504, vstest.console.dll, TestLoggerManager.HandleTestRunComplete: Ignoring as the object is disposed.
TpTrace Information: 0 : 19376, 14, 2022/04/06, 14:25:58.241, 21665309052028, vstest.console.dll, TestRunRequest:TestRunComplete: Completed.
TpTrace Verbose: 0 : 19376, 14, 2022/04/06, 14:25:58.241, 21665309052374, vstest.console.dll, TestRequestSender.SetOperationComplete: Setting operation complete.
TpTrace Verbose: 0 : 19376, 1, 2022/04/06, 14:25:58.241, 21665309052497, vstest.console.dll, TestRunRequest.Dispose: Starting.
TpTrace Information: 0 : 19376, 14, 2022/04/06, 14:25:58.241, 21665309052590, vstest.console.dll, SocketServer.Stop: Stop server endPoint: 127.0.0.1:57806
TpTrace Information: 0 : 19376, 14, 2022/04/06, 14:25:58.241, 21665309053265, vstest.console.dll, SocketServer.Stop: Cancellation requested. Stopping message loop.
TpTrace Information: 0 : 19376, 1, 2022/04/06, 14:25:58.241, 21665309053003, vstest.console.dll, TestRunRequest.Dispose: Completed.
TpTrace Information: 0 : 19376, 14, 2022/04/06, 14:25:58.241, 21665309053774, vstest.console.dll, SocketServer.PrivateStop: Stopping server endPoint: 127.0.0.1:57806 error: 
TpTrace Information: 0 : 19376, 1, 2022/04/06, 14:25:58.241, 21665309053935, vstest.console.dll, TestRequestManager.RunTests: run tests completed.
TpTrace Information: 0 : 19376, 1, 2022/04/06, 14:25:58.241, 21665309054514, vstest.console.dll, RunTestsArgumentProcessor:Execute: Test run is completed.
TpTrace Verbose: 0 : 19376, 1, 2022/04/06, 14:25:58.241, 21665309056067, vstest.console.dll, Executor.Execute: Exiting with exit code of 0
TpTrace Verbose: 0 : 19376, 14, 2022/04/06, 14:25:58.241, 21665309056409, vstest.console.dll, LengthPrefixCommunicationChannel.Dispose: Dispose reader and writer.
TpTrace Information: 0 : 19376, 14, 2022/04/06, 14:25:58.241, 21665309056889, vstest.console.dll, SocketServer.Stop: Raise disconnected event endPoint: 127.0.0.1:57806 error: 
TpTrace Verbose: 0 : 19376, 14, 2022/04/06, 14:25:58.241, 21665309057289, vstest.console.dll, TestRequestSender: OnTestRunAbort: Operation is already complete. Skip error message.
TpTrace Verbose: 0 : 19376, 14, 2022/04/06, 14:25:58.241, 21665309057515, vstest.console.dll, TcpClientExtensions.MessageLoopAsync: exiting MessageLoopAsync remoteEndPoint: 127.0.0.1:57807 localEndPoint: 127.0.0.1:57806
