TpTrace Verbose: 0 : 2500, 1, 2022/04/08, 13:00:04.320, 23341786409221, vstest.console.dll, Version: 17.1.0-release-20220113-05
TpTrace Information: 0 : 2500, 1, 2022/04/08, 13:00:04.327, 23341786467522, vstest.console.dll, FilePatternParser: The given file C:\Users\ilupa\Desktop\Lucru\Internship\Behavioral Design Pattern\BehavioralDesignPattern.XUnitTests\bin\Debug\net6.0\fine-code-coverage\build-output\BehavioralDesignPattern.XUnitTests.dll is a full path.
TpTrace Verbose: 0 : 2500, 1, 2022/04/08, 13:00:04.331, 23341786500141, vstest.console.dll, TestPluginCache.DiscoverTestExtensions: finding test extensions in assemblies ends with: RuntimeProvider.dll TPluginInfo: Microsoft.VisualStudio.TestPlatform.Common.ExtensionFramework.Utilities.TestRuntimePluginInformation TExtension: Microsoft.VisualStudio.TestPlatform.ObjectModel.Host.ITestRuntimeProvider
TpTrace Verbose: 0 : 2500, 1, 2022/04/08, 13:00:04.331, 23341786503195, vstest.console.dll, TestPluginCache.GetExtensionPaths: Filtered extension paths: 
TpTrace Verbose: 0 : 2500, 1, 2022/04/08, 13:00:04.331, 23341786503879, vstest.console.dll, TestPluginCache.GetExtensionPaths: Added default extension paths: C:\Program Files\dotnet\sdk\6.0.200\Extensions\DumpMinitool.exe
C:\Program Files\dotnet\sdk\6.0.200\Extensions\DumpMinitool.x86.exe
C:\Program Files\dotnet\sdk\6.0.200\Extensions\Microsoft.Diagnostics.NETCore.Client.dll
C:\Program Files\dotnet\sdk\6.0.200\Extensions\Microsoft.TestPlatform.Extensions.BlameDataCollector.dll
C:\Program Files\dotnet\sdk\6.0.200\Extensions\Microsoft.TestPlatform.Extensions.EventLogCollector.dll
C:\Program Files\dotnet\sdk\6.0.200\Extensions\Microsoft.TestPlatform.TestHostRuntimeProvider.dll
C:\Program Files\dotnet\sdk\6.0.200\Extensions\Microsoft.VisualStudio.TestPlatform.Extensions.Html.TestLogger.dll
C:\Program Files\dotnet\sdk\6.0.200\Extensions\Microsoft.VisualStudio.TestPlatform.Extensions.Trx.TestLogger.dll
TpTrace Verbose: 0 : 2500, 1, 2022/04/08, 13:00:04.331, 23341786504156, vstest.console.dll, TestPluginCache.GetExtensionPaths: Added unfilterableExtensionPaths: 
TpTrace Information: 0 : 2500, 1, 2022/04/08, 13:00:04.332, 23341786509775, vstest.console.dll, AssemblyResolver.ctor: Creating AssemblyResolver with searchDirectories C:\Program Files\dotnet\sdk\6.0.200\Extensions,C:\Program Files\dotnet\sdk\6.0.200
TpTrace Verbose: 0 : 2500, 1, 2022/04/08, 13:00:04.332, 23341786515071, vstest.console.dll, TestPluginCache.DiscoverTestExtensions: Discovering the extensions using extension path.
TpTrace Verbose: 0 : 2500, 1, 2022/04/08, 13:00:04.332, 23341786515811, vstest.console.dll, TestPluginCache.GetExtensionPaths: Filtered extension paths: 
TpTrace Verbose: 0 : 2500, 1, 2022/04/08, 13:00:04.332, 23341786516084, vstest.console.dll, TestPluginCache.GetExtensionPaths: Added default extension paths: C:\Program Files\dotnet\sdk\6.0.200\Extensions\DumpMinitool.exe
C:\Program Files\dotnet\sdk\6.0.200\Extensions\DumpMinitool.x86.exe
C:\Program Files\dotnet\sdk\6.0.200\Extensions\Microsoft.Diagnostics.NETCore.Client.dll
C:\Program Files\dotnet\sdk\6.0.200\Extensions\Microsoft.TestPlatform.Extensions.BlameDataCollector.dll
C:\Program Files\dotnet\sdk\6.0.200\Extensions\Microsoft.TestPlatform.Extensions.EventLogCollector.dll
C:\Program Files\dotnet\sdk\6.0.200\Extensions\Microsoft.TestPlatform.TestHostRuntimeProvider.dll
C:\Program Files\dotnet\sdk\6.0.200\Extensions\Microsoft.VisualStudio.TestPlatform.Extensions.Html.TestLogger.dll
C:\Program Files\dotnet\sdk\6.0.200\Extensions\Microsoft.VisualStudio.TestPlatform.Extensions.Trx.TestLogger.dll
TpTrace Verbose: 0 : 2500, 1, 2022/04/08, 13:00:04.332, 23341786516340, vstest.console.dll, TestPluginCache.GetExtensionPaths: Added unfilterableExtensionPaths: 
TpTrace Verbose: 0 : 2500, 1, 2022/04/08, 13:00:04.332, 23341786516739, vstest.console.dll, TestPluginCache.DiscoverTestExtensions: Discovering the extensions using allExtensionPaths: C:\Program Files\dotnet\sdk\6.0.200\Extensions\DumpMinitool.exe
C:\Program Files\dotnet\sdk\6.0.200\Extensions\DumpMinitool.x86.exe
C:\Program Files\dotnet\sdk\6.0.200\Extensions\Microsoft.Diagnostics.NETCore.Client.dll
C:\Program Files\dotnet\sdk\6.0.200\Extensions\Microsoft.TestPlatform.Extensions.BlameDataCollector.dll
C:\Program Files\dotnet\sdk\6.0.200\Extensions\Microsoft.TestPlatform.Extensions.EventLogCollector.dll
C:\Program Files\dotnet\sdk\6.0.200\Extensions\Microsoft.TestPlatform.TestHostRuntimeProvider.dll
C:\Program Files\dotnet\sdk\6.0.200\Extensions\Microsoft.VisualStudio.TestPlatform.Extensions.Html.TestLogger.dll
C:\Program Files\dotnet\sdk\6.0.200\Extensions\Microsoft.VisualStudio.TestPlatform.Extensions.Trx.TestLogger.dll
TpTrace Information: 0 : 2500, 1, 2022/04/08, 13:00:04.332, 23341786517766, vstest.console.dll, AssemblyResolver.AddSearchDirectories: Adding more searchDirectories C:\Program Files\dotnet\sdk\6.0.200\Extensions,C:\Program Files\dotnet\sdk\6.0.200
TpTrace Information: 0 : 2500, 1, 2022/04/08, 13:00:04.332, 23341786518138, vstest.console.dll, AssemblyResolver.AddSearchDirectories: Adding more searchDirectories C:\Program Files\dotnet\sdk\6.0.200\Extensions,C:\Program Files\dotnet\sdk\6.0.200
TpTrace Information: 0 : 2500, 1, 2022/04/08, 13:00:04.332, 23341786518402, vstest.console.dll, AssemblyResolver.AddSearchDirectories: Adding more searchDirectories C:\Program Files\dotnet\sdk\6.0.200\Extensions,C:\Program Files\dotnet\sdk\6.0.200
TpTrace Information: 0 : 2500, 1, 2022/04/08, 13:00:04.332, 23341786518608, vstest.console.dll, AssemblyResolver.AddSearchDirectories: Adding more searchDirectories C:\Program Files\dotnet\sdk\6.0.200\Extensions,C:\Program Files\dotnet\sdk\6.0.200
TpTrace Information: 0 : 2500, 1, 2022/04/08, 13:00:04.333, 23341786518807, vstest.console.dll, AssemblyResolver.AddSearchDirectories: Adding more searchDirectories C:\Program Files\dotnet\sdk\6.0.200\Extensions,C:\Program Files\dotnet\sdk\6.0.200
TpTrace Information: 0 : 2500, 1, 2022/04/08, 13:00:04.333, 23341786519038, vstest.console.dll, AssemblyResolver.AddSearchDirectories: Adding more searchDirectories C:\Program Files\dotnet\sdk\6.0.200\Extensions,C:\Program Files\dotnet\sdk\6.0.200
TpTrace Information: 0 : 2500, 1, 2022/04/08, 13:00:04.333, 23341786519236, vstest.console.dll, AssemblyResolver.AddSearchDirectories: Adding more searchDirectories C:\Program Files\dotnet\sdk\6.0.200\Extensions,C:\Program Files\dotnet\sdk\6.0.200
TpTrace Information: 0 : 2500, 1, 2022/04/08, 13:00:04.333, 23341786519433, vstest.console.dll, AssemblyResolver.AddSearchDirectories: Adding more searchDirectories C:\Program Files\dotnet\sdk\6.0.200\Extensions,C:\Program Files\dotnet\sdk\6.0.200
TpTrace Information: 0 : 2500, 1, 2022/04/08, 13:00:04.333, 23341786521561, vstest.console.dll, AssemblyResolver.OnResolve: DumpMinitool: Resolving assembly.
TpTrace Information: 0 : 2500, 1, 2022/04/08, 13:00:04.333, 23341786522015, vstest.console.dll, AssemblyResolver.OnResolve: DumpMinitool: Searching in: 'C:\Program Files\dotnet\sdk\6.0.200\Extensions'.
TpTrace Information: 0 : 2500, 1, 2022/04/08, 13:00:04.333, 23341786522691, vstest.console.dll, AssemblyResolver.OnResolve: DumpMinitool: Assembly path does not exist: 'C:\Program Files\dotnet\sdk\6.0.200\Extensions\DumpMinitool.dll', returning.
TpTrace Information: 0 : 2500, 1, 2022/04/08, 13:00:04.333, 23341786526155, vstest.console.dll, AssemblyResolver.OnResolve: DumpMinitool: Loading assembly 'C:\Program Files\dotnet\sdk\6.0.200\Extensions\DumpMinitool.exe'.
TpTrace Information: 0 : 2500, 1, 2022/04/08, 13:00:04.334, 23341786529529, vstest.console.dll, AssemblyResolver.OnResolve: Resolved assembly: DumpMinitool, from path: C:\Program Files\dotnet\sdk\6.0.200\Extensions\DumpMinitool.exe
TpTrace Information: 0 : 2500, 1, 2022/04/08, 13:00:04.337, 23341786560641, vstest.console.dll, AssemblyResolver.OnResolve: DumpMinitool.x86: Resolving assembly.
TpTrace Information: 0 : 2500, 1, 2022/04/08, 13:00:04.337, 23341786561071, vstest.console.dll, AssemblyResolver.OnResolve: DumpMinitool.x86: Searching in: 'C:\Program Files\dotnet\sdk\6.0.200\Extensions'.
TpTrace Information: 0 : 2500, 1, 2022/04/08, 13:00:04.337, 23341786561669, vstest.console.dll, AssemblyResolver.OnResolve: DumpMinitool.x86: Assembly path does not exist: 'C:\Program Files\dotnet\sdk\6.0.200\Extensions\DumpMinitool.x86.dll', returning.
TpTrace Information: 0 : 2500, 1, 2022/04/08, 13:00:04.337, 23341786565149, vstest.console.dll, AssemblyResolver.OnResolve: DumpMinitool.x86: Loading assembly 'C:\Program Files\dotnet\sdk\6.0.200\Extensions\DumpMinitool.x86.exe'.
TpTrace Information: 0 : 2500, 1, 2022/04/08, 13:00:04.338, 23341786568869, vstest.console.dll, AssemblyResolver.OnResolve: Resolved assembly: DumpMinitool.x86, from path: C:\Program Files\dotnet\sdk\6.0.200\Extensions\DumpMinitool.x86.exe
TpTrace Information: 0 : 2500, 1, 2022/04/08, 13:00:04.338, 23341786570707, vstest.console.dll, AssemblyResolver.OnResolve: Microsoft.Diagnostics.NETCore.Client: Resolving assembly.
TpTrace Information: 0 : 2500, 1, 2022/04/08, 13:00:04.338, 23341786571052, vstest.console.dll, AssemblyResolver.OnResolve: Microsoft.Diagnostics.NETCore.Client: Searching in: 'C:\Program Files\dotnet\sdk\6.0.200\Extensions'.
TpTrace Information: 0 : 2500, 1, 2022/04/08, 13:00:04.338, 23341786574178, vstest.console.dll, AssemblyResolver.OnResolve: Microsoft.Diagnostics.NETCore.Client: Loading assembly 'C:\Program Files\dotnet\sdk\6.0.200\Extensions\Microsoft.Diagnostics.NETCore.Client.dll'.
TpTrace Information: 0 : 2500, 1, 2022/04/08, 13:00:04.338, 23341786578316, vstest.console.dll, AssemblyResolver.OnResolve: Resolved assembly: Microsoft.Diagnostics.NETCore.Client, from path: C:\Program Files\dotnet\sdk\6.0.200\Extensions\Microsoft.Diagnostics.NETCore.Client.dll
TpTrace Information: 0 : 2500, 1, 2022/04/08, 13:00:04.340, 23341786592986, vstest.console.dll, AssemblyResolver.OnResolve: Microsoft.Bcl.AsyncInterfaces: Resolving assembly.
TpTrace Information: 0 : 2500, 1, 2022/04/08, 13:00:04.340, 23341786593422, vstest.console.dll, AssemblyResolver.OnResolve: Microsoft.Bcl.AsyncInterfaces: Searching in: 'C:\Program Files\dotnet\sdk\6.0.200\Extensions'.
TpTrace Information: 0 : 2500, 1, 2022/04/08, 13:00:04.340, 23341786593995, vstest.console.dll, AssemblyResolver.OnResolve: Microsoft.Bcl.AsyncInterfaces: Assembly path does not exist: 'C:\Program Files\dotnet\sdk\6.0.200\Extensions\Microsoft.Bcl.AsyncInterfaces.dll', returning.
TpTrace Information: 0 : 2500, 1, 2022/04/08, 13:00:04.340, 23341786594507, vstest.console.dll, AssemblyResolver.OnResolve: Microsoft.Bcl.AsyncInterfaces: Assembly path does not exist: 'C:\Program Files\dotnet\sdk\6.0.200\Extensions\Microsoft.Bcl.AsyncInterfaces.exe', returning.
TpTrace Information: 0 : 2500, 1, 2022/04/08, 13:00:04.340, 23341786594729, vstest.console.dll, AssemblyResolver.OnResolve: Microsoft.Bcl.AsyncInterfaces: Searching in: 'C:\Program Files\dotnet\sdk\6.0.200'.
TpTrace Information: 0 : 2500, 1, 2022/04/08, 13:00:04.340, 23341786595183, vstest.console.dll, AssemblyResolver.OnResolve: Microsoft.Bcl.AsyncInterfaces: Assembly path does not exist: 'C:\Program Files\dotnet\sdk\6.0.200\Microsoft.Bcl.AsyncInterfaces.dll', returning.
TpTrace Information: 0 : 2500, 1, 2022/04/08, 13:00:04.340, 23341786595647, vstest.console.dll, AssemblyResolver.OnResolve: Microsoft.Bcl.AsyncInterfaces: Assembly path does not exist: 'C:\Program Files\dotnet\sdk\6.0.200\Microsoft.Bcl.AsyncInterfaces.exe', returning.
TpTrace Information: 0 : 2500, 1, 2022/04/08, 13:00:04.340, 23341786595910, vstest.console.dll, AssemblyResolver.OnResolve: Microsoft.Bcl.AsyncInterfaces: Failed to load assembly.
TpTrace Verbose: 0 : 2500, 1, 2022/04/08, 13:00:04.340, 23341786596192, vstest.console.dll, CurrentDomainAssemblyResolve: Resolving assembly 'Microsoft.Bcl.AsyncInterfaces'.
TpTrace Information: 0 : 2500, 1, 2022/04/08, 13:00:04.340, 23341786596578, vstest.console.dll, AssemblyResolver.OnResolve: Microsoft.Bcl.AsyncInterfaces: Resolving assembly.
TpTrace Information: 0 : 2500, 1, 2022/04/08, 13:00:04.340, 23341786596850, vstest.console.dll, AssemblyResolver.OnResolve: Microsoft.Bcl.AsyncInterfaces: Resolved from cache.
TpTrace Verbose: 0 : 2500, 1, 2022/04/08, 13:00:04.340, 23341786597075, vstest.console.dll, CurrentDomainAssemblyResolve: Resolving assembly 'Microsoft.Bcl.AsyncInterfaces'.
TpTrace Verbose: 0 : 2500, 1, 2022/04/08, 13:00:04.340, 23341786597378, vstest.console.dll, CurrentDomainAssemblyResolve: Failed to resolve assembly 'Microsoft.Bcl.AsyncInterfaces'.
TpTrace Verbose: 0 : 2500, 1, 2022/04/08, 13:00:04.341, 23341786599857, vstest.console.dll, CurrentDomainAssemblyResolve: Failed to resolve assembly 'Microsoft.Bcl.AsyncInterfaces'.
TpTrace Warning: 0 : 2500, 1, 2022/04/08, 13:00:04.350, 23341786697188, vstest.console.dll, TestPluginDiscoverer: Failed to get types from assembly 'Microsoft.Diagnostics.NETCore.Client, Version=0.2.5.801, Culture=neutral, PublicKeyToken=31bf3856ad364e35'.  Skipping test extension scan for this assembly.  Error: System.Reflection.ReflectionTypeLoadException: Unable to load one or more of the requested types.
Could not load file or assembly 'Microsoft.Bcl.AsyncInterfaces, Version=1.0.0.0, Culture=neutral, PublicKeyToken=cc7b13ffcd2ddd51'. The system cannot find the file specified.
   at System.Reflection.RuntimeModule.GetTypes(RuntimeModule module)
   at System.Reflection.Assembly.GetTypes()
   at Microsoft.VisualStudio.TestPlatform.Common.ExtensionFramework.TestPluginDiscoverer.GetTestExtensionsFromAssembly[TPluginInfo,TExtension](Assembly assembly, Dictionary`2 pluginInfos)
System.IO.FileNotFoundException: Could not load file or assembly 'Microsoft.Bcl.AsyncInterfaces, Version=1.0.0.0, Culture=neutral, PublicKeyToken=cc7b13ffcd2ddd51'. The system cannot find the file specified.
File name: 'Microsoft.Bcl.AsyncInterfaces, Version=1.0.0.0, Culture=neutral, PublicKeyToken=cc7b13ffcd2ddd51'
 ---> System.IO.FileNotFoundException: Could not load file or assembly 'Microsoft.Bcl.AsyncInterfaces, Culture=neutral, PublicKeyToken=null'. The system cannot find the file specified.
File name: 'Microsoft.Bcl.AsyncInterfaces, Culture=neutral, PublicKeyToken=null'
   at System.Reflection.RuntimeAssembly.InternalLoad(ObjectHandleOnStack assemblyName, ObjectHandleOnStack requestingAssembly, StackCrawlMarkHandle stackMark, Boolean throwOnFileNotFound, ObjectHandleOnStack assemblyLoadContext, ObjectHandleOnStack retAssembly)
   at System.Reflection.RuntimeAssembly.InternalLoad(AssemblyName assemblyName, RuntimeAssembly requestingAssembly, StackCrawlMark& stackMark, Boolean throwOnFileNotFound, AssemblyLoadContext assemblyLoadContext)
   at System.Reflection.Assembly.Load(AssemblyName assemblyRef)
   at Microsoft.VisualStudio.TestPlatform.Common.ExtensionFramework.TestPluginCache.CurrentDomainAssemblyResolve(Object sender, AssemblyResolveEventArgs args)
   at Microsoft.VisualStudio.TestPlatform.PlatformAbstractions.PlatformAssemblyResolver.AssemblyResolverEvent(Object sender, Object eventArgs)
   at System.Runtime.Loader.AssemblyLoadContext.GetFirstResolvedAssemblyFromResolvingEvent(AssemblyName assemblyName)
   at System.Runtime.Loader.AssemblyLoadContext.ResolveUsingEvent(AssemblyName assemblyName)
   at System.Runtime.Loader.AssemblyLoadContext.ResolveUsingResolvingEvent(IntPtr gchManagedAssemblyLoadContext, AssemblyName assemblyName)
TpTrace Warning: 0 : 2500, 1, 2022/04/08, 13:00:04.350, 23341786698572, vstest.console.dll, LoaderExceptions: System.IO.FileNotFoundException: Could not load file or assembly 'Microsoft.Bcl.AsyncInterfaces, Version=1.0.0.0, Culture=neutral, PublicKeyToken=cc7b13ffcd2ddd51'. The system cannot find the file specified.
File name: 'Microsoft.Bcl.AsyncInterfaces, Version=1.0.0.0, Culture=neutral, PublicKeyToken=cc7b13ffcd2ddd51'
 ---> System.IO.FileNotFoundException: Could not load file or assembly 'Microsoft.Bcl.AsyncInterfaces, Culture=neutral, PublicKeyToken=null'. The system cannot find the file specified.
File name: 'Microsoft.Bcl.AsyncInterfaces, Culture=neutral, PublicKeyToken=null'
   at System.Reflection.RuntimeAssembly.InternalLoad(ObjectHandleOnStack assemblyName, ObjectHandleOnStack requestingAssembly, StackCrawlMarkHandle stackMark, Boolean throwOnFileNotFound, ObjectHandleOnStack assemblyLoadContext, ObjectHandleOnStack retAssembly)
   at System.Reflection.RuntimeAssembly.InternalLoad(AssemblyName assemblyName, RuntimeAssembly requestingAssembly, StackCrawlMark& stackMark, Boolean throwOnFileNotFound, AssemblyLoadContext assemblyLoadContext)
   at System.Reflection.Assembly.Load(AssemblyName assemblyRef)
   at Microsoft.VisualStudio.TestPlatform.Common.ExtensionFramework.TestPluginCache.CurrentDomainAssemblyResolve(Object sender, AssemblyResolveEventArgs args)
   at Microsoft.VisualStudio.TestPlatform.PlatformAbstractions.PlatformAssemblyResolver.AssemblyResolverEvent(Object sender, Object eventArgs)
   at System.Runtime.Loader.AssemblyLoadContext.GetFirstResolvedAssemblyFromResolvingEvent(AssemblyName assemblyName)
   at System.Runtime.Loader.AssemblyLoadContext.ResolveUsingEvent(AssemblyName assemblyName)
   at System.Runtime.Loader.AssemblyLoadContext.ResolveUsingResolvingEvent(IntPtr gchManagedAssemblyLoadContext, AssemblyName assemblyName)
TpTrace Information: 0 : 2500, 1, 2022/04/08, 13:00:04.351, 23341786699547, vstest.console.dll, AssemblyResolver.OnResolve: Microsoft.TestPlatform.Extensions.BlameDataCollector: Resolving assembly.
TpTrace Information: 0 : 2500, 1, 2022/04/08, 13:00:04.351, 23341786699854, vstest.console.dll, AssemblyResolver.OnResolve: Microsoft.TestPlatform.Extensions.BlameDataCollector: Searching in: 'C:\Program Files\dotnet\sdk\6.0.200\Extensions'.
TpTrace Information: 0 : 2500, 1, 2022/04/08, 13:00:04.351, 23341786702633, vstest.console.dll, AssemblyResolver.OnResolve: Microsoft.TestPlatform.Extensions.BlameDataCollector: Loading assembly 'C:\Program Files\dotnet\sdk\6.0.200\Extensions\Microsoft.TestPlatform.Extensions.BlameDataCollector.dll'.
TpTrace Information: 0 : 2500, 1, 2022/04/08, 13:00:04.351, 23341786706011, vstest.console.dll, AssemblyResolver.OnResolve: Resolved assembly: Microsoft.TestPlatform.Extensions.BlameDataCollector, from path: C:\Program Files\dotnet\sdk\6.0.200\Extensions\Microsoft.TestPlatform.Extensions.BlameDataCollector.dll
TpTrace Information: 0 : 2500, 1, 2022/04/08, 13:00:04.352, 23341786710540, vstest.console.dll, AssemblyResolver.OnResolve: Microsoft.TestPlatform.Extensions.EventLogCollector: Resolving assembly.
TpTrace Information: 0 : 2500, 1, 2022/04/08, 13:00:04.352, 23341786710968, vstest.console.dll, AssemblyResolver.OnResolve: Microsoft.TestPlatform.Extensions.EventLogCollector: Searching in: 'C:\Program Files\dotnet\sdk\6.0.200\Extensions'.
TpTrace Information: 0 : 2500, 1, 2022/04/08, 13:00:04.352, 23341786714419, vstest.console.dll, AssemblyResolver.OnResolve: Microsoft.TestPlatform.Extensions.EventLogCollector: Loading assembly 'C:\Program Files\dotnet\sdk\6.0.200\Extensions\Microsoft.TestPlatform.Extensions.EventLogCollector.dll'.
TpTrace Information: 0 : 2500, 1, 2022/04/08, 13:00:04.352, 23341786717295, vstest.console.dll, AssemblyResolver.OnResolve: Resolved assembly: Microsoft.TestPlatform.Extensions.EventLogCollector, from path: C:\Program Files\dotnet\sdk\6.0.200\Extensions\Microsoft.TestPlatform.Extensions.EventLogCollector.dll
TpTrace Information: 0 : 2500, 1, 2022/04/08, 13:00:04.353, 23341786721709, vstest.console.dll, AssemblyResolver.OnResolve: Microsoft.TestPlatform.TestHostRuntimeProvider: Resolving assembly.
TpTrace Information: 0 : 2500, 1, 2022/04/08, 13:00:04.353, 23341786722085, vstest.console.dll, AssemblyResolver.OnResolve: Microsoft.TestPlatform.TestHostRuntimeProvider: Searching in: 'C:\Program Files\dotnet\sdk\6.0.200\Extensions'.
TpTrace Information: 0 : 2500, 1, 2022/04/08, 13:00:04.353, 23341786724270, vstest.console.dll, AssemblyResolver.OnResolve: Microsoft.TestPlatform.TestHostRuntimeProvider: Loading assembly 'C:\Program Files\dotnet\sdk\6.0.200\Extensions\Microsoft.TestPlatform.TestHostRuntimeProvider.dll'.
TpTrace Information: 0 : 2500, 1, 2022/04/08, 13:00:04.353, 23341786726940, vstest.console.dll, AssemblyResolver.OnResolve: Resolved assembly: Microsoft.TestPlatform.TestHostRuntimeProvider, from path: C:\Program Files\dotnet\sdk\6.0.200\Extensions\Microsoft.TestPlatform.TestHostRuntimeProvider.dll
TpTrace Information: 0 : 2500, 1, 2022/04/08, 13:00:04.354, 23341786734944, vstest.console.dll, AssemblyResolver.OnResolve: Microsoft.VisualStudio.TestPlatform.Extensions.Html.TestLogger: Resolving assembly.
TpTrace Information: 0 : 2500, 1, 2022/04/08, 13:00:04.354, 23341786735348, vstest.console.dll, AssemblyResolver.OnResolve: Microsoft.VisualStudio.TestPlatform.Extensions.Html.TestLogger: Searching in: 'C:\Program Files\dotnet\sdk\6.0.200\Extensions'.
TpTrace Information: 0 : 2500, 1, 2022/04/08, 13:00:04.354, 23341786738623, vstest.console.dll, AssemblyResolver.OnResolve: Microsoft.VisualStudio.TestPlatform.Extensions.Html.TestLogger: Loading assembly 'C:\Program Files\dotnet\sdk\6.0.200\Extensions\Microsoft.VisualStudio.TestPlatform.Extensions.Html.TestLogger.dll'.
TpTrace Information: 0 : 2500, 1, 2022/04/08, 13:00:04.355, 23341786741736, vstest.console.dll, AssemblyResolver.OnResolve: Resolved assembly: Microsoft.VisualStudio.TestPlatform.Extensions.Html.TestLogger, from path: C:\Program Files\dotnet\sdk\6.0.200\Extensions\Microsoft.VisualStudio.TestPlatform.Extensions.Html.TestLogger.dll
TpTrace Information: 0 : 2500, 1, 2022/04/08, 13:00:04.355, 23341786743696, vstest.console.dll, AssemblyResolver.OnResolve: Microsoft.VisualStudio.TestPlatform.Extensions.Trx.TestLogger: Resolving assembly.
TpTrace Information: 0 : 2500, 1, 2022/04/08, 13:00:04.355, 23341786744069, vstest.console.dll, AssemblyResolver.OnResolve: Microsoft.VisualStudio.TestPlatform.Extensions.Trx.TestLogger: Searching in: 'C:\Program Files\dotnet\sdk\6.0.200\Extensions'.
TpTrace Information: 0 : 2500, 1, 2022/04/08, 13:00:04.355, 23341786746990, vstest.console.dll, AssemblyResolver.OnResolve: Microsoft.VisualStudio.TestPlatform.Extensions.Trx.TestLogger: Loading assembly 'C:\Program Files\dotnet\sdk\6.0.200\Extensions\Microsoft.VisualStudio.TestPlatform.Extensions.Trx.TestLogger.dll'.
TpTrace Information: 0 : 2500, 1, 2022/04/08, 13:00:04.356, 23341786749961, vstest.console.dll, AssemblyResolver.OnResolve: Resolved assembly: Microsoft.VisualStudio.TestPlatform.Extensions.Trx.TestLogger, from path: C:\Program Files\dotnet\sdk\6.0.200\Extensions\Microsoft.VisualStudio.TestPlatform.Extensions.Trx.TestLogger.dll
TpTrace Verbose: 0 : 2500, 1, 2022/04/08, 13:00:04.356, 23341786753389, vstest.console.dll, TestPluginCache: Discovered the extensions using extension path ''.
TpTrace Verbose: 0 : 2500, 1, 2022/04/08, 13:00:04.356, 23341786753861, vstest.console.dll, TestPluginCache: Discoverers are ''.
TpTrace Verbose: 0 : 2500, 1, 2022/04/08, 13:00:04.356, 23341786754066, vstest.console.dll, TestPluginCache: Executors are ''.
TpTrace Verbose: 0 : 2500, 1, 2022/04/08, 13:00:04.356, 23341786754241, vstest.console.dll, TestPluginCache: Executors2 are ''.
TpTrace Verbose: 0 : 2500, 1, 2022/04/08, 13:00:04.356, 23341786754413, vstest.console.dll, TestPluginCache: Setting providers are ''.
TpTrace Verbose: 0 : 2500, 1, 2022/04/08, 13:00:04.356, 23341786754617, vstest.console.dll, TestPluginCache: Loggers are ''.
TpTrace Information: 0 : 2500, 1, 2022/04/08, 13:00:04.359, 23341786781429, vstest.console.dll, RunTestsArgumentProcessor:Execute: Test run is starting.
TpTrace Verbose: 0 : 2500, 1, 2022/04/08, 13:00:04.359, 23341786781810, vstest.console.dll, RunTestsArgumentProcessor:Execute: Queuing Test run.
TpTrace Information: 0 : 2500, 1, 2022/04/08, 13:00:04.359, 23341786783048, vstest.console.dll, TestRequestManager.RunTests: run tests started.
TpTrace Information: 0 : 2500, 1, 2022/04/08, 13:00:04.361, 23341786804477, vstest.console.dll, AssemblyMetadataProvider.GetFrameWork: Determined framework:'.NETCoreApp,Version=v6.0' for source: 'C:\Users\ilupa\Desktop\Lucru\Internship\Behavioral Design Pattern\BehavioralDesignPattern.XUnitTests\bin\Debug\net6.0\fine-code-coverage\build-output\BehavioralDesignPattern.XUnitTests.dll'
TpTrace Information: 0 : 2500, 1, 2022/04/08, 13:00:04.361, 23341786805326, vstest.console.dll, Determined framework for all sources: .NETCoreApp,Version=v6.0
TpTrace Verbose: 0 : 2500, 1, 2022/04/08, 13:00:04.361, 23341786807448, vstest.console.dll, Default architecture: X64 IsDefaultTargetArchitecture: True
TpTrace Information: 0 : 2500, 1, 2022/04/08, 13:00:04.362, 23341786809303, vstest.console.dll, AssemblyMetadataProvider.GetArchitecture: Determined architecture:AnyCPU info for assembly: C:\Users\ilupa\Desktop\Lucru\Internship\Behavioral Design Pattern\BehavioralDesignPattern.XUnitTests\bin\Debug\net6.0\fine-code-coverage\build-output\BehavioralDesignPattern.XUnitTests.dll
TpTrace Information: 0 : 2500, 1, 2022/04/08, 13:00:04.362, 23341786809627, vstest.console.dll, Determined platform for source 'C:\Users\ilupa\Desktop\Lucru\Internship\Behavioral Design Pattern\BehavioralDesignPattern.XUnitTests\bin\Debug\net6.0\fine-code-coverage\build-output\BehavioralDesignPattern.XUnitTests.dll' is 'AnyCPU'
TpTrace Information: 0 : 2500, 1, 2022/04/08, 13:00:04.363, 23341786821860, vstest.console.dll, Determined platform for all sources: X64
TpTrace Information: 0 : 2500, 1, 2022/04/08, 13:00:04.363, 23341786822243, vstest.console.dll, Infered platform 'X64'.
TpTrace Information: 0 : 2500, 1, 2022/04/08, 13:00:04.363, 23341786822469, vstest.console.dll, Platform update to 'X64' required.
TpTrace Information: 0 : 2500, 1, 2022/04/08, 13:00:04.365, 23341786839800, vstest.console.dll, Compatible sources list : 
TpTrace Information: 0 : 2500, 1, 2022/04/08, 13:00:04.365, 23341786840205, vstest.console.dll, C:\Users\ilupa\Desktop\Lucru\Internship\Behavioral Design Pattern\BehavioralDesignPattern.XUnitTests\bin\Debug\net6.0\fine-code-coverage\build-output\BehavioralDesignPattern.XUnitTests.dll
TpTrace Information: 0 : 2500, 1, 2022/04/08, 13:00:04.366, 23341786856497, vstest.console.dll, InferRunSettingsHelper.IsTestSettingsEnabled: Unable to navigate to RunSettings/MSTest. Current node: RunSettings
TpTrace Information: 0 : 2500, 1, 2022/04/08, 13:00:04.367, 23341786861114, vstest.console.dll, AssemblyResolver.OnResolve: Microsoft.VisualStudio.TestPlatform.Fakes: Resolving assembly.
TpTrace Information: 0 : 2500, 1, 2022/04/08, 13:00:04.367, 23341786861525, vstest.console.dll, AssemblyResolver.OnResolve: Microsoft.VisualStudio.TestPlatform.Fakes: Searching in: 'C:\Program Files\dotnet\sdk\6.0.200\Extensions'.
TpTrace Information: 0 : 2500, 1, 2022/04/08, 13:00:04.367, 23341786862219, vstest.console.dll, AssemblyResolver.OnResolve: Microsoft.VisualStudio.TestPlatform.Fakes: Assembly path does not exist: 'C:\Program Files\dotnet\sdk\6.0.200\Extensions\Microsoft.VisualStudio.TestPlatform.Fakes.dll', returning.
TpTrace Information: 0 : 2500, 1, 2022/04/08, 13:00:04.367, 23341786862723, vstest.console.dll, AssemblyResolver.OnResolve: Microsoft.VisualStudio.TestPlatform.Fakes: Assembly path does not exist: 'C:\Program Files\dotnet\sdk\6.0.200\Extensions\Microsoft.VisualStudio.TestPlatform.Fakes.exe', returning.
TpTrace Information: 0 : 2500, 1, 2022/04/08, 13:00:04.367, 23341786862985, vstest.console.dll, AssemblyResolver.OnResolve: Microsoft.VisualStudio.TestPlatform.Fakes: Searching in: 'C:\Program Files\dotnet\sdk\6.0.200'.
TpTrace Information: 0 : 2500, 1, 2022/04/08, 13:00:04.367, 23341786863492, vstest.console.dll, AssemblyResolver.OnResolve: Microsoft.VisualStudio.TestPlatform.Fakes: Assembly path does not exist: 'C:\Program Files\dotnet\sdk\6.0.200\Microsoft.VisualStudio.TestPlatform.Fakes.dll', returning.
TpTrace Information: 0 : 2500, 1, 2022/04/08, 13:00:04.367, 23341786863939, vstest.console.dll, AssemblyResolver.OnResolve: Microsoft.VisualStudio.TestPlatform.Fakes: Assembly path does not exist: 'C:\Program Files\dotnet\sdk\6.0.200\Microsoft.VisualStudio.TestPlatform.Fakes.exe', returning.
TpTrace Information: 0 : 2500, 1, 2022/04/08, 13:00:04.367, 23341786864153, vstest.console.dll, AssemblyResolver.OnResolve: Microsoft.VisualStudio.TestPlatform.Fakes: Failed to load assembly.
TpTrace Information: 0 : 2500, 1, 2022/04/08, 13:00:04.367, 23341786865886, vstest.console.dll, Failed to load assembly Microsoft.VisualStudio.TestPlatform.Fakes, Version=17.0.0.0, Culture=neutral. Reason:System.IO.FileNotFoundException: Could not load file or assembly 'Microsoft.VisualStudio.TestPlatform.Fakes, Version=17.0.0.0, Culture=neutral, PublicKeyToken=null'. The system cannot find the file specified.
File name: 'Microsoft.VisualStudio.TestPlatform.Fakes, Version=17.0.0.0, Culture=neutral, PublicKeyToken=null'
   at System.Reflection.RuntimeAssembly.InternalLoad(ObjectHandleOnStack assemblyName, ObjectHandleOnStack requestingAssembly, StackCrawlMarkHandle stackMark, Boolean throwOnFileNotFound, ObjectHandleOnStack assemblyLoadContext, ObjectHandleOnStack retAssembly)
   at System.Reflection.RuntimeAssembly.InternalLoad(AssemblyName assemblyName, RuntimeAssembly requestingAssembly, StackCrawlMark& stackMark, Boolean throwOnFileNotFound, AssemblyLoadContext assemblyLoadContext)
   at System.Reflection.Assembly.Load(AssemblyName assemblyRef)
   at Microsoft.VisualStudio.TestPlatform.Common.Utilities.FakesUtilities.LoadTestPlatformAssembly()
TpTrace Verbose: 0 : 2500, 1, 2022/04/08, 13:00:04.370, 23341786891009, vstest.console.dll, TestPluginCache.DiscoverTestExtensions: finding test extensions in assemblies ends with: TestLogger.dll TPluginInfo: Microsoft.VisualStudio.TestPlatform.Common.ExtensionFramework.Utilities.TestLoggerPluginInformation TExtension: Microsoft.VisualStudio.TestPlatform.ObjectModel.Client.ITestLogger
TpTrace Verbose: 0 : 2500, 1, 2022/04/08, 13:00:04.370, 23341786891683, vstest.console.dll, TestPluginCache.GetExtensionPaths: Filtered extension paths: 
TpTrace Verbose: 0 : 2500, 1, 2022/04/08, 13:00:04.370, 23341786891959, vstest.console.dll, TestPluginCache.GetExtensionPaths: Added default extension paths: C:\Program Files\dotnet\sdk\6.0.200\Extensions\DumpMinitool.exe
C:\Program Files\dotnet\sdk\6.0.200\Extensions\DumpMinitool.x86.exe
C:\Program Files\dotnet\sdk\6.0.200\Extensions\Microsoft.Diagnostics.NETCore.Client.dll
C:\Program Files\dotnet\sdk\6.0.200\Extensions\Microsoft.TestPlatform.Extensions.BlameDataCollector.dll
C:\Program Files\dotnet\sdk\6.0.200\Extensions\Microsoft.TestPlatform.Extensions.EventLogCollector.dll
C:\Program Files\dotnet\sdk\6.0.200\Extensions\Microsoft.TestPlatform.TestHostRuntimeProvider.dll
C:\Program Files\dotnet\sdk\6.0.200\Extensions\Microsoft.VisualStudio.TestPlatform.Extensions.Html.TestLogger.dll
C:\Program Files\dotnet\sdk\6.0.200\Extensions\Microsoft.VisualStudio.TestPlatform.Extensions.Trx.TestLogger.dll
TpTrace Verbose: 0 : 2500, 1, 2022/04/08, 13:00:04.370, 23341786892218, vstest.console.dll, TestPluginCache.GetExtensionPaths: Added unfilterableExtensionPaths: 
TpTrace Information: 0 : 2500, 1, 2022/04/08, 13:00:04.370, 23341786893330, vstest.console.dll, AssemblyResolver.AddSearchDirectories: Adding more searchDirectories C:\Program Files\dotnet\sdk\6.0.200\Extensions,C:\Program Files\dotnet\sdk\6.0.200
TpTrace Verbose: 0 : 2500, 1, 2022/04/08, 13:00:04.370, 23341786893663, vstest.console.dll, TestPluginCache.DiscoverTestExtensions: Discovering the extensions using extension path.
TpTrace Verbose: 0 : 2500, 1, 2022/04/08, 13:00:04.370, 23341786893958, vstest.console.dll, TestPluginCache.GetExtensionPaths: Filtered extension paths: 
TpTrace Verbose: 0 : 2500, 1, 2022/04/08, 13:00:04.370, 23341786894164, vstest.console.dll, TestPluginCache.GetExtensionPaths: Added default extension paths: C:\Program Files\dotnet\sdk\6.0.200\Extensions\DumpMinitool.exe
C:\Program Files\dotnet\sdk\6.0.200\Extensions\DumpMinitool.x86.exe
C:\Program Files\dotnet\sdk\6.0.200\Extensions\Microsoft.Diagnostics.NETCore.Client.dll
C:\Program Files\dotnet\sdk\6.0.200\Extensions\Microsoft.TestPlatform.Extensions.BlameDataCollector.dll
C:\Program Files\dotnet\sdk\6.0.200\Extensions\Microsoft.TestPlatform.Extensions.EventLogCollector.dll
C:\Program Files\dotnet\sdk\6.0.200\Extensions\Microsoft.TestPlatform.TestHostRuntimeProvider.dll
C:\Program Files\dotnet\sdk\6.0.200\Extensions\Microsoft.VisualStudio.TestPlatform.Extensions.Html.TestLogger.dll
C:\Program Files\dotnet\sdk\6.0.200\Extensions\Microsoft.VisualStudio.TestPlatform.Extensions.Trx.TestLogger.dll
TpTrace Verbose: 0 : 2500, 1, 2022/04/08, 13:00:04.370, 23341786894406, vstest.console.dll, TestPluginCache.GetExtensionPaths: Added unfilterableExtensionPaths: 
TpTrace Verbose: 0 : 2500, 1, 2022/04/08, 13:00:04.370, 23341786894972, vstest.console.dll, TestPluginCache.DiscoverTestExtensions: Discovering the extensions using allExtensionPaths: C:\Program Files\dotnet\sdk\6.0.200\Extensions\DumpMinitool.exe
C:\Program Files\dotnet\sdk\6.0.200\Extensions\DumpMinitool.x86.exe
C:\Program Files\dotnet\sdk\6.0.200\Extensions\Microsoft.Diagnostics.NETCore.Client.dll
C:\Program Files\dotnet\sdk\6.0.200\Extensions\Microsoft.TestPlatform.Extensions.BlameDataCollector.dll
C:\Program Files\dotnet\sdk\6.0.200\Extensions\Microsoft.TestPlatform.Extensions.EventLogCollector.dll
C:\Program Files\dotnet\sdk\6.0.200\Extensions\Microsoft.TestPlatform.TestHostRuntimeProvider.dll
C:\Program Files\dotnet\sdk\6.0.200\Extensions\Microsoft.VisualStudio.TestPlatform.Extensions.Html.TestLogger.dll
C:\Program Files\dotnet\sdk\6.0.200\Extensions\Microsoft.VisualStudio.TestPlatform.Extensions.Trx.TestLogger.dll
TpTrace Information: 0 : 2500, 1, 2022/04/08, 13:00:04.370, 23341786895355, vstest.console.dll, AssemblyResolver.AddSearchDirectories: Adding more searchDirectories C:\Program Files\dotnet\sdk\6.0.200\Extensions,C:\Program Files\dotnet\sdk\6.0.200
TpTrace Information: 0 : 2500, 1, 2022/04/08, 13:00:04.370, 23341786895598, vstest.console.dll, AssemblyResolver.AddSearchDirectories: Adding more searchDirectories C:\Program Files\dotnet\sdk\6.0.200\Extensions,C:\Program Files\dotnet\sdk\6.0.200
TpTrace Information: 0 : 2500, 1, 2022/04/08, 13:00:04.370, 23341786895856, vstest.console.dll, AssemblyResolver.AddSearchDirectories: Adding more searchDirectories C:\Program Files\dotnet\sdk\6.0.200\Extensions,C:\Program Files\dotnet\sdk\6.0.200
TpTrace Information: 0 : 2500, 1, 2022/04/08, 13:00:04.370, 23341786896082, vstest.console.dll, AssemblyResolver.AddSearchDirectories: Adding more searchDirectories C:\Program Files\dotnet\sdk\6.0.200\Extensions,C:\Program Files\dotnet\sdk\6.0.200
TpTrace Information: 0 : 2500, 1, 2022/04/08, 13:00:04.370, 23341786896286, vstest.console.dll, AssemblyResolver.AddSearchDirectories: Adding more searchDirectories C:\Program Files\dotnet\sdk\6.0.200\Extensions,C:\Program Files\dotnet\sdk\6.0.200
TpTrace Information: 0 : 2500, 1, 2022/04/08, 13:00:04.370, 23341786896489, vstest.console.dll, AssemblyResolver.AddSearchDirectories: Adding more searchDirectories C:\Program Files\dotnet\sdk\6.0.200\Extensions,C:\Program Files\dotnet\sdk\6.0.200
TpTrace Information: 0 : 2500, 1, 2022/04/08, 13:00:04.370, 23341786896816, vstest.console.dll, AssemblyResolver.AddSearchDirectories: Adding more searchDirectories C:\Program Files\dotnet\sdk\6.0.200\Extensions,C:\Program Files\dotnet\sdk\6.0.200
TpTrace Information: 0 : 2500, 1, 2022/04/08, 13:00:04.370, 23341786897022, vstest.console.dll, AssemblyResolver.AddSearchDirectories: Adding more searchDirectories C:\Program Files\dotnet\sdk\6.0.200\Extensions,C:\Program Files\dotnet\sdk\6.0.200
TpTrace Information: 0 : 2500, 1, 2022/04/08, 13:00:04.371, 23341786899341, vstest.console.dll, AssemblyResolver.OnResolve: Microsoft.Bcl.AsyncInterfaces: Resolving assembly.
TpTrace Information: 0 : 2500, 1, 2022/04/08, 13:00:04.371, 23341786899675, vstest.console.dll, AssemblyResolver.OnResolve: Microsoft.Bcl.AsyncInterfaces: Resolved from cache.
TpTrace Verbose: 0 : 2500, 1, 2022/04/08, 13:00:04.371, 23341786899912, vstest.console.dll, CurrentDomainAssemblyResolve: Resolving assembly 'Microsoft.Bcl.AsyncInterfaces'.
TpTrace Information: 0 : 2500, 1, 2022/04/08, 13:00:04.371, 23341786900253, vstest.console.dll, AssemblyResolver.OnResolve: Microsoft.Bcl.AsyncInterfaces: Resolving assembly.
TpTrace Information: 0 : 2500, 1, 2022/04/08, 13:00:04.371, 23341786900469, vstest.console.dll, AssemblyResolver.OnResolve: Microsoft.Bcl.AsyncInterfaces: Resolved from cache.
TpTrace Verbose: 0 : 2500, 1, 2022/04/08, 13:00:04.371, 23341786900678, vstest.console.dll, CurrentDomainAssemblyResolve: Resolving assembly 'Microsoft.Bcl.AsyncInterfaces'.
TpTrace Verbose: 0 : 2500, 1, 2022/04/08, 13:00:04.371, 23341786900885, vstest.console.dll, CurrentDomainAssemblyResolve: Failed to resolve assembly 'Microsoft.Bcl.AsyncInterfaces'.
TpTrace Verbose: 0 : 2500, 1, 2022/04/08, 13:00:04.371, 23341786901971, vstest.console.dll, CurrentDomainAssemblyResolve: Failed to resolve assembly 'Microsoft.Bcl.AsyncInterfaces'.
TpTrace Warning: 0 : 2500, 1, 2022/04/08, 13:00:04.371, 23341786904413, vstest.console.dll, TestPluginDiscoverer: Failed to get types from assembly 'Microsoft.Diagnostics.NETCore.Client, Version=0.2.5.801, Culture=neutral, PublicKeyToken=31bf3856ad364e35'.  Skipping test extension scan for this assembly.  Error: System.Reflection.ReflectionTypeLoadException: Unable to load one or more of the requested types.
Could not load file or assembly 'Microsoft.Bcl.AsyncInterfaces, Version=1.0.0.0, Culture=neutral, PublicKeyToken=cc7b13ffcd2ddd51'. The system cannot find the file specified.
   at System.Reflection.RuntimeModule.GetTypes(RuntimeModule module)
   at System.Reflection.Assembly.GetTypes()
   at Microsoft.VisualStudio.TestPlatform.Common.ExtensionFramework.TestPluginDiscoverer.GetTestExtensionsFromAssembly[TPluginInfo,TExtension](Assembly assembly, Dictionary`2 pluginInfos)
System.IO.FileNotFoundException: Could not load file or assembly 'Microsoft.Bcl.AsyncInterfaces, Version=1.0.0.0, Culture=neutral, PublicKeyToken=cc7b13ffcd2ddd51'. The system cannot find the file specified.
File name: 'Microsoft.Bcl.AsyncInterfaces, Version=1.0.0.0, Culture=neutral, PublicKeyToken=cc7b13ffcd2ddd51'
 ---> System.IO.FileNotFoundException: Could not load file or assembly 'Microsoft.Bcl.AsyncInterfaces, Culture=neutral, PublicKeyToken=null'. The system cannot find the file specified.
File name: 'Microsoft.Bcl.AsyncInterfaces, Culture=neutral, PublicKeyToken=null'
   at System.Reflection.RuntimeAssembly.InternalLoad(ObjectHandleOnStack assemblyName, ObjectHandleOnStack requestingAssembly, StackCrawlMarkHandle stackMark, Boolean throwOnFileNotFound, ObjectHandleOnStack assemblyLoadContext, ObjectHandleOnStack retAssembly)
   at System.Reflection.RuntimeAssembly.InternalLoad(AssemblyName assemblyName, RuntimeAssembly requestingAssembly, StackCrawlMark& stackMark, Boolean throwOnFileNotFound, AssemblyLoadContext assemblyLoadContext)
   at System.Reflection.Assembly.Load(AssemblyName assemblyRef)
   at Microsoft.VisualStudio.TestPlatform.Common.ExtensionFramework.TestPluginCache.CurrentDomainAssemblyResolve(Object sender, AssemblyResolveEventArgs args)
   at Microsoft.VisualStudio.TestPlatform.PlatformAbstractions.PlatformAssemblyResolver.AssemblyResolverEvent(Object sender, Object eventArgs)
   at System.Runtime.Loader.AssemblyLoadContext.GetFirstResolvedAssemblyFromResolvingEvent(AssemblyName assemblyName)
   at System.Runtime.Loader.AssemblyLoadContext.ResolveUsingEvent(AssemblyName assemblyName)
   at System.Runtime.Loader.AssemblyLoadContext.ResolveUsingResolvingEvent(IntPtr gchManagedAssemblyLoadContext, AssemblyName assemblyName)
TpTrace Warning: 0 : 2500, 1, 2022/04/08, 13:00:04.371, 23341786905396, vstest.console.dll, LoaderExceptions: System.IO.FileNotFoundException: Could not load file or assembly 'Microsoft.Bcl.AsyncInterfaces, Version=1.0.0.0, Culture=neutral, PublicKeyToken=cc7b13ffcd2ddd51'. The system cannot find the file specified.
File name: 'Microsoft.Bcl.AsyncInterfaces, Version=1.0.0.0, Culture=neutral, PublicKeyToken=cc7b13ffcd2ddd51'
 ---> System.IO.FileNotFoundException: Could not load file or assembly 'Microsoft.Bcl.AsyncInterfaces, Culture=neutral, PublicKeyToken=null'. The system cannot find the file specified.
File name: 'Microsoft.Bcl.AsyncInterfaces, Culture=neutral, PublicKeyToken=null'
   at System.Reflection.RuntimeAssembly.InternalLoad(ObjectHandleOnStack assemblyName, ObjectHandleOnStack requestingAssembly, StackCrawlMarkHandle stackMark, Boolean throwOnFileNotFound, ObjectHandleOnStack assemblyLoadContext, ObjectHandleOnStack retAssembly)
   at System.Reflection.RuntimeAssembly.InternalLoad(AssemblyName assemblyName, RuntimeAssembly requestingAssembly, StackCrawlMark& stackMark, Boolean throwOnFileNotFound, AssemblyLoadContext assemblyLoadContext)
   at System.Reflection.Assembly.Load(AssemblyName assemblyRef)
   at Microsoft.VisualStudio.TestPlatform.Common.ExtensionFramework.TestPluginCache.CurrentDomainAssemblyResolve(Object sender, AssemblyResolveEventArgs args)
   at Microsoft.VisualStudio.TestPlatform.PlatformAbstractions.PlatformAssemblyResolver.AssemblyResolverEvent(Object sender, Object eventArgs)
   at System.Runtime.Loader.AssemblyLoadContext.GetFirstResolvedAssemblyFromResolvingEvent(AssemblyName assemblyName)
   at System.Runtime.Loader.AssemblyLoadContext.ResolveUsingEvent(AssemblyName assemblyName)
   at System.Runtime.Loader.AssemblyLoadContext.ResolveUsingResolvingEvent(IntPtr gchManagedAssemblyLoadContext, AssemblyName assemblyName)
TpTrace Verbose: 0 : 2500, 1, 2022/04/08, 13:00:04.371, 23341786908002, vstest.console.dll, TestPluginCache: Discovered the extensions using extension path ''.
TpTrace Verbose: 0 : 2500, 1, 2022/04/08, 13:00:04.371, 23341786908313, vstest.console.dll, TestPluginCache: Discoverers are ''.
TpTrace Verbose: 0 : 2500, 1, 2022/04/08, 13:00:04.371, 23341786908512, vstest.console.dll, TestPluginCache: Executors are ''.
TpTrace Verbose: 0 : 2500, 1, 2022/04/08, 13:00:04.372, 23341786908687, vstest.console.dll, TestPluginCache: Executors2 are ''.
TpTrace Verbose: 0 : 2500, 1, 2022/04/08, 13:00:04.372, 23341786908857, vstest.console.dll, TestPluginCache: Setting providers are ''.
TpTrace Verbose: 0 : 2500, 1, 2022/04/08, 13:00:04.372, 23341786909335, vstest.console.dll, TestPluginCache: Loggers are 'logger://Microsoft/TestPlatform/Extensions/Blame/v1,logger://Microsoft/TestPlatform/HtmlLogger/v1,logger://Microsoft/TestPlatform/TrxLogger/v1'.
TpTrace Information: 0 : 2500, 1, 2022/04/08, 13:00:04.372, 23341786913886, vstest.console.dll, TestPluginManager.CreateTestExtension: Attempting to load test extension: Microsoft.TestPlatform.Extensions.BlameDataCollector.BlameLogger
TpTrace Information: 0 : 2500, 1, 2022/04/08, 13:00:04.376, 23341786951704, vstest.console.dll, TestPluginManager.CreateTestExtension: Attempting to load test extension: Microsoft.VisualStudio.TestPlatform.CrossPlatEngine.Hosting.DefaultTestHostManager
TpTrace Information: 0 : 2500, 1, 2022/04/08, 13:00:04.376, 23341786957247, vstest.console.dll, TestPluginManager.CreateTestExtension: Attempting to load test extension: Microsoft.VisualStudio.TestPlatform.CrossPlatEngine.Hosting.DotnetTestHostManager
TpTrace Verbose: 0 : 2500, 1, 2022/04/08, 13:00:04.377, 23341786961372, vstest.console.dll, TestEngine: Initializing Parallel Execution as MaxCpuCount is set to: 1
TpTrace Information: 0 : 2500, 1, 2022/04/08, 13:00:04.377, 23341786965192, vstest.console.dll, InferRunSettingsHelper.IsTestSettingsEnabled: Unable to navigate to RunSettings/MSTest. Current node: RunSettings
TpTrace Verbose: 0 : 2500, 1, 2022/04/08, 13:00:04.386, 23341787053706, vstest.console.dll, TestRequestSender is acting as server
TpTrace Verbose: 0 : 2500, 5, 2022/04/08, 13:00:04.389, 23341787086285, vstest.console.dll, DataCollectionRequestSender.InitializeCommunication : Initialize communication. 
TpTrace Information: 0 : 2500, 5, 2022/04/08, 13:00:04.393, 23341787120586, vstest.console.dll, Listening on Endpoint : 127.0.0.1:61307
TpTrace Verbose: 0 : 2500, 5, 2022/04/08, 13:00:04.400, 23341787189856, vstest.console.dll, DotnetDataCollectionLauncher: Full path of dotnet.exe is C:\Program Files\dotnet\dotnet.exe
TpTrace Verbose: 0 : 2500, 5, 2022/04/08, 13:00:04.400, 23341787190871, vstest.console.dll, DotnetDataCollectionLauncher: Adding  --runtimeconfig "C:\Program Files\dotnet\sdk\6.0.200\datacollector.runtimeconfig.json" in args
TpTrace Verbose: 0 : 2500, 5, 2022/04/08, 13:00:04.400, 23341787191391, vstest.console.dll, DotnetDataCollectionLauncher: Adding  --depsfile "C:\Program Files\dotnet\sdk\6.0.200\datacollector.deps.json" in args
TpTrace Information: 0 : 2500, 5, 2022/04/08, 13:00:04.406, 23341787254141, vstest.console.dll, ProxyDataCollectionManager.Initialize: Launched datacollector processId: 33496 port: 61307
TpTrace Information: 0 : 2500, 5, 2022/04/08, 13:00:04.406, 23341787255605, vstest.console.dll, ProxyDataCollectionManager.Initialize: waiting for connection with timeout: 90 seconds
TpTrace Verbose: 0 : 2500, 5, 2022/04/08, 13:00:04.406, 23341787256117, vstest.console.dll, DataCollectionRequestSender.WaitForRequestHandlerConnection : Waiting for connection with timeout: 90000
TpTrace Information: 0 : 2500, 8, 2022/04/08, 13:00:04.488, 23341788069863, vstest.console.dll, Using the buffer size of 16384 bytes
TpTrace Information: 0 : 2500, 8, 2022/04/08, 13:00:04.488, 23341788070767, vstest.console.dll, Accepted Client request and set the flag
TpTrace Verbose: 0 : 2500, 5, 2022/04/08, 13:00:04.488, 23341788070874, vstest.console.dll, ProxyDataCollectionManager.InvokeDataCollectionServiceAction: Starting.
TpTrace Information: 0 : 2500, 5, 2022/04/08, 13:00:04.488, 23341788071946, vstest.console.dll, ProxyDataCollectionManager.BeforeTestRunStart: Get environment variable and port for datacollector processId: 33496 port: 61307
TpTrace Verbose: 0 : 2500, 5, 2022/04/08, 13:00:04.488, 23341788072807, vstest.console.dll, DataCollectionRequestSender.SendBeforeTestRunStartAndGetResult : Send BeforeTestRunStart message with settingsXml <RunSettings><RunConfiguration><ResultsDirectory>C:\Users\ilupa\Desktop\Lucru\Internship\Behavioral Design Pattern\BehavioralDesignPattern.XUnitTests\bin\Debug\net6.0\fine-code-coverage\coverage-tool-output</ResultsDirectory><TargetPlatform>X64</TargetPlatform><TargetFrameworkVersion>.NETCoreApp,Version=v6.0</TargetFrameworkVersion><DesignMode>False</DesignMode><CollectSourceInformation>False</CollectSourceInformation><TestAdaptersPaths>C:\Program Files\dotnet\sdk\6.0.200\Extensions</TestAdaptersPaths></RunConfiguration><LoggerRunSettings><Loggers><Logger friendlyName="blame" enabled="True" /><Logger friendlyName="Console" uri="logger://microsoft/TestPlatform/ConsoleLogger/v1" assemblyQualifiedName="Microsoft.VisualStudio.TestPlatform.CommandLine.Internal.ConsoleLogger, vstest.console, Version=15.0.0.0, Culture=neutral, PublicKeyToken=b03f5f7f11d50a3a" codeBase="C:\Program Files\dotnet\sdk\6.0.200\vstest.console.dll" enabled="True" /></Loggers></LoggerRunSettings><DataCollectionRunSettings><DataCollectors><DataCollector friendlyName="blame" enabled="True"><Configuration><ResultsDirectory>C:\Users\ilupa\Desktop\Lucru\Internship\Behavioral Design Pattern\BehavioralDesignPattern.XUnitTests\bin\Debug\net6.0\fine-code-coverage\coverage-tool-output</ResultsDirectory></Configuration></DataCollector></DataCollectors></DataCollectionRunSettings></RunSettings> and sources System.Linq.Enumerable+Concat2Iterator`1[System.String]: 
TpTrace Verbose: 0 : 2500, 5, 2022/04/08, 13:00:04.536, 23341788554988, vstest.console.dll, DataCollectionRequestSender.SendBeforeTestRunStartAndGetResult : Received message: (DataCollection.SendMessage) -> {
  "FriendlyName": null,
  "Uri": null,
  "TestCaseId": "00000000-0000-0000-0000-000000000000",
  "Message": "Logging DataCollector Diagnostics in file: C:\\Users\\ilupa\\Desktop\\Lucru\\Internship\\Behavioral Design Pattern\\BehavioralDesignPattern.XUnitTests\\bin\\Debug\\net6.0\\fine-code-coverage\\coverage-tool-output\\diagnostics.datacollector.22-04-08_13-00-04_39739_5.log",
  "Level": 0
}
TpTrace Verbose: 0 : 2500, 5, 2022/04/08, 13:00:04.588, 23341789077632, vstest.console.dll, DataCollectionRequestSender.SendBeforeTestRunStartAndGetResult : Received message: (DataCollection.BeforeTestRunStartResult) -> {
  "EnvironmentVariables": {},
  "DataCollectionEventsPort": 61310
}
TpTrace Information: 0 : 2500, 5, 2022/04/08, 13:00:04.592, 23341789112439, vstest.console.dll, ProxyDataCollectionManager.BeforeTestRunStart: SendBeforeTestRunStartAndGetResult successful, env variable from datacollector:   and testhost port: 61310
TpTrace Information: 0 : 2500, 5, 2022/04/08, 13:00:04.592, 23341789112868, vstest.console.dll, ProxyDataCollectionManager.InvokeDataCollectionServiceAction: Completed.
TpTrace Verbose: 0 : 2500, 1, 2022/04/08, 13:00:04.592, 23341789113999, vstest.console.dll, TestRunRequest.ExecuteAsync: Creating test run request.
TpTrace Verbose: 0 : 2500, 1, 2022/04/08, 13:00:04.592, 23341789115727, vstest.console.dll, TestRunRequest.ExecuteAsync: Starting.
TpTrace Information: 0 : 2500, 1, 2022/04/08, 13:00:04.592, 23341789117917, vstest.console.dll, TestRunRequest.ExecuteAsync: Starting run with settings:TestRunCriteria:
   KeepAlive=False,FrequencyOfRunStatsChangeEvent=10,RunStatsChangeEventTimeout=00:00:01.5000000,TestCaseFilter=,TestExecutorLauncher=
   Settingsxml=<RunSettings>
  <RunConfiguration>
    <ResultsDirectory>C:\Users\ilupa\Desktop\Lucru\Internship\Behavioral Design Pattern\BehavioralDesignPattern.XUnitTests\bin\Debug\net6.0\fine-code-coverage\coverage-tool-output</ResultsDirectory>
    <TargetPlatform>X64</TargetPlatform>
    <TargetFrameworkVersion>.NETCoreApp,Version=v6.0</TargetFrameworkVersion>
    <DesignMode>False</DesignMode>
    <CollectSourceInformation>False</CollectSourceInformation>
  </RunConfiguration>
  <LoggerRunSettings>
    <Loggers>
      <Logger friendlyName="blame" enabled="True" />
      <Logger friendlyName="Console" uri="logger://microsoft/TestPlatform/ConsoleLogger/v1" assemblyQualifiedName="Microsoft.VisualStudio.TestPlatform.CommandLine.Internal.ConsoleLogger, vstest.console, Version=15.0.0.0, Culture=neutral, PublicKeyToken=b03f5f7f11d50a3a" codeBase="C:\Program Files\dotnet\sdk\6.0.200\vstest.console.dll" enabled="True" />
    </Loggers>
  </LoggerRunSettings>
  <DataCollectionRunSettings>
    <DataCollectors>
      <DataCollector friendlyName="blame" enabled="True">
        <Configuration>
          <ResultsDirectory>C:\Users\ilupa\Desktop\Lucru\Internship\Behavioral Design Pattern\BehavioralDesignPattern.XUnitTests\bin\Debug\net6.0\fine-code-coverage\coverage-tool-output</ResultsDirectory>
        </Configuration>
      </DataCollector>
    </DataCollectors>
  </DataCollectionRunSettings>
</RunSettings>

TpTrace Verbose: 0 : 2500, 1, 2022/04/08, 13:00:04.592, 23341789118253, vstest.console.dll, TestRunRequest.ExecuteAsync: Wait for the first run request is over.
TpTrace Verbose: 0 : 2500, 1, 2022/04/08, 13:00:04.593, 23341789120862, vstest.console.dll, ParallelProxyExecutionManager: Start execution. Total sources: 1
TpTrace Information: 0 : 2500, 1, 2022/04/08, 13:00:04.593, 23341789124764, vstest.console.dll, ProxyParallelExecutionManager: Triggering test run for next source: C:\Users\ilupa\Desktop\Lucru\Internship\Behavioral Design Pattern\BehavioralDesignPattern.XUnitTests\bin\Debug\net6.0\fine-code-coverage\build-output\BehavioralDesignPattern.XUnitTests.dll
TpTrace Verbose: 0 : 2500, 1, 2022/04/08, 13:00:04.593, 23341789125868, vstest.console.dll, ProxyParallelExecutionManager: No sources available for execution.
TpTrace Verbose: 0 : 2500, 5, 2022/04/08, 13:00:04.593, 23341789125891, vstest.console.dll, ParallelProxyExecutionManager: Execution started. Started clients: 1
TpTrace Information: 0 : 2500, 1, 2022/04/08, 13:00:04.593, 23341789126699, vstest.console.dll, TestRunRequest.ExecuteAsync: Started.
TpTrace Verbose: 0 : 2500, 1, 2022/04/08, 13:00:04.593, 23341789127337, vstest.console.dll, TestRunRequest.WaitForCompletion: Waiting with timeout -1.
TpTrace Verbose: 0 : 2500, 5, 2022/04/08, 13:00:04.593, 23341789127695, vstest.console.dll, TestRunRequest:SendTestRunMessage: Starting.
TpTrace Information: 0 : 2500, 5, 2022/04/08, 13:00:04.593, 23341789128323, vstest.console.dll, TestRunRequest:SendTestRunMessage: Completed.
TpTrace Verbose: 0 : 2500, 5, 2022/04/08, 13:00:04.594, 23341789129640, vstest.console.dll, ProxyExecutionManager: Test host is always Lazy initialize.
TpTrace Verbose: 0 : 2500, 5, 2022/04/08, 13:00:04.594, 23341789131065, vstest.console.dll, TestRequestSender.InitializeCommunication: initialize communication. 
TpTrace Information: 0 : 2500, 5, 2022/04/08, 13:00:04.594, 23341789134291, vstest.console.dll, SocketServer.Start: Listening on endpoint : 127.0.0.1:61311
TpTrace Verbose: 0 : 2500, 5, 2022/04/08, 13:00:04.594, 23341789138304, vstest.console.dll, DotnetTestHostmanager.GetTestHostProcessStartInfo: Platform environment 'X64' target architecture 'X64' framework '.NETCoreApp,Version=v6.0' OS 'Windows'
TpTrace Verbose: 0 : 2500, 5, 2022/04/08, 13:00:04.595, 23341789139702, vstest.console.dll, DotnetTestHostmanager: Adding  --runtimeconfig "C:\Users\ilupa\Desktop\Lucru\Internship\Behavioral Design Pattern\BehavioralDesignPattern.XUnitTests\bin\Debug\net6.0\fine-code-coverage\build-output\BehavioralDesignPattern.XUnitTests.runtimeconfig.json" in args
TpTrace Verbose: 0 : 2500, 5, 2022/04/08, 13:00:04.595, 23341789146199, vstest.console.dll, DotnetTestHostmanager: Adding  --depsfile "C:\Users\ilupa\Desktop\Lucru\Internship\Behavioral Design Pattern\BehavioralDesignPattern.XUnitTests\bin\Debug\net6.0\fine-code-coverage\build-output\BehavioralDesignPattern.XUnitTests.deps.json" in args
TpTrace Verbose: 0 : 2500, 5, 2022/04/08, 13:00:04.597, 23341789160673, vstest.console.dll, DotnetTestHostmanager.IsWinOnArm: Current PROCESSOR_ARCHITECTURE from registry 'AMD64'
TpTrace Verbose: 0 : 2500, 5, 2022/04/08, 13:00:04.597, 23341789161608, vstest.console.dll, DotnetTestHostmanager.IsWinOnArm: Is Windows on ARM 'False'
TpTrace Verbose: 0 : 2500, 5, 2022/04/08, 13:00:04.597, 23341789162484, vstest.console.dll, DotnetTestHostManager: testhost.exe found at path: C:\Users\ilupa\Desktop\Lucru\Internship\Behavioral Design Pattern\BehavioralDesignPattern.XUnitTests\bin\Debug\net6.0\fine-code-coverage\build-output\testhost.exe
TpTrace Verbose: 0 : 2500, 5, 2022/04/08, 13:00:04.597, 23341789162812, vstest.console.dll, DotnetTestHostmanager: Full path of host exe is C:\Users\ilupa\Desktop\Lucru\Internship\Behavioral Design Pattern\BehavioralDesignPattern.XUnitTests\bin\Debug\net6.0\fine-code-coverage\build-output\testhost.exe
TpTrace Verbose: 0 : 2500, 5, 2022/04/08, 13:00:04.597, 23341789163779, vstest.console.dll, DotnetTestHostmanager.LaunchTestHostAsync: Found 'VSTEST_WINAPPHOST_DOTNET_ROOT' in env variables, value 'C:\Program Files\dotnet'
TpTrace Verbose: 0 : 2500, 7, 2022/04/08, 13:00:04.598, 23341789169650, vstest.console.dll, DotnetTestHostManager: Starting process 'C:\Users\ilupa\Desktop\Lucru\Internship\Behavioral Design Pattern\BehavioralDesignPattern.XUnitTests\bin\Debug\net6.0\fine-code-coverage\build-output\testhost.exe' with command line ' --runtimeconfig "C:\Users\ilupa\Desktop\Lucru\Internship\Behavioral Design Pattern\BehavioralDesignPattern.XUnitTests\bin\Debug\net6.0\fine-code-coverage\build-output\BehavioralDesignPattern.XUnitTests.runtimeconfig.json" --depsfile "C:\Users\ilupa\Desktop\Lucru\Internship\Behavioral Design Pattern\BehavioralDesignPattern.XUnitTests\bin\Debug\net6.0\fine-code-coverage\build-output\BehavioralDesignPattern.XUnitTests.deps.json" --port 61311 --endpoint 127.0.0.1:061311 --role client --parentprocessid 2500 --diag "C:\Users\ilupa\Desktop\Lucru\Internship\Behavioral Design Pattern\BehavioralDesignPattern.XUnitTests\bin\Debug\net6.0\fine-code-coverage\coverage-tool-output\diagnostics.host.22-04-08_13-00-04_59476_5.log" --tracelevel 4 --datacollectionport 61310 --telemetryoptedin false'
TpTrace Verbose: 0 : 2500, 7, 2022/04/08, 13:00:04.603, 23341789226497, vstest.console.dll, Test Runtime launched
TpTrace Verbose: 0 : 2500, 5, 2022/04/08, 13:00:04.604, 23341789231716, vstest.console.dll, TestRequestSender.WaitForRequestHandlerConnection: waiting for connection with timeout: 90000
TpTrace Verbose: 0 : 2500, 7, 2022/04/08, 13:00:04.700, 23341790198546, vstest.console.dll, SocketServer.OnClientConnected: Client connected for endPoint: 127.0.0.1:61311, starting MessageLoopAsync:
TpTrace Verbose: 0 : 2500, 14, 2022/04/08, 13:00:04.701, 23341790200033, vstest.console.dll, TcpClientExtensions.MessageLoopAsync: Polling on remoteEndPoint: 127.0.0.1:61312 localEndPoint: 127.0.0.1:61311
TpTrace Verbose: 0 : 2500, 5, 2022/04/08, 13:00:04.701, 23341790204076, vstest.console.dll, TestRequestSender.CheckVersionWithTestHost: Sending check version message: {"MessageType":"ProtocolVersion","Payload":5}
TpTrace Verbose: 0 : 2500, 14, 2022/04/08, 13:00:04.798, 23341791177818, vstest.console.dll, TcpClientExtensions.MessageLoopAsync: NotifyDataAvailable remoteEndPoint: 127.0.0.1:61312 localEndPoint: 127.0.0.1:61311
TpTrace Verbose: 0 : 2500, 14, 2022/04/08, 13:00:04.799, 23341791179452, vstest.console.dll, TestRequestSender.CheckVersionWithTestHost: onMessageReceived received message: (ProtocolVersion) -> 5
TpTrace Verbose: 0 : 2500, 14, 2022/04/08, 13:00:04.799, 23341791181934, vstest.console.dll, TcpClientExtensions.MessageLoopAsync: Polling on remoteEndPoint: 127.0.0.1:61312 localEndPoint: 127.0.0.1:61311
TpTrace Verbose: 0 : 2500, 5, 2022/04/08, 13:00:04.799, 23341791183059, vstest.console.dll, TestPluginCache.GetExtensionPaths: Filtered extension paths: 
TpTrace Verbose: 0 : 2500, 5, 2022/04/08, 13:00:04.799, 23341791183431, vstest.console.dll, TestPluginCache.GetExtensionPaths: Added default extension paths: C:\Program Files\dotnet\sdk\6.0.200\Extensions\DumpMinitool.exe
C:\Program Files\dotnet\sdk\6.0.200\Extensions\DumpMinitool.x86.exe
C:\Program Files\dotnet\sdk\6.0.200\Extensions\Microsoft.Diagnostics.NETCore.Client.dll
C:\Program Files\dotnet\sdk\6.0.200\Extensions\Microsoft.TestPlatform.Extensions.BlameDataCollector.dll
C:\Program Files\dotnet\sdk\6.0.200\Extensions\Microsoft.TestPlatform.Extensions.EventLogCollector.dll
C:\Program Files\dotnet\sdk\6.0.200\Extensions\Microsoft.TestPlatform.TestHostRuntimeProvider.dll
C:\Program Files\dotnet\sdk\6.0.200\Extensions\Microsoft.VisualStudio.TestPlatform.Extensions.Html.TestLogger.dll
C:\Program Files\dotnet\sdk\6.0.200\Extensions\Microsoft.VisualStudio.TestPlatform.Extensions.Trx.TestLogger.dll
TpTrace Verbose: 0 : 2500, 5, 2022/04/08, 13:00:04.799, 23341791183929, vstest.console.dll, TestPluginCache.GetExtensionPaths: Added unfilterableExtensionPaths: 
TpTrace Verbose: 0 : 2500, 5, 2022/04/08, 13:00:04.801, 23341791207697, vstest.console.dll, TestRequestSender.InitializeExecution: Sending initialize execution with message: {"Version":5,"MessageType":"TestExecution.Initialize","Payload":["C:\\Users\\ilupa\\Desktop\\Lucru\\Internship\\Behavioral Design Pattern\\BehavioralDesignPattern.XUnitTests\\bin\\Debug\\net6.0\\fine-code-coverage\\build-output\\xunit.runner.visualstudio.dotnetcore.testadapter.dll"]}
TpTrace Warning: 0 : 2500, 5, 2022/04/08, 13:00:04.802, 23341791210260, vstest.console.dll, InferRunSettingsHelper.MakeRunsettingsCompatible: Removing the following settings: TargetPlatform from RunSettings file. To use those settings please move to latest version of Microsoft.NET.Test.Sdk
TpTrace Verbose: 0 : 2500, 14, 2022/04/08, 13:00:04.806, 23341791253878, vstest.console.dll, TcpClientExtensions.MessageLoopAsync: NotifyDataAvailable remoteEndPoint: 127.0.0.1:61312 localEndPoint: 127.0.0.1:61311
TpTrace Verbose: 0 : 2500, 14, 2022/04/08, 13:00:04.806, 23341791254799, vstest.console.dll, TestRequestSender.OnExecutionMessageReceived: Received message: {"Version":5,"MessageType":"TestSession.Message","Payload":{"MessageLevel":0,"Message":"Logging TestHost Diagnostics in file: C:\\Users\\ilupa\\Desktop\\Lucru\\Internship\\Behavioral Design Pattern\\BehavioralDesignPattern.XUnitTests\\bin\\Debug\\net6.0\\fine-code-coverage\\coverage-tool-output\\diagnostics.host.22-04-08_13-00-04_59476_5.log"}}
TpTrace Verbose: 0 : 2500, 5, 2022/04/08, 13:00:04.807, 23341791265658, vstest.console.dll, TestRequestSender.StartTestRun: Sending test run with message: {"Version":5,"MessageType":"TestExecution.StartWithSources","Payload":{"AdapterSourceMap":{"_none_":["C:\\Users\\ilupa\\Desktop\\Lucru\\Internship\\Behavioral Design Pattern\\BehavioralDesignPattern.XUnitTests\\bin\\Debug\\net6.0\\fine-code-coverage\\build-output\\BehavioralDesignPattern.XUnitTests.dll"]},"RunSettings":"<RunSettings>\r\n  <RunConfiguration>\r\n    <ResultsDirectory>C:\\Users\\ilupa\\Desktop\\Lucru\\Internship\\Behavioral Design Pattern\\BehavioralDesignPattern.XUnitTests\\bin\\Debug\\net6.0\\fine-code-coverage\\coverage-tool-output</ResultsDirectory>\r\n    <TargetFrameworkVersion>.NETCoreApp,Version=v6.0</TargetFrameworkVersion>\r\n    <DesignMode>False</DesignMode>\r\n    <CollectSourceInformation>False</CollectSourceInformation>\r\n  </RunConfiguration>\r\n  <LoggerRunSettings>\r\n    <Loggers>\r\n      <Logger friendlyName=\"blame\" enabled=\"True\" />\r\n      <Logger friendlyName=\"Console\" uri=\"logger://microsoft/TestPlatform/ConsoleLogger/v1\" assemblyQualifiedName=\"Microsoft.VisualStudio.TestPlatform.CommandLine.Internal.ConsoleLogger, vstest.console, Version=15.0.0.0, Culture=neutral, PublicKeyToken=b03f5f7f11d50a3a\" codeBase=\"C:\\Program Files\\dotnet\\sdk\\6.0.200\\vstest.console.dll\" enabled=\"True\" />\r\n    </Loggers>\r\n  </LoggerRunSettings>\r\n  <DataCollectionRunSettings>\r\n    <DataCollectors>\r\n      <DataCollector friendlyName=\"blame\" enabled=\"True\">\r\n        <Configuration>\r\n          <ResultsDirectory>C:\\Users\\ilupa\\Desktop\\Lucru\\Internship\\Behavioral Design Pattern\\BehavioralDesignPattern.XUnitTests\\bin\\Debug\\net6.0\\fine-code-coverage\\coverage-tool-output</ResultsDirectory>\r\n        </Configuration>\r\n      </DataCollector>\r\n    </DataCollectors>\r\n  </DataCollectionRunSettings>\r\n</RunSettings>","TestExecutionContext":{"FrequencyOfRunStatsChangeEvent":10,"RunStatsChangeEventTimeout":"00:00:01.5000000","InIsolation":false,"KeepAlive":false,"AreTestCaseLevelEventsRequired":false,"IsDebug":false,"TestCaseFilter":null,"FilterOptions":null},"Package":null}}
TpTrace Verbose: 0 : 2500, 14, 2022/04/08, 13:00:04.807, 23341791267861, vstest.console.dll, TestRunRequest:SendTestRunMessage: Starting.
TpTrace Information: 0 : 2500, 14, 2022/04/08, 13:00:04.807, 23341791268572, vstest.console.dll, TestRunRequest:SendTestRunMessage: Completed.
TpTrace Verbose: 0 : 2500, 14, 2022/04/08, 13:00:04.808, 23341791268818, vstest.console.dll, TcpClientExtensions.MessageLoopAsync: Polling on remoteEndPoint: 127.0.0.1:61312 localEndPoint: 127.0.0.1:61311
TpTrace Verbose: 0 : 2500, 14, 2022/04/08, 13:00:04.923, 23341792425230, vstest.console.dll, TcpClientExtensions.MessageLoopAsync: NotifyDataAvailable remoteEndPoint: 127.0.0.1:61312 localEndPoint: 127.0.0.1:61311
TpTrace Verbose: 0 : 2500, 14, 2022/04/08, 13:00:04.923, 23341792425999, vstest.console.dll, TestRequestSender.OnExecutionMessageReceived: Received message: {"Version":5,"MessageType":"TestSession.Message","Payload":{"MessageLevel":0,"Message":"[xUnit.net 00:00:00.00] xUnit.net VSTest Adapter v2.4.3+1b45f5407b (64-bit .NET 6.0.2)"}}
TpTrace Verbose: 0 : 2500, 14, 2022/04/08, 13:00:04.923, 23341792427468, vstest.console.dll, TestRunRequest:SendTestRunMessage: Starting.
TpTrace Information: 0 : 2500, 14, 2022/04/08, 13:00:04.923, 23341792427840, vstest.console.dll, TestRunRequest:SendTestRunMessage: Completed.
TpTrace Verbose: 0 : 2500, 14, 2022/04/08, 13:00:04.923, 23341792428089, vstest.console.dll, TcpClientExtensions.MessageLoopAsync: Polling on remoteEndPoint: 127.0.0.1:61312 localEndPoint: 127.0.0.1:61311
TpTrace Verbose: 0 : 2500, 14, 2022/04/08, 13:00:05.352, 23341796711236, vstest.console.dll, TcpClientExtensions.MessageLoopAsync: NotifyDataAvailable remoteEndPoint: 127.0.0.1:61312 localEndPoint: 127.0.0.1:61311
TpTrace Verbose: 0 : 2500, 14, 2022/04/08, 13:00:05.352, 23341796712202, vstest.console.dll, TestRequestSender.OnExecutionMessageReceived: Received message: {"Version":5,"MessageType":"TestSession.Message","Payload":{"MessageLevel":0,"Message":"[xUnit.net 00:00:00.43]   Discovering: BehavioralDesignPattern.XUnitTests"}}
TpTrace Verbose: 0 : 2500, 14, 2022/04/08, 13:00:05.352, 23341796714051, vstest.console.dll, TestRunRequest:SendTestRunMessage: Starting.
TpTrace Information: 0 : 2500, 14, 2022/04/08, 13:00:05.352, 23341796714531, vstest.console.dll, TestRunRequest:SendTestRunMessage: Completed.
TpTrace Verbose: 0 : 2500, 14, 2022/04/08, 13:00:05.352, 23341796714853, vstest.console.dll, TcpClientExtensions.MessageLoopAsync: Polling on remoteEndPoint: 127.0.0.1:61312 localEndPoint: 127.0.0.1:61311
TpTrace Verbose: 0 : 2500, 14, 2022/04/08, 13:00:05.379, 23341796980672, vstest.console.dll, TcpClientExtensions.MessageLoopAsync: NotifyDataAvailable remoteEndPoint: 127.0.0.1:61312 localEndPoint: 127.0.0.1:61311
TpTrace Verbose: 0 : 2500, 14, 2022/04/08, 13:00:05.379, 23341796982076, vstest.console.dll, TestRequestSender.OnExecutionMessageReceived: Received message: {"Version":5,"MessageType":"TestSession.Message","Payload":{"MessageLevel":0,"Message":"[xUnit.net 00:00:00.46]   Discovered:  BehavioralDesignPattern.XUnitTests"}}
TpTrace Verbose: 0 : 2500, 14, 2022/04/08, 13:00:05.379, 23341796983739, vstest.console.dll, TestRunRequest:SendTestRunMessage: Starting.
TpTrace Information: 0 : 2500, 14, 2022/04/08, 13:00:05.379, 23341796984267, vstest.console.dll, TestRunRequest:SendTestRunMessage: Completed.
TpTrace Verbose: 0 : 2500, 14, 2022/04/08, 13:00:05.379, 23341796984581, vstest.console.dll, TcpClientExtensions.MessageLoopAsync: Polling on remoteEndPoint: 127.0.0.1:61312 localEndPoint: 127.0.0.1:61311
TpTrace Verbose: 0 : 2500, 14, 2022/04/08, 13:00:05.380, 23341796996947, vstest.console.dll, TcpClientExtensions.MessageLoopAsync: NotifyDataAvailable remoteEndPoint: 127.0.0.1:61312 localEndPoint: 127.0.0.1:61311
TpTrace Verbose: 0 : 2500, 14, 2022/04/08, 13:00:05.380, 23341796997829, vstest.console.dll, TestRequestSender.OnExecutionMessageReceived: Received message: {"Version":5,"MessageType":"TestSession.Message","Payload":{"MessageLevel":0,"Message":"[xUnit.net 00:00:00.46]   Starting:    BehavioralDesignPattern.XUnitTests"}}
TpTrace Verbose: 0 : 2500, 14, 2022/04/08, 13:00:05.381, 23341796999445, vstest.console.dll, TestRunRequest:SendTestRunMessage: Starting.
TpTrace Information: 0 : 2500, 14, 2022/04/08, 13:00:05.381, 23341796999867, vstest.console.dll, TestRunRequest:SendTestRunMessage: Completed.
TpTrace Verbose: 0 : 2500, 14, 2022/04/08, 13:00:05.381, 23341797000186, vstest.console.dll, TcpClientExtensions.MessageLoopAsync: Polling on remoteEndPoint: 127.0.0.1:61312 localEndPoint: 127.0.0.1:61311
TpTrace Verbose: 0 : 2500, 14, 2022/04/08, 13:00:05.589, 23341799079637, vstest.console.dll, TcpClientExtensions.MessageLoopAsync: NotifyDataAvailable remoteEndPoint: 127.0.0.1:61312 localEndPoint: 127.0.0.1:61311
TpTrace Verbose: 0 : 2500, 14, 2022/04/08, 13:00:05.589, 23341799080910, vstest.console.dll, TestRequestSender.OnExecutionMessageReceived: Received message: {"Version":5,"MessageType":"TestSession.Message","Payload":{"MessageLevel":0,"Message":"[xUnit.net 00:00:00.67]   Finished:    BehavioralDesignPattern.XUnitTests"}}
TpTrace Verbose: 0 : 2500, 14, 2022/04/08, 13:00:05.589, 23341799082322, vstest.console.dll, TestRunRequest:SendTestRunMessage: Starting.
TpTrace Information: 0 : 2500, 14, 2022/04/08, 13:00:05.589, 23341799082897, vstest.console.dll, TestRunRequest:SendTestRunMessage: Completed.
TpTrace Verbose: 0 : 2500, 14, 2022/04/08, 13:00:05.589, 23341799083142, vstest.console.dll, TcpClientExtensions.MessageLoopAsync: Polling on remoteEndPoint: 127.0.0.1:61312 localEndPoint: 127.0.0.1:61311
TpTrace Verbose: 0 : 2500, 14, 2022/04/08, 13:00:05.614, 23341799336164, vstest.console.dll, TcpClientExtensions.MessageLoopAsync: NotifyDataAvailable remoteEndPoint: 127.0.0.1:61312 localEndPoint: 127.0.0.1:61311
TpTrace Verbose: 0 : 2500, 14, 2022/04/08, 13:00:05.614, 23341799337152, vstest.console.dll, TestRequestSender.OnExecutionMessageReceived: Received message: {"Version":5,"MessageType":"TestExecution.Completed","Payload":{"TestRunCompleteArgs":{"TestRunStatistics":{"ExecutedTests":1,"Stats":{"Passed":1}},"IsCanceled":false,"IsAborted":false,"Error":null,"AttachmentSets":[],"ElapsedTimeInRunningTests":"00:00:00.6783317","Metrics":{}},"LastRunTests":{"NewTestResults":[{"TestCase":{"Id":"5fd200ee-f27c-8462-d90c-4723bb36cf3c","FullyQualifiedName":"BehavioralDesignPattern.XUnitTests.Mock.InsertLocation_ValidCall","DisplayName":"BehavioralDesignPattern.XUnitTests.Mock.InsertLocation_ValidCall","ExecutorUri":"executor://xunit/VsTestRunner2/netcoreapp","Source":"C:\\Users\\ilupa\\Desktop\\Lucru\\Internship\\Behavioral Design Pattern\\BehavioralDesignPattern.XUnitTests\\bin\\Debug\\net6.0\\fine-code-coverage\\build-output\\BehavioralDesignPattern.XUnitTests.dll","CodeFilePath":null,"LineNumber":0,"Properties":[]},"Attachments":[],"Outcome":1,"ErrorMessage":null,"ErrorStackTrace":null,"DisplayName":"BehavioralDesignPattern.XUnitTests.Mock.InsertLocation_ValidCall","Messages":[],"ComputerName":"DESKTOP-4NUOG8A","Duration":"00:00:00.1510064","StartTime":"2022-04-08T10:00:05.5769958+00:00","EndTime":"2022-04-08T10:00:05.5770165+00:00","Properties":[]}],"TestRunStatistics":{"ExecutedTests":1,"Stats":{"Passed":1}},"ActiveTests":[]},"RunAttachments":[],"ExecutorUris":["executor://xunit/VsTestRunner2/netcoreapp"]}}
TpTrace Verbose: 0 : 2500, 14, 2022/04/08, 13:00:05.615, 23341799340036, vstest.console.dll, TestRequestSender.EndSession: Sending end session.
TpTrace Verbose: 0 : 2500, 14, 2022/04/08, 13:00:05.615, 23341799340885, vstest.console.dll, ProxyOperationManager.Close: waiting for test host to exit for 100 ms
TpTrace Warning: 0 : 2500, 13, 2022/04/08, 13:00:05.636, 23341799558111, vstest.console.dll, TestHostManagerCallbacks.ErrorReceivedCallback Test host standard error line: 
TpTrace Verbose: 0 : 2500, 8, 2022/04/08, 13:00:05.643, 23341799623518, vstest.console.dll, TestHostProvider.ExitCallBack: Host exited starting callback.
TpTrace Information: 0 : 2500, 8, 2022/04/08, 13:00:05.643, 23341799627066, vstest.console.dll, TestHostManagerCallbacks.ExitCallBack: Testhost processId: 20112 exited with exitcode: 0 error: ''
TpTrace Verbose: 0 : 2500, 8, 2022/04/08, 13:00:05.643, 23341799627498, vstest.console.dll, DotnetTestHostManager.OnHostExited: invoking OnHostExited callback
TpTrace Verbose: 0 : 2500, 8, 2022/04/08, 13:00:05.643, 23341799627819, vstest.console.dll, CrossPlatEngine.TestHostManagerHostExited: calling on client process exit callback.
TpTrace Information: 0 : 2500, 8, 2022/04/08, 13:00:05.643, 23341799628190, vstest.console.dll, TestRequestSender.OnClientProcessExit: Test host process exited. Standard error: 
TpTrace Information: 0 : 2500, 14, 2022/04/08, 13:00:05.643, 23341799628408, vstest.console.dll, SocketServer.Stop: Stop server endPoint: 127.0.0.1:61311
TpTrace Information: 0 : 2500, 8, 2022/04/08, 13:00:05.643, 23341799628585, vstest.console.dll, SocketServer.Stop: Stop server endPoint: 127.0.0.1:61311
TpTrace Information: 0 : 2500, 14, 2022/04/08, 13:00:05.644, 23341799628839, vstest.console.dll, SocketServer.Stop: Cancellation requested. Stopping message loop.
TpTrace Information: 0 : 2500, 8, 2022/04/08, 13:00:05.644, 23341799629040, vstest.console.dll, SocketServer.Stop: Cancellation requested. Stopping message loop.
TpTrace Information: 0 : 2500, 14, 2022/04/08, 13:00:05.644, 23341799629752, vstest.console.dll, Closing the connection
TpTrace Warning: 0 : 2500, 14, 2022/04/08, 13:00:05.644, 23341799630017, vstest.console.dll, ProxyOperationManager: Timed out waiting for test host to exit. Will terminate process.
TpTrace Verbose: 0 : 2500, 14, 2022/04/08, 13:00:05.644, 23341799632156, vstest.console.dll, ProxyDataCollectionManager.InvokeDataCollectionServiceAction: Starting.
TpTrace Information: 0 : 2500, 14, 2022/04/08, 13:00:05.644, 23341799632453, vstest.console.dll, ProxyDataCollectionManager.AfterTestRunEnd: Get attachment set for datacollector processId: 33496 port: 61307
TpTrace Verbose: 0 : 2500, 14, 2022/04/08, 13:00:05.644, 23341799632768, vstest.console.dll, DataCollectionRequestSender.SendAfterTestRunStartAndGetResult : Send AfterTestRunEnd message with isCancelled: False
TpTrace Verbose: 0 : 2500, 14, 2022/04/08, 13:00:05.646, 23341799656465, vstest.console.dll, DataCollectionRequestSender.SendAfterTestRunStartAndGetResult : Received message: (DataCollection.AfterTestRunEndResult) -> {
  "AttachmentSets": [],
  "Metrics": {}
}
TpTrace Information: 0 : 2500, 14, 2022/04/08, 13:00:05.649, 23341799679652, vstest.console.dll, ProxyDataCollectionManager.InvokeDataCollectionServiceAction: Completed.
TpTrace Warning: 0 : 2500, 10, 2022/04/08, 13:00:05.649, 23341799683487, vstest.console.dll, DataCollectionLauncher.ErrorReceivedCallback datacollector standard error line: 
TpTrace Information: 0 : 2500, 8, 2022/04/08, 13:00:05.652, 23341799711567, vstest.console.dll, DataCollectionLauncher.ExitCallBack: Data collector exited with exitcode: 0 error: ''
TpTrace Verbose: 0 : 2500, 14, 2022/04/08, 13:00:05.680, 23341799992264, vstest.console.dll, TestRunRequest:SendTestRunStatsChange: Starting.
TpTrace Information: 0 : 2500, 14, 2022/04/08, 13:00:05.680, 23341799993800, vstest.console.dll, TestRunRequest:SendTestRunStatsChange: Completed.
TpTrace Verbose: 0 : 2500, 14, 2022/04/08, 13:00:05.680, 23341799994837, vstest.console.dll, ParallelProxyExecutionManager: HandlePartialRunComplete: Total completed clients = 1, Run complete = True, Run canceled: False.
TpTrace Verbose: 0 : 2500, 14, 2022/04/08, 13:00:05.692, 23341800118233, vstest.console.dll, TestRunRequest:TestRunComplete: Starting. IsAborted:False IsCanceled:False.
TpTrace Verbose: 0 : 2500, 14, 2022/04/08, 13:00:05.693, 23341800119210, vstest.console.dll, TestLoggerManager.HandleTestRunComplete: Ignoring as the object is disposed.
TpTrace Information: 0 : 2500, 14, 2022/04/08, 13:00:05.693, 23341800120679, vstest.console.dll, TestRunRequest:TestRunComplete: Completed.
TpTrace Verbose: 0 : 2500, 14, 2022/04/08, 13:00:05.693, 23341800121007, vstest.console.dll, TestRequestSender.SetOperationComplete: Setting operation complete.
TpTrace Information: 0 : 2500, 14, 2022/04/08, 13:00:05.693, 23341800121213, vstest.console.dll, SocketServer.Stop: Stop server endPoint: 127.0.0.1:61311
TpTrace Information: 0 : 2500, 14, 2022/04/08, 13:00:05.693, 23341800121398, vstest.console.dll, SocketServer.Stop: Cancellation requested. Stopping message loop.
TpTrace Verbose: 0 : 2500, 1, 2022/04/08, 13:00:05.693, 23341800121206, vstest.console.dll, TestRunRequest.Dispose: Starting.
TpTrace Information: 0 : 2500, 14, 2022/04/08, 13:00:05.693, 23341800121656, vstest.console.dll, SocketServer.PrivateStop: Stopping server endPoint: 127.0.0.1:61311 error: 
TpTrace Information: 0 : 2500, 1, 2022/04/08, 13:00:05.693, 23341800122014, vstest.console.dll, TestRunRequest.Dispose: Completed.
TpTrace Information: 0 : 2500, 1, 2022/04/08, 13:00:05.693, 23341800122336, vstest.console.dll, TestRequestManager.RunTests: run tests completed.
TpTrace Information: 0 : 2500, 1, 2022/04/08, 13:00:05.693, 23341800122842, vstest.console.dll, RunTestsArgumentProcessor:Execute: Test run is completed.
TpTrace Verbose: 0 : 2500, 1, 2022/04/08, 13:00:05.693, 23341800123925, vstest.console.dll, Executor.Execute: Exiting with exit code of 0
TpTrace Verbose: 0 : 2500, 14, 2022/04/08, 13:00:05.693, 23341800125129, vstest.console.dll, LengthPrefixCommunicationChannel.Dispose: Dispose reader and writer.
TpTrace Information: 0 : 2500, 14, 2022/04/08, 13:00:05.693, 23341800125655, vstest.console.dll, SocketServer.Stop: Raise disconnected event endPoint: 127.0.0.1:61311 error: 
TpTrace Verbose: 0 : 2500, 14, 2022/04/08, 13:00:05.693, 23341800126040, vstest.console.dll, TestRequestSender: OnTestRunAbort: Operation is already complete. Skip error message.
TpTrace Verbose: 0 : 2500, 14, 2022/04/08, 13:00:05.693, 23341800126259, vstest.console.dll, TcpClientExtensions.MessageLoopAsync: exiting MessageLoopAsync remoteEndPoint: 127.0.0.1:61312 localEndPoint: 127.0.0.1:61311
