TpTrace Verbose: 0 : 38380, 1, 2022/04/08, 12:59:58.222, 23341725443353, vstest.console.dll, Version: 17.1.0-release-20220113-05
TpTrace Information: 0 : 38380, 1, 2022/04/08, 12:59:58.234, 23341725532091, vstest.console.dll, FilePatternParser: The given file C:\Users\ilupa\Desktop\Lucru\Internship\Behavioral Design Pattern\BehavioralDesignPattern.MSUnitTests\bin\Debug\net6.0\fine-code-coverage\build-output\BehavioralDesignPattern.MSUnitTests.dll is a full path.
TpTrace Verbose: 0 : 38380, 1, 2022/04/08, 12:59:58.242, 23341725610273, vstest.console.dll, TestPluginCache.DiscoverTestExtensions: finding test extensions in assemblies ends with: RuntimeProvider.dll TPluginInfo: Microsoft.VisualStudio.TestPlatform.Common.ExtensionFramework.Utilities.TestRuntimePluginInformation TExtension: Microsoft.VisualStudio.TestPlatform.ObjectModel.Host.ITestRuntimeProvider
TpTrace Verbose: 0 : 38380, 1, 2022/04/08, 12:59:58.242, 23341725612874, vstest.console.dll, TestPluginCache.GetExtensionPaths: Filtered extension paths: 
TpTrace Verbose: 0 : 38380, 1, 2022/04/08, 12:59:58.242, 23341725613687, vstest.console.dll, TestPluginCache.GetExtensionPaths: Added default extension paths: C:\Program Files\dotnet\sdk\6.0.200\Extensions\DumpMinitool.exe
C:\Program Files\dotnet\sdk\6.0.200\Extensions\DumpMinitool.x86.exe
C:\Program Files\dotnet\sdk\6.0.200\Extensions\Microsoft.Diagnostics.NETCore.Client.dll
C:\Program Files\dotnet\sdk\6.0.200\Extensions\Microsoft.TestPlatform.Extensions.BlameDataCollector.dll
C:\Program Files\dotnet\sdk\6.0.200\Extensions\Microsoft.TestPlatform.Extensions.EventLogCollector.dll
C:\Program Files\dotnet\sdk\6.0.200\Extensions\Microsoft.TestPlatform.TestHostRuntimeProvider.dll
C:\Program Files\dotnet\sdk\6.0.200\Extensions\Microsoft.VisualStudio.TestPlatform.Extensions.Html.TestLogger.dll
C:\Program Files\dotnet\sdk\6.0.200\Extensions\Microsoft.VisualStudio.TestPlatform.Extensions.Trx.TestLogger.dll
TpTrace Verbose: 0 : 38380, 1, 2022/04/08, 12:59:58.242, 23341725613972, vstest.console.dll, TestPluginCache.GetExtensionPaths: Added unfilterableExtensionPaths: 
TpTrace Information: 0 : 38380, 1, 2022/04/08, 12:59:58.243, 23341725620236, vstest.console.dll, AssemblyResolver.ctor: Creating AssemblyResolver with searchDirectories C:\Program Files\dotnet\sdk\6.0.200\Extensions,C:\Program Files\dotnet\sdk\6.0.200
TpTrace Verbose: 0 : 38380, 1, 2022/04/08, 12:59:58.243, 23341725628501, vstest.console.dll, TestPluginCache.DiscoverTestExtensions: Discovering the extensions using extension path.
TpTrace Verbose: 0 : 38380, 1, 2022/04/08, 12:59:58.244, 23341725630838, vstest.console.dll, TestPluginCache.GetExtensionPaths: Filtered extension paths: 
TpTrace Verbose: 0 : 38380, 1, 2022/04/08, 12:59:58.244, 23341725631194, vstest.console.dll, TestPluginCache.GetExtensionPaths: Added default extension paths: C:\Program Files\dotnet\sdk\6.0.200\Extensions\DumpMinitool.exe
C:\Program Files\dotnet\sdk\6.0.200\Extensions\DumpMinitool.x86.exe
C:\Program Files\dotnet\sdk\6.0.200\Extensions\Microsoft.Diagnostics.NETCore.Client.dll
C:\Program Files\dotnet\sdk\6.0.200\Extensions\Microsoft.TestPlatform.Extensions.BlameDataCollector.dll
C:\Program Files\dotnet\sdk\6.0.200\Extensions\Microsoft.TestPlatform.Extensions.EventLogCollector.dll
C:\Program Files\dotnet\sdk\6.0.200\Extensions\Microsoft.TestPlatform.TestHostRuntimeProvider.dll
C:\Program Files\dotnet\sdk\6.0.200\Extensions\Microsoft.VisualStudio.TestPlatform.Extensions.Html.TestLogger.dll
C:\Program Files\dotnet\sdk\6.0.200\Extensions\Microsoft.VisualStudio.TestPlatform.Extensions.Trx.TestLogger.dll
TpTrace Verbose: 0 : 38380, 1, 2022/04/08, 12:59:58.244, 23341725631507, vstest.console.dll, TestPluginCache.GetExtensionPaths: Added unfilterableExtensionPaths: 
TpTrace Verbose: 0 : 38380, 1, 2022/04/08, 12:59:58.244, 23341725632158, vstest.console.dll, TestPluginCache.DiscoverTestExtensions: Discovering the extensions using allExtensionPaths: C:\Program Files\dotnet\sdk\6.0.200\Extensions\DumpMinitool.exe
C:\Program Files\dotnet\sdk\6.0.200\Extensions\DumpMinitool.x86.exe
C:\Program Files\dotnet\sdk\6.0.200\Extensions\Microsoft.Diagnostics.NETCore.Client.dll
C:\Program Files\dotnet\sdk\6.0.200\Extensions\Microsoft.TestPlatform.Extensions.BlameDataCollector.dll
C:\Program Files\dotnet\sdk\6.0.200\Extensions\Microsoft.TestPlatform.Extensions.EventLogCollector.dll
C:\Program Files\dotnet\sdk\6.0.200\Extensions\Microsoft.TestPlatform.TestHostRuntimeProvider.dll
C:\Program Files\dotnet\sdk\6.0.200\Extensions\Microsoft.VisualStudio.TestPlatform.Extensions.Html.TestLogger.dll
C:\Program Files\dotnet\sdk\6.0.200\Extensions\Microsoft.VisualStudio.TestPlatform.Extensions.Trx.TestLogger.dll
TpTrace Information: 0 : 38380, 1, 2022/04/08, 12:59:58.244, 23341725633668, vstest.console.dll, AssemblyResolver.AddSearchDirectories: Adding more searchDirectories C:\Program Files\dotnet\sdk\6.0.200\Extensions,C:\Program Files\dotnet\sdk\6.0.200
TpTrace Information: 0 : 38380, 1, 2022/04/08, 12:59:58.244, 23341725634102, vstest.console.dll, AssemblyResolver.AddSearchDirectories: Adding more searchDirectories C:\Program Files\dotnet\sdk\6.0.200\Extensions,C:\Program Files\dotnet\sdk\6.0.200
TpTrace Information: 0 : 38380, 1, 2022/04/08, 12:59:58.244, 23341725634385, vstest.console.dll, AssemblyResolver.AddSearchDirectories: Adding more searchDirectories C:\Program Files\dotnet\sdk\6.0.200\Extensions,C:\Program Files\dotnet\sdk\6.0.200
TpTrace Information: 0 : 38380, 1, 2022/04/08, 12:59:58.244, 23341725634658, vstest.console.dll, AssemblyResolver.AddSearchDirectories: Adding more searchDirectories C:\Program Files\dotnet\sdk\6.0.200\Extensions,C:\Program Files\dotnet\sdk\6.0.200
TpTrace Information: 0 : 38380, 1, 2022/04/08, 12:59:58.244, 23341725634868, vstest.console.dll, AssemblyResolver.AddSearchDirectories: Adding more searchDirectories C:\Program Files\dotnet\sdk\6.0.200\Extensions,C:\Program Files\dotnet\sdk\6.0.200
TpTrace Information: 0 : 38380, 1, 2022/04/08, 12:59:58.244, 23341725635154, vstest.console.dll, AssemblyResolver.AddSearchDirectories: Adding more searchDirectories C:\Program Files\dotnet\sdk\6.0.200\Extensions,C:\Program Files\dotnet\sdk\6.0.200
TpTrace Information: 0 : 38380, 1, 2022/04/08, 12:59:58.244, 23341725635367, vstest.console.dll, AssemblyResolver.AddSearchDirectories: Adding more searchDirectories C:\Program Files\dotnet\sdk\6.0.200\Extensions,C:\Program Files\dotnet\sdk\6.0.200
TpTrace Information: 0 : 38380, 1, 2022/04/08, 12:59:58.244, 23341725635575, vstest.console.dll, AssemblyResolver.AddSearchDirectories: Adding more searchDirectories C:\Program Files\dotnet\sdk\6.0.200\Extensions,C:\Program Files\dotnet\sdk\6.0.200
TpTrace Information: 0 : 38380, 1, 2022/04/08, 12:59:58.244, 23341725638496, vstest.console.dll, AssemblyResolver.OnResolve: DumpMinitool: Resolving assembly.
TpTrace Information: 0 : 38380, 1, 2022/04/08, 12:59:58.245, 23341725639007, vstest.console.dll, AssemblyResolver.OnResolve: DumpMinitool: Searching in: 'C:\Program Files\dotnet\sdk\6.0.200\Extensions'.
TpTrace Information: 0 : 38380, 1, 2022/04/08, 12:59:58.245, 23341725639914, vstest.console.dll, AssemblyResolver.OnResolve: DumpMinitool: Assembly path does not exist: 'C:\Program Files\dotnet\sdk\6.0.200\Extensions\DumpMinitool.dll', returning.
TpTrace Information: 0 : 38380, 1, 2022/04/08, 12:59:58.245, 23341725647421, vstest.console.dll, AssemblyResolver.OnResolve: DumpMinitool: Loading assembly 'C:\Program Files\dotnet\sdk\6.0.200\Extensions\DumpMinitool.exe'.
TpTrace Information: 0 : 38380, 1, 2022/04/08, 12:59:58.246, 23341725651924, vstest.console.dll, AssemblyResolver.OnResolve: Resolved assembly: DumpMinitool, from path: C:\Program Files\dotnet\sdk\6.0.200\Extensions\DumpMinitool.exe
TpTrace Information: 0 : 38380, 1, 2022/04/08, 12:59:58.249, 23341725684298, vstest.console.dll, AssemblyResolver.OnResolve: DumpMinitool.x86: Resolving assembly.
TpTrace Information: 0 : 38380, 1, 2022/04/08, 12:59:58.249, 23341725684943, vstest.console.dll, AssemblyResolver.OnResolve: DumpMinitool.x86: Searching in: 'C:\Program Files\dotnet\sdk\6.0.200\Extensions'.
TpTrace Information: 0 : 38380, 1, 2022/04/08, 12:59:58.249, 23341725685622, vstest.console.dll, AssemblyResolver.OnResolve: DumpMinitool.x86: Assembly path does not exist: 'C:\Program Files\dotnet\sdk\6.0.200\Extensions\DumpMinitool.x86.dll', returning.
TpTrace Information: 0 : 38380, 1, 2022/04/08, 12:59:58.250, 23341725693671, vstest.console.dll, AssemblyResolver.OnResolve: DumpMinitool.x86: Loading assembly 'C:\Program Files\dotnet\sdk\6.0.200\Extensions\DumpMinitool.x86.exe'.
TpTrace Information: 0 : 38380, 1, 2022/04/08, 12:59:58.251, 23341725699300, vstest.console.dll, AssemblyResolver.OnResolve: Resolved assembly: DumpMinitool.x86, from path: C:\Program Files\dotnet\sdk\6.0.200\Extensions\DumpMinitool.x86.exe
TpTrace Information: 0 : 38380, 1, 2022/04/08, 12:59:58.251, 23341725702258, vstest.console.dll, AssemblyResolver.OnResolve: Microsoft.Diagnostics.NETCore.Client: Resolving assembly.
TpTrace Information: 0 : 38380, 1, 2022/04/08, 12:59:58.251, 23341725702645, vstest.console.dll, AssemblyResolver.OnResolve: Microsoft.Diagnostics.NETCore.Client: Searching in: 'C:\Program Files\dotnet\sdk\6.0.200\Extensions'.
TpTrace Information: 0 : 38380, 1, 2022/04/08, 12:59:58.252, 23341725713341, vstest.console.dll, AssemblyResolver.OnResolve: Microsoft.Diagnostics.NETCore.Client: Loading assembly 'C:\Program Files\dotnet\sdk\6.0.200\Extensions\Microsoft.Diagnostics.NETCore.Client.dll'.
TpTrace Information: 0 : 38380, 1, 2022/04/08, 12:59:58.253, 23341725722398, vstest.console.dll, AssemblyResolver.OnResolve: Resolved assembly: Microsoft.Diagnostics.NETCore.Client, from path: C:\Program Files\dotnet\sdk\6.0.200\Extensions\Microsoft.Diagnostics.NETCore.Client.dll
TpTrace Information: 0 : 38380, 1, 2022/04/08, 12:59:58.255, 23341725741066, vstest.console.dll, AssemblyResolver.OnResolve: Microsoft.Bcl.AsyncInterfaces: Resolving assembly.
TpTrace Information: 0 : 38380, 1, 2022/04/08, 12:59:58.255, 23341725741650, vstest.console.dll, AssemblyResolver.OnResolve: Microsoft.Bcl.AsyncInterfaces: Searching in: 'C:\Program Files\dotnet\sdk\6.0.200\Extensions'.
TpTrace Information: 0 : 38380, 1, 2022/04/08, 12:59:58.255, 23341725742256, vstest.console.dll, AssemblyResolver.OnResolve: Microsoft.Bcl.AsyncInterfaces: Assembly path does not exist: 'C:\Program Files\dotnet\sdk\6.0.200\Extensions\Microsoft.Bcl.AsyncInterfaces.dll', returning.
TpTrace Information: 0 : 38380, 1, 2022/04/08, 12:59:58.255, 23341725742788, vstest.console.dll, AssemblyResolver.OnResolve: Microsoft.Bcl.AsyncInterfaces: Assembly path does not exist: 'C:\Program Files\dotnet\sdk\6.0.200\Extensions\Microsoft.Bcl.AsyncInterfaces.exe', returning.
TpTrace Information: 0 : 38380, 1, 2022/04/08, 12:59:58.255, 23341725743010, vstest.console.dll, AssemblyResolver.OnResolve: Microsoft.Bcl.AsyncInterfaces: Searching in: 'C:\Program Files\dotnet\sdk\6.0.200'.
TpTrace Information: 0 : 38380, 1, 2022/04/08, 12:59:58.255, 23341725743453, vstest.console.dll, AssemblyResolver.OnResolve: Microsoft.Bcl.AsyncInterfaces: Assembly path does not exist: 'C:\Program Files\dotnet\sdk\6.0.200\Microsoft.Bcl.AsyncInterfaces.dll', returning.
TpTrace Information: 0 : 38380, 1, 2022/04/08, 12:59:58.255, 23341725743882, vstest.console.dll, AssemblyResolver.OnResolve: Microsoft.Bcl.AsyncInterfaces: Assembly path does not exist: 'C:\Program Files\dotnet\sdk\6.0.200\Microsoft.Bcl.AsyncInterfaces.exe', returning.
TpTrace Information: 0 : 38380, 1, 2022/04/08, 12:59:58.255, 23341725744160, vstest.console.dll, AssemblyResolver.OnResolve: Microsoft.Bcl.AsyncInterfaces: Failed to load assembly.
TpTrace Verbose: 0 : 38380, 1, 2022/04/08, 12:59:58.255, 23341725744492, vstest.console.dll, CurrentDomainAssemblyResolve: Resolving assembly 'Microsoft.Bcl.AsyncInterfaces'.
TpTrace Information: 0 : 38380, 1, 2022/04/08, 12:59:58.255, 23341725744923, vstest.console.dll, AssemblyResolver.OnResolve: Microsoft.Bcl.AsyncInterfaces: Resolving assembly.
TpTrace Information: 0 : 38380, 1, 2022/04/08, 12:59:58.255, 23341725745213, vstest.console.dll, AssemblyResolver.OnResolve: Microsoft.Bcl.AsyncInterfaces: Resolved from cache.
TpTrace Verbose: 0 : 38380, 1, 2022/04/08, 12:59:58.255, 23341725745485, vstest.console.dll, CurrentDomainAssemblyResolve: Resolving assembly 'Microsoft.Bcl.AsyncInterfaces'.
TpTrace Verbose: 0 : 38380, 1, 2022/04/08, 12:59:58.255, 23341725745831, vstest.console.dll, CurrentDomainAssemblyResolve: Failed to resolve assembly 'Microsoft.Bcl.AsyncInterfaces'.
TpTrace Verbose: 0 : 38380, 1, 2022/04/08, 12:59:58.255, 23341725748333, vstest.console.dll, CurrentDomainAssemblyResolve: Failed to resolve assembly 'Microsoft.Bcl.AsyncInterfaces'.
TpTrace Warning: 0 : 38380, 1, 2022/04/08, 12:59:58.274, 23341725936223, vstest.console.dll, TestPluginDiscoverer: Failed to get types from assembly 'Microsoft.Diagnostics.NETCore.Client, Version=0.2.5.801, Culture=neutral, PublicKeyToken=31bf3856ad364e35'.  Skipping test extension scan for this assembly.  Error: System.Reflection.ReflectionTypeLoadException: Unable to load one or more of the requested types.
Could not load file or assembly 'Microsoft.Bcl.AsyncInterfaces, Version=1.0.0.0, Culture=neutral, PublicKeyToken=cc7b13ffcd2ddd51'. The system cannot find the file specified.
   at System.Reflection.RuntimeModule.GetTypes(RuntimeModule module)
   at System.Reflection.Assembly.GetTypes()
   at Microsoft.VisualStudio.TestPlatform.Common.ExtensionFramework.TestPluginDiscoverer.GetTestExtensionsFromAssembly[TPluginInfo,TExtension](Assembly assembly, Dictionary`2 pluginInfos)
System.IO.FileNotFoundException: Could not load file or assembly 'Microsoft.Bcl.AsyncInterfaces, Version=1.0.0.0, Culture=neutral, PublicKeyToken=cc7b13ffcd2ddd51'. The system cannot find the file specified.
File name: 'Microsoft.Bcl.AsyncInterfaces, Version=1.0.0.0, Culture=neutral, PublicKeyToken=cc7b13ffcd2ddd51'
 ---> System.IO.FileNotFoundException: Could not load file or assembly 'Microsoft.Bcl.AsyncInterfaces, Culture=neutral, PublicKeyToken=null'. The system cannot find the file specified.
File name: 'Microsoft.Bcl.AsyncInterfaces, Culture=neutral, PublicKeyToken=null'
   at System.Reflection.RuntimeAssembly.InternalLoad(ObjectHandleOnStack assemblyName, ObjectHandleOnStack requestingAssembly, StackCrawlMarkHandle stackMark, Boolean throwOnFileNotFound, ObjectHandleOnStack assemblyLoadContext, ObjectHandleOnStack retAssembly)
   at System.Reflection.RuntimeAssembly.InternalLoad(AssemblyName assemblyName, RuntimeAssembly requestingAssembly, StackCrawlMark& stackMark, Boolean throwOnFileNotFound, AssemblyLoadContext assemblyLoadContext)
   at System.Reflection.Assembly.Load(AssemblyName assemblyRef)
   at Microsoft.VisualStudio.TestPlatform.Common.ExtensionFramework.TestPluginCache.CurrentDomainAssemblyResolve(Object sender, AssemblyResolveEventArgs args)
   at Microsoft.VisualStudio.TestPlatform.PlatformAbstractions.PlatformAssemblyResolver.AssemblyResolverEvent(Object sender, Object eventArgs)
   at System.Runtime.Loader.AssemblyLoadContext.GetFirstResolvedAssemblyFromResolvingEvent(AssemblyName assemblyName)
   at System.Runtime.Loader.AssemblyLoadContext.ResolveUsingEvent(AssemblyName assemblyName)
   at System.Runtime.Loader.AssemblyLoadContext.ResolveUsingResolvingEvent(IntPtr gchManagedAssemblyLoadContext, AssemblyName assemblyName)
TpTrace Warning: 0 : 38380, 1, 2022/04/08, 12:59:58.274, 23341725937607, vstest.console.dll, LoaderExceptions: System.IO.FileNotFoundException: Could not load file or assembly 'Microsoft.Bcl.AsyncInterfaces, Version=1.0.0.0, Culture=neutral, PublicKeyToken=cc7b13ffcd2ddd51'. The system cannot find the file specified.
File name: 'Microsoft.Bcl.AsyncInterfaces, Version=1.0.0.0, Culture=neutral, PublicKeyToken=cc7b13ffcd2ddd51'
 ---> System.IO.FileNotFoundException: Could not load file or assembly 'Microsoft.Bcl.AsyncInterfaces, Culture=neutral, PublicKeyToken=null'. The system cannot find the file specified.
File name: 'Microsoft.Bcl.AsyncInterfaces, Culture=neutral, PublicKeyToken=null'
   at System.Reflection.RuntimeAssembly.InternalLoad(ObjectHandleOnStack assemblyName, ObjectHandleOnStack requestingAssembly, StackCrawlMarkHandle stackMark, Boolean throwOnFileNotFound, ObjectHandleOnStack assemblyLoadContext, ObjectHandleOnStack retAssembly)
   at System.Reflection.RuntimeAssembly.InternalLoad(AssemblyName assemblyName, RuntimeAssembly requestingAssembly, StackCrawlMark& stackMark, Boolean throwOnFileNotFound, AssemblyLoadContext assemblyLoadContext)
   at System.Reflection.Assembly.Load(AssemblyName assemblyRef)
   at Microsoft.VisualStudio.TestPlatform.Common.ExtensionFramework.TestPluginCache.CurrentDomainAssemblyResolve(Object sender, AssemblyResolveEventArgs args)
   at Microsoft.VisualStudio.TestPlatform.PlatformAbstractions.PlatformAssemblyResolver.AssemblyResolverEvent(Object sender, Object eventArgs)
   at System.Runtime.Loader.AssemblyLoadContext.GetFirstResolvedAssemblyFromResolvingEvent(AssemblyName assemblyName)
   at System.Runtime.Loader.AssemblyLoadContext.ResolveUsingEvent(AssemblyName assemblyName)
   at System.Runtime.Loader.AssemblyLoadContext.ResolveUsingResolvingEvent(IntPtr gchManagedAssemblyLoadContext, AssemblyName assemblyName)
TpTrace Information: 0 : 38380, 1, 2022/04/08, 12:59:58.274, 23341725938623, vstest.console.dll, AssemblyResolver.OnResolve: Microsoft.TestPlatform.Extensions.BlameDataCollector: Resolving assembly.
TpTrace Information: 0 : 38380, 1, 2022/04/08, 12:59:58.275, 23341725938934, vstest.console.dll, AssemblyResolver.OnResolve: Microsoft.TestPlatform.Extensions.BlameDataCollector: Searching in: 'C:\Program Files\dotnet\sdk\6.0.200\Extensions'.
TpTrace Information: 0 : 38380, 1, 2022/04/08, 12:59:58.275, 23341725948508, vstest.console.dll, AssemblyResolver.OnResolve: Microsoft.TestPlatform.Extensions.BlameDataCollector: Loading assembly 'C:\Program Files\dotnet\sdk\6.0.200\Extensions\Microsoft.TestPlatform.Extensions.BlameDataCollector.dll'.
TpTrace Information: 0 : 38380, 1, 2022/04/08, 12:59:58.276, 23341725952222, vstest.console.dll, AssemblyResolver.OnResolve: Resolved assembly: Microsoft.TestPlatform.Extensions.BlameDataCollector, from path: C:\Program Files\dotnet\sdk\6.0.200\Extensions\Microsoft.TestPlatform.Extensions.BlameDataCollector.dll
TpTrace Information: 0 : 38380, 1, 2022/04/08, 12:59:58.276, 23341725957791, vstest.console.dll, AssemblyResolver.OnResolve: Microsoft.TestPlatform.Extensions.EventLogCollector: Resolving assembly.
TpTrace Information: 0 : 38380, 1, 2022/04/08, 12:59:58.276, 23341725958213, vstest.console.dll, AssemblyResolver.OnResolve: Microsoft.TestPlatform.Extensions.EventLogCollector: Searching in: 'C:\Program Files\dotnet\sdk\6.0.200\Extensions'.
TpTrace Information: 0 : 38380, 1, 2022/04/08, 12:59:58.277, 23341725963173, vstest.console.dll, AssemblyResolver.OnResolve: Microsoft.TestPlatform.Extensions.EventLogCollector: Loading assembly 'C:\Program Files\dotnet\sdk\6.0.200\Extensions\Microsoft.TestPlatform.Extensions.EventLogCollector.dll'.
TpTrace Information: 0 : 38380, 1, 2022/04/08, 12:59:58.277, 23341725966314, vstest.console.dll, AssemblyResolver.OnResolve: Resolved assembly: Microsoft.TestPlatform.Extensions.EventLogCollector, from path: C:\Program Files\dotnet\sdk\6.0.200\Extensions\Microsoft.TestPlatform.Extensions.EventLogCollector.dll
TpTrace Information: 0 : 38380, 1, 2022/04/08, 12:59:58.278, 23341725970766, vstest.console.dll, AssemblyResolver.OnResolve: Microsoft.TestPlatform.TestHostRuntimeProvider: Resolving assembly.
TpTrace Information: 0 : 38380, 1, 2022/04/08, 12:59:58.278, 23341725971138, vstest.console.dll, AssemblyResolver.OnResolve: Microsoft.TestPlatform.TestHostRuntimeProvider: Searching in: 'C:\Program Files\dotnet\sdk\6.0.200\Extensions'.
TpTrace Information: 0 : 38380, 1, 2022/04/08, 12:59:58.278, 23341725978578, vstest.console.dll, AssemblyResolver.OnResolve: Microsoft.TestPlatform.TestHostRuntimeProvider: Loading assembly 'C:\Program Files\dotnet\sdk\6.0.200\Extensions\Microsoft.TestPlatform.TestHostRuntimeProvider.dll'.
TpTrace Information: 0 : 38380, 1, 2022/04/08, 12:59:58.279, 23341725985686, vstest.console.dll, AssemblyResolver.OnResolve: Resolved assembly: Microsoft.TestPlatform.TestHostRuntimeProvider, from path: C:\Program Files\dotnet\sdk\6.0.200\Extensions\Microsoft.TestPlatform.TestHostRuntimeProvider.dll
TpTrace Information: 0 : 38380, 1, 2022/04/08, 12:59:58.281, 23341725998848, vstest.console.dll, AssemblyResolver.OnResolve: Microsoft.VisualStudio.TestPlatform.Extensions.Html.TestLogger: Resolving assembly.
TpTrace Information: 0 : 38380, 1, 2022/04/08, 12:59:58.281, 23341725999453, vstest.console.dll, AssemblyResolver.OnResolve: Microsoft.VisualStudio.TestPlatform.Extensions.Html.TestLogger: Searching in: 'C:\Program Files\dotnet\sdk\6.0.200\Extensions'.
TpTrace Information: 0 : 38380, 1, 2022/04/08, 12:59:58.282, 23341726009562, vstest.console.dll, AssemblyResolver.OnResolve: Microsoft.VisualStudio.TestPlatform.Extensions.Html.TestLogger: Loading assembly 'C:\Program Files\dotnet\sdk\6.0.200\Extensions\Microsoft.VisualStudio.TestPlatform.Extensions.Html.TestLogger.dll'.
TpTrace Information: 0 : 38380, 1, 2022/04/08, 12:59:58.282, 23341726013705, vstest.console.dll, AssemblyResolver.OnResolve: Resolved assembly: Microsoft.VisualStudio.TestPlatform.Extensions.Html.TestLogger, from path: C:\Program Files\dotnet\sdk\6.0.200\Extensions\Microsoft.VisualStudio.TestPlatform.Extensions.Html.TestLogger.dll
TpTrace Information: 0 : 38380, 1, 2022/04/08, 12:59:58.282, 23341726016218, vstest.console.dll, AssemblyResolver.OnResolve: Microsoft.VisualStudio.TestPlatform.Extensions.Trx.TestLogger: Resolving assembly.
TpTrace Information: 0 : 38380, 1, 2022/04/08, 12:59:58.282, 23341726016814, vstest.console.dll, AssemblyResolver.OnResolve: Microsoft.VisualStudio.TestPlatform.Extensions.Trx.TestLogger: Searching in: 'C:\Program Files\dotnet\sdk\6.0.200\Extensions'.
TpTrace Information: 0 : 38380, 1, 2022/04/08, 12:59:58.283, 23341726027331, vstest.console.dll, AssemblyResolver.OnResolve: Microsoft.VisualStudio.TestPlatform.Extensions.Trx.TestLogger: Loading assembly 'C:\Program Files\dotnet\sdk\6.0.200\Extensions\Microsoft.VisualStudio.TestPlatform.Extensions.Trx.TestLogger.dll'.
TpTrace Information: 0 : 38380, 1, 2022/04/08, 12:59:58.284, 23341726034668, vstest.console.dll, AssemblyResolver.OnResolve: Resolved assembly: Microsoft.VisualStudio.TestPlatform.Extensions.Trx.TestLogger, from path: C:\Program Files\dotnet\sdk\6.0.200\Extensions\Microsoft.VisualStudio.TestPlatform.Extensions.Trx.TestLogger.dll
TpTrace Verbose: 0 : 38380, 1, 2022/04/08, 12:59:58.285, 23341726042669, vstest.console.dll, TestPluginCache: Discovered the extensions using extension path ''.
TpTrace Verbose: 0 : 38380, 1, 2022/04/08, 12:59:58.285, 23341726043248, vstest.console.dll, TestPluginCache: Discoverers are ''.
TpTrace Verbose: 0 : 38380, 1, 2022/04/08, 12:59:58.285, 23341726043467, vstest.console.dll, TestPluginCache: Executors are ''.
TpTrace Verbose: 0 : 38380, 1, 2022/04/08, 12:59:58.285, 23341726043646, vstest.console.dll, TestPluginCache: Executors2 are ''.
TpTrace Verbose: 0 : 38380, 1, 2022/04/08, 12:59:58.285, 23341726043878, vstest.console.dll, TestPluginCache: Setting providers are ''.
TpTrace Verbose: 0 : 38380, 1, 2022/04/08, 12:59:58.285, 23341726044059, vstest.console.dll, TestPluginCache: Loggers are ''.
TpTrace Information: 0 : 38380, 1, 2022/04/08, 12:59:58.288, 23341726076614, vstest.console.dll, RunTestsArgumentProcessor:Execute: Test run is starting.
TpTrace Verbose: 0 : 38380, 1, 2022/04/08, 12:59:58.288, 23341726077166, vstest.console.dll, RunTestsArgumentProcessor:Execute: Queuing Test run.
TpTrace Information: 0 : 38380, 1, 2022/04/08, 12:59:58.289, 23341726078831, vstest.console.dll, TestRequestManager.RunTests: run tests started.
TpTrace Information: 0 : 38380, 1, 2022/04/08, 12:59:58.291, 23341726104377, vstest.console.dll, AssemblyMetadataProvider.GetFrameWork: Determined framework:'.NETCoreApp,Version=v6.0' for source: 'C:\Users\ilupa\Desktop\Lucru\Internship\Behavioral Design Pattern\BehavioralDesignPattern.MSUnitTests\bin\Debug\net6.0\fine-code-coverage\build-output\BehavioralDesignPattern.MSUnitTests.dll'
TpTrace Information: 0 : 38380, 1, 2022/04/08, 12:59:58.291, 23341726105539, vstest.console.dll, Determined framework for all sources: .NETCoreApp,Version=v6.0
TpTrace Verbose: 0 : 38380, 1, 2022/04/08, 12:59:58.291, 23341726107615, vstest.console.dll, Default architecture: X64 IsDefaultTargetArchitecture: True
TpTrace Information: 0 : 38380, 1, 2022/04/08, 12:59:58.292, 23341726109654, vstest.console.dll, AssemblyMetadataProvider.GetArchitecture: Determined architecture:AnyCPU info for assembly: C:\Users\ilupa\Desktop\Lucru\Internship\Behavioral Design Pattern\BehavioralDesignPattern.MSUnitTests\bin\Debug\net6.0\fine-code-coverage\build-output\BehavioralDesignPattern.MSUnitTests.dll
TpTrace Information: 0 : 38380, 1, 2022/04/08, 12:59:58.292, 23341726109966, vstest.console.dll, Determined platform for source 'C:\Users\ilupa\Desktop\Lucru\Internship\Behavioral Design Pattern\BehavioralDesignPattern.MSUnitTests\bin\Debug\net6.0\fine-code-coverage\build-output\BehavioralDesignPattern.MSUnitTests.dll' is 'AnyCPU'
TpTrace Information: 0 : 38380, 1, 2022/04/08, 12:59:58.293, 23341726122763, vstest.console.dll, Determined platform for all sources: X64
TpTrace Information: 0 : 38380, 1, 2022/04/08, 12:59:58.293, 23341726123170, vstest.console.dll, Infered platform 'X64'.
TpTrace Information: 0 : 38380, 1, 2022/04/08, 12:59:58.293, 23341726123416, vstest.console.dll, Platform update to 'X64' required.
TpTrace Information: 0 : 38380, 1, 2022/04/08, 12:59:58.295, 23341726141620, vstest.console.dll, Compatible sources list : 
TpTrace Information: 0 : 38380, 1, 2022/04/08, 12:59:58.295, 23341726142163, vstest.console.dll, C:\Users\ilupa\Desktop\Lucru\Internship\Behavioral Design Pattern\BehavioralDesignPattern.MSUnitTests\bin\Debug\net6.0\fine-code-coverage\build-output\BehavioralDesignPattern.MSUnitTests.dll
TpTrace Information: 0 : 38380, 1, 2022/04/08, 12:59:58.297, 23341726163912, vstest.console.dll, InferRunSettingsHelper.IsTestSettingsEnabled: Unable to navigate to RunSettings/MSTest. Current node: RunSettings
TpTrace Information: 0 : 38380, 1, 2022/04/08, 12:59:58.298, 23341726170014, vstest.console.dll, AssemblyResolver.OnResolve: Microsoft.VisualStudio.TestPlatform.Fakes: Resolving assembly.
TpTrace Information: 0 : 38380, 1, 2022/04/08, 12:59:58.298, 23341726170712, vstest.console.dll, AssemblyResolver.OnResolve: Microsoft.VisualStudio.TestPlatform.Fakes: Searching in: 'C:\Program Files\dotnet\sdk\6.0.200\Extensions'.
TpTrace Information: 0 : 38380, 1, 2022/04/08, 12:59:58.298, 23341726171808, vstest.console.dll, AssemblyResolver.OnResolve: Microsoft.VisualStudio.TestPlatform.Fakes: Assembly path does not exist: 'C:\Program Files\dotnet\sdk\6.0.200\Extensions\Microsoft.VisualStudio.TestPlatform.Fakes.dll', returning.
TpTrace Information: 0 : 38380, 1, 2022/04/08, 12:59:58.298, 23341726172739, vstest.console.dll, AssemblyResolver.OnResolve: Microsoft.VisualStudio.TestPlatform.Fakes: Assembly path does not exist: 'C:\Program Files\dotnet\sdk\6.0.200\Extensions\Microsoft.VisualStudio.TestPlatform.Fakes.exe', returning.
TpTrace Information: 0 : 38380, 1, 2022/04/08, 12:59:58.298, 23341726172981, vstest.console.dll, AssemblyResolver.OnResolve: Microsoft.VisualStudio.TestPlatform.Fakes: Searching in: 'C:\Program Files\dotnet\sdk\6.0.200'.
TpTrace Information: 0 : 38380, 1, 2022/04/08, 12:59:58.298, 23341726173512, vstest.console.dll, AssemblyResolver.OnResolve: Microsoft.VisualStudio.TestPlatform.Fakes: Assembly path does not exist: 'C:\Program Files\dotnet\sdk\6.0.200\Microsoft.VisualStudio.TestPlatform.Fakes.dll', returning.
TpTrace Information: 0 : 38380, 1, 2022/04/08, 12:59:58.298, 23341726173962, vstest.console.dll, AssemblyResolver.OnResolve: Microsoft.VisualStudio.TestPlatform.Fakes: Assembly path does not exist: 'C:\Program Files\dotnet\sdk\6.0.200\Microsoft.VisualStudio.TestPlatform.Fakes.exe', returning.
TpTrace Information: 0 : 38380, 1, 2022/04/08, 12:59:58.298, 23341726174261, vstest.console.dll, AssemblyResolver.OnResolve: Microsoft.VisualStudio.TestPlatform.Fakes: Failed to load assembly.
TpTrace Information: 0 : 38380, 1, 2022/04/08, 12:59:58.298, 23341726176581, vstest.console.dll, Failed to load assembly Microsoft.VisualStudio.TestPlatform.Fakes, Version=17.0.0.0, Culture=neutral. Reason:System.IO.FileNotFoundException: Could not load file or assembly 'Microsoft.VisualStudio.TestPlatform.Fakes, Version=17.0.0.0, Culture=neutral, PublicKeyToken=null'. The system cannot find the file specified.
File name: 'Microsoft.VisualStudio.TestPlatform.Fakes, Version=17.0.0.0, Culture=neutral, PublicKeyToken=null'
   at System.Reflection.RuntimeAssembly.InternalLoad(ObjectHandleOnStack assemblyName, ObjectHandleOnStack requestingAssembly, StackCrawlMarkHandle stackMark, Boolean throwOnFileNotFound, ObjectHandleOnStack assemblyLoadContext, ObjectHandleOnStack retAssembly)
   at System.Reflection.RuntimeAssembly.InternalLoad(AssemblyName assemblyName, RuntimeAssembly requestingAssembly, StackCrawlMark& stackMark, Boolean throwOnFileNotFound, AssemblyLoadContext assemblyLoadContext)
   at System.Reflection.Assembly.Load(AssemblyName assemblyRef)
   at Microsoft.VisualStudio.TestPlatform.Common.Utilities.FakesUtilities.LoadTestPlatformAssembly()
TpTrace Verbose: 0 : 38380, 1, 2022/04/08, 12:59:58.301, 23341726206235, vstest.console.dll, TestPluginCache.DiscoverTestExtensions: finding test extensions in assemblies ends with: TestLogger.dll TPluginInfo: Microsoft.VisualStudio.TestPlatform.Common.ExtensionFramework.Utilities.TestLoggerPluginInformation TExtension: Microsoft.VisualStudio.TestPlatform.ObjectModel.Client.ITestLogger
TpTrace Verbose: 0 : 38380, 1, 2022/04/08, 12:59:58.301, 23341726207025, vstest.console.dll, TestPluginCache.GetExtensionPaths: Filtered extension paths: 
TpTrace Verbose: 0 : 38380, 1, 2022/04/08, 12:59:58.301, 23341726207310, vstest.console.dll, TestPluginCache.GetExtensionPaths: Added default extension paths: C:\Program Files\dotnet\sdk\6.0.200\Extensions\DumpMinitool.exe
C:\Program Files\dotnet\sdk\6.0.200\Extensions\DumpMinitool.x86.exe
C:\Program Files\dotnet\sdk\6.0.200\Extensions\Microsoft.Diagnostics.NETCore.Client.dll
C:\Program Files\dotnet\sdk\6.0.200\Extensions\Microsoft.TestPlatform.Extensions.BlameDataCollector.dll
C:\Program Files\dotnet\sdk\6.0.200\Extensions\Microsoft.TestPlatform.Extensions.EventLogCollector.dll
C:\Program Files\dotnet\sdk\6.0.200\Extensions\Microsoft.TestPlatform.TestHostRuntimeProvider.dll
C:\Program Files\dotnet\sdk\6.0.200\Extensions\Microsoft.VisualStudio.TestPlatform.Extensions.Html.TestLogger.dll
C:\Program Files\dotnet\sdk\6.0.200\Extensions\Microsoft.VisualStudio.TestPlatform.Extensions.Trx.TestLogger.dll
TpTrace Verbose: 0 : 38380, 1, 2022/04/08, 12:59:58.301, 23341726207564, vstest.console.dll, TestPluginCache.GetExtensionPaths: Added unfilterableExtensionPaths: 
TpTrace Information: 0 : 38380, 1, 2022/04/08, 12:59:58.302, 23341726208678, vstest.console.dll, AssemblyResolver.AddSearchDirectories: Adding more searchDirectories C:\Program Files\dotnet\sdk\6.0.200\Extensions,C:\Program Files\dotnet\sdk\6.0.200
TpTrace Verbose: 0 : 38380, 1, 2022/04/08, 12:59:58.302, 23341726209003, vstest.console.dll, TestPluginCache.DiscoverTestExtensions: Discovering the extensions using extension path.
TpTrace Verbose: 0 : 38380, 1, 2022/04/08, 12:59:58.302, 23341726209318, vstest.console.dll, TestPluginCache.GetExtensionPaths: Filtered extension paths: 
TpTrace Verbose: 0 : 38380, 1, 2022/04/08, 12:59:58.302, 23341726209524, vstest.console.dll, TestPluginCache.GetExtensionPaths: Added default extension paths: C:\Program Files\dotnet\sdk\6.0.200\Extensions\DumpMinitool.exe
C:\Program Files\dotnet\sdk\6.0.200\Extensions\DumpMinitool.x86.exe
C:\Program Files\dotnet\sdk\6.0.200\Extensions\Microsoft.Diagnostics.NETCore.Client.dll
C:\Program Files\dotnet\sdk\6.0.200\Extensions\Microsoft.TestPlatform.Extensions.BlameDataCollector.dll
C:\Program Files\dotnet\sdk\6.0.200\Extensions\Microsoft.TestPlatform.Extensions.EventLogCollector.dll
C:\Program Files\dotnet\sdk\6.0.200\Extensions\Microsoft.TestPlatform.TestHostRuntimeProvider.dll
C:\Program Files\dotnet\sdk\6.0.200\Extensions\Microsoft.VisualStudio.TestPlatform.Extensions.Html.TestLogger.dll
C:\Program Files\dotnet\sdk\6.0.200\Extensions\Microsoft.VisualStudio.TestPlatform.Extensions.Trx.TestLogger.dll
TpTrace Verbose: 0 : 38380, 1, 2022/04/08, 12:59:58.302, 23341726210186, vstest.console.dll, TestPluginCache.GetExtensionPaths: Added unfilterableExtensionPaths: 
TpTrace Verbose: 0 : 38380, 1, 2022/04/08, 12:59:58.302, 23341726210453, vstest.console.dll, TestPluginCache.DiscoverTestExtensions: Discovering the extensions using allExtensionPaths: C:\Program Files\dotnet\sdk\6.0.200\Extensions\DumpMinitool.exe
C:\Program Files\dotnet\sdk\6.0.200\Extensions\DumpMinitool.x86.exe
C:\Program Files\dotnet\sdk\6.0.200\Extensions\Microsoft.Diagnostics.NETCore.Client.dll
C:\Program Files\dotnet\sdk\6.0.200\Extensions\Microsoft.TestPlatform.Extensions.BlameDataCollector.dll
C:\Program Files\dotnet\sdk\6.0.200\Extensions\Microsoft.TestPlatform.Extensions.EventLogCollector.dll
C:\Program Files\dotnet\sdk\6.0.200\Extensions\Microsoft.TestPlatform.TestHostRuntimeProvider.dll
C:\Program Files\dotnet\sdk\6.0.200\Extensions\Microsoft.VisualStudio.TestPlatform.Extensions.Html.TestLogger.dll
C:\Program Files\dotnet\sdk\6.0.200\Extensions\Microsoft.VisualStudio.TestPlatform.Extensions.Trx.TestLogger.dll
TpTrace Information: 0 : 38380, 1, 2022/04/08, 12:59:58.302, 23341726210791, vstest.console.dll, AssemblyResolver.AddSearchDirectories: Adding more searchDirectories C:\Program Files\dotnet\sdk\6.0.200\Extensions,C:\Program Files\dotnet\sdk\6.0.200
TpTrace Information: 0 : 38380, 1, 2022/04/08, 12:59:58.302, 23341726211023, vstest.console.dll, AssemblyResolver.AddSearchDirectories: Adding more searchDirectories C:\Program Files\dotnet\sdk\6.0.200\Extensions,C:\Program Files\dotnet\sdk\6.0.200
TpTrace Information: 0 : 38380, 1, 2022/04/08, 12:59:58.302, 23341726211275, vstest.console.dll, AssemblyResolver.AddSearchDirectories: Adding more searchDirectories C:\Program Files\dotnet\sdk\6.0.200\Extensions,C:\Program Files\dotnet\sdk\6.0.200
TpTrace Information: 0 : 38380, 1, 2022/04/08, 12:59:58.302, 23341726211494, vstest.console.dll, AssemblyResolver.AddSearchDirectories: Adding more searchDirectories C:\Program Files\dotnet\sdk\6.0.200\Extensions,C:\Program Files\dotnet\sdk\6.0.200
TpTrace Information: 0 : 38380, 1, 2022/04/08, 12:59:58.302, 23341726211694, vstest.console.dll, AssemblyResolver.AddSearchDirectories: Adding more searchDirectories C:\Program Files\dotnet\sdk\6.0.200\Extensions,C:\Program Files\dotnet\sdk\6.0.200
TpTrace Information: 0 : 38380, 1, 2022/04/08, 12:59:58.302, 23341726211894, vstest.console.dll, AssemblyResolver.AddSearchDirectories: Adding more searchDirectories C:\Program Files\dotnet\sdk\6.0.200\Extensions,C:\Program Files\dotnet\sdk\6.0.200
TpTrace Information: 0 : 38380, 1, 2022/04/08, 12:59:58.302, 23341726212122, vstest.console.dll, AssemblyResolver.AddSearchDirectories: Adding more searchDirectories C:\Program Files\dotnet\sdk\6.0.200\Extensions,C:\Program Files\dotnet\sdk\6.0.200
TpTrace Information: 0 : 38380, 1, 2022/04/08, 12:59:58.302, 23341726212322, vstest.console.dll, AssemblyResolver.AddSearchDirectories: Adding more searchDirectories C:\Program Files\dotnet\sdk\6.0.200\Extensions,C:\Program Files\dotnet\sdk\6.0.200
TpTrace Information: 0 : 38380, 1, 2022/04/08, 12:59:58.302, 23341726214629, vstest.console.dll, AssemblyResolver.OnResolve: Microsoft.Bcl.AsyncInterfaces: Resolving assembly.
TpTrace Information: 0 : 38380, 1, 2022/04/08, 12:59:58.302, 23341726214940, vstest.console.dll, AssemblyResolver.OnResolve: Microsoft.Bcl.AsyncInterfaces: Resolved from cache.
TpTrace Verbose: 0 : 38380, 1, 2022/04/08, 12:59:58.302, 23341726215169, vstest.console.dll, CurrentDomainAssemblyResolve: Resolving assembly 'Microsoft.Bcl.AsyncInterfaces'.
TpTrace Information: 0 : 38380, 1, 2022/04/08, 12:59:58.302, 23341726215480, vstest.console.dll, AssemblyResolver.OnResolve: Microsoft.Bcl.AsyncInterfaces: Resolving assembly.
TpTrace Information: 0 : 38380, 1, 2022/04/08, 12:59:58.302, 23341726215683, vstest.console.dll, AssemblyResolver.OnResolve: Microsoft.Bcl.AsyncInterfaces: Resolved from cache.
TpTrace Verbose: 0 : 38380, 1, 2022/04/08, 12:59:58.302, 23341726215888, vstest.console.dll, CurrentDomainAssemblyResolve: Resolving assembly 'Microsoft.Bcl.AsyncInterfaces'.
TpTrace Verbose: 0 : 38380, 1, 2022/04/08, 12:59:58.302, 23341726216092, vstest.console.dll, CurrentDomainAssemblyResolve: Failed to resolve assembly 'Microsoft.Bcl.AsyncInterfaces'.
TpTrace Verbose: 0 : 38380, 1, 2022/04/08, 12:59:58.302, 23341726217280, vstest.console.dll, CurrentDomainAssemblyResolve: Failed to resolve assembly 'Microsoft.Bcl.AsyncInterfaces'.
TpTrace Warning: 0 : 38380, 1, 2022/04/08, 12:59:58.303, 23341726219718, vstest.console.dll, TestPluginDiscoverer: Failed to get types from assembly 'Microsoft.Diagnostics.NETCore.Client, Version=0.2.5.801, Culture=neutral, PublicKeyToken=31bf3856ad364e35'.  Skipping test extension scan for this assembly.  Error: System.Reflection.ReflectionTypeLoadException: Unable to load one or more of the requested types.
Could not load file or assembly 'Microsoft.Bcl.AsyncInterfaces, Version=1.0.0.0, Culture=neutral, PublicKeyToken=cc7b13ffcd2ddd51'. The system cannot find the file specified.
   at System.Reflection.RuntimeModule.GetTypes(RuntimeModule module)
   at System.Reflection.Assembly.GetTypes()
   at Microsoft.VisualStudio.TestPlatform.Common.ExtensionFramework.TestPluginDiscoverer.GetTestExtensionsFromAssembly[TPluginInfo,TExtension](Assembly assembly, Dictionary`2 pluginInfos)
System.IO.FileNotFoundException: Could not load file or assembly 'Microsoft.Bcl.AsyncInterfaces, Version=1.0.0.0, Culture=neutral, PublicKeyToken=cc7b13ffcd2ddd51'. The system cannot find the file specified.
File name: 'Microsoft.Bcl.AsyncInterfaces, Version=1.0.0.0, Culture=neutral, PublicKeyToken=cc7b13ffcd2ddd51'
 ---> System.IO.FileNotFoundException: Could not load file or assembly 'Microsoft.Bcl.AsyncInterfaces, Culture=neutral, PublicKeyToken=null'. The system cannot find the file specified.
File name: 'Microsoft.Bcl.AsyncInterfaces, Culture=neutral, PublicKeyToken=null'
   at System.Reflection.RuntimeAssembly.InternalLoad(ObjectHandleOnStack assemblyName, ObjectHandleOnStack requestingAssembly, StackCrawlMarkHandle stackMark, Boolean throwOnFileNotFound, ObjectHandleOnStack assemblyLoadContext, ObjectHandleOnStack retAssembly)
   at System.Reflection.RuntimeAssembly.InternalLoad(AssemblyName assemblyName, RuntimeAssembly requestingAssembly, StackCrawlMark& stackMark, Boolean throwOnFileNotFound, AssemblyLoadContext assemblyLoadContext)
   at System.Reflection.Assembly.Load(AssemblyName assemblyRef)
   at Microsoft.VisualStudio.TestPlatform.Common.ExtensionFramework.TestPluginCache.CurrentDomainAssemblyResolve(Object sender, AssemblyResolveEventArgs args)
   at Microsoft.VisualStudio.TestPlatform.PlatformAbstractions.PlatformAssemblyResolver.AssemblyResolverEvent(Object sender, Object eventArgs)
   at System.Runtime.Loader.AssemblyLoadContext.GetFirstResolvedAssemblyFromResolvingEvent(AssemblyName assemblyName)
   at System.Runtime.Loader.AssemblyLoadContext.ResolveUsingEvent(AssemblyName assemblyName)
   at System.Runtime.Loader.AssemblyLoadContext.ResolveUsingResolvingEvent(IntPtr gchManagedAssemblyLoadContext, AssemblyName assemblyName)
TpTrace Warning: 0 : 38380, 1, 2022/04/08, 12:59:58.303, 23341726220765, vstest.console.dll, LoaderExceptions: System.IO.FileNotFoundException: Could not load file or assembly 'Microsoft.Bcl.AsyncInterfaces, Version=1.0.0.0, Culture=neutral, PublicKeyToken=cc7b13ffcd2ddd51'. The system cannot find the file specified.
File name: 'Microsoft.Bcl.AsyncInterfaces, Version=1.0.0.0, Culture=neutral, PublicKeyToken=cc7b13ffcd2ddd51'
 ---> System.IO.FileNotFoundException: Could not load file or assembly 'Microsoft.Bcl.AsyncInterfaces, Culture=neutral, PublicKeyToken=null'. The system cannot find the file specified.
File name: 'Microsoft.Bcl.AsyncInterfaces, Culture=neutral, PublicKeyToken=null'
   at System.Reflection.RuntimeAssembly.InternalLoad(ObjectHandleOnStack assemblyName, ObjectHandleOnStack requestingAssembly, StackCrawlMarkHandle stackMark, Boolean throwOnFileNotFound, ObjectHandleOnStack assemblyLoadContext, ObjectHandleOnStack retAssembly)
   at System.Reflection.RuntimeAssembly.InternalLoad(AssemblyName assemblyName, RuntimeAssembly requestingAssembly, StackCrawlMark& stackMark, Boolean throwOnFileNotFound, AssemblyLoadContext assemblyLoadContext)
   at System.Reflection.Assembly.Load(AssemblyName assemblyRef)
   at Microsoft.VisualStudio.TestPlatform.Common.ExtensionFramework.TestPluginCache.CurrentDomainAssemblyResolve(Object sender, AssemblyResolveEventArgs args)
   at Microsoft.VisualStudio.TestPlatform.PlatformAbstractions.PlatformAssemblyResolver.AssemblyResolverEvent(Object sender, Object eventArgs)
   at System.Runtime.Loader.AssemblyLoadContext.GetFirstResolvedAssemblyFromResolvingEvent(AssemblyName assemblyName)
   at System.Runtime.Loader.AssemblyLoadContext.ResolveUsingEvent(AssemblyName assemblyName)
   at System.Runtime.Loader.AssemblyLoadContext.ResolveUsingResolvingEvent(IntPtr gchManagedAssemblyLoadContext, AssemblyName assemblyName)
TpTrace Verbose: 0 : 38380, 1, 2022/04/08, 12:59:58.303, 23341726223272, vstest.console.dll, TestPluginCache: Discovered the extensions using extension path ''.
TpTrace Verbose: 0 : 38380, 1, 2022/04/08, 12:59:58.303, 23341726223604, vstest.console.dll, TestPluginCache: Discoverers are ''.
TpTrace Verbose: 0 : 38380, 1, 2022/04/08, 12:59:58.303, 23341726223796, vstest.console.dll, TestPluginCache: Executors are ''.
TpTrace Verbose: 0 : 38380, 1, 2022/04/08, 12:59:58.303, 23341726223970, vstest.console.dll, TestPluginCache: Executors2 are ''.
TpTrace Verbose: 0 : 38380, 1, 2022/04/08, 12:59:58.303, 23341726224138, vstest.console.dll, TestPluginCache: Setting providers are ''.
TpTrace Verbose: 0 : 38380, 1, 2022/04/08, 12:59:58.303, 23341726224607, vstest.console.dll, TestPluginCache: Loggers are 'logger://Microsoft/TestPlatform/Extensions/Blame/v1,logger://Microsoft/TestPlatform/HtmlLogger/v1,logger://Microsoft/TestPlatform/TrxLogger/v1'.
TpTrace Information: 0 : 38380, 1, 2022/04/08, 12:59:58.304, 23341726229163, vstest.console.dll, TestPluginManager.CreateTestExtension: Attempting to load test extension: Microsoft.TestPlatform.Extensions.BlameDataCollector.BlameLogger
TpTrace Information: 0 : 38380, 1, 2022/04/08, 12:59:58.307, 23341726268204, vstest.console.dll, TestPluginManager.CreateTestExtension: Attempting to load test extension: Microsoft.VisualStudio.TestPlatform.CrossPlatEngine.Hosting.DefaultTestHostManager
TpTrace Information: 0 : 38380, 1, 2022/04/08, 12:59:58.308, 23341726274026, vstest.console.dll, TestPluginManager.CreateTestExtension: Attempting to load test extension: Microsoft.VisualStudio.TestPlatform.CrossPlatEngine.Hosting.DotnetTestHostManager
TpTrace Verbose: 0 : 38380, 1, 2022/04/08, 12:59:58.308, 23341726278251, vstest.console.dll, TestEngine: Initializing Parallel Execution as MaxCpuCount is set to: 1
TpTrace Information: 0 : 38380, 1, 2022/04/08, 12:59:58.309, 23341726282123, vstest.console.dll, InferRunSettingsHelper.IsTestSettingsEnabled: Unable to navigate to RunSettings/MSTest. Current node: RunSettings
TpTrace Verbose: 0 : 38380, 1, 2022/04/08, 12:59:58.324, 23341726430756, vstest.console.dll, TestRequestSender is acting as server
TpTrace Verbose: 0 : 38380, 5, 2022/04/08, 12:59:58.327, 23341726459653, vstest.console.dll, DataCollectionRequestSender.InitializeCommunication : Initialize communication. 
TpTrace Information: 0 : 38380, 5, 2022/04/08, 12:59:58.330, 23341726493529, vstest.console.dll, Listening on Endpoint : 127.0.0.1:61269
TpTrace Verbose: 0 : 38380, 5, 2022/04/08, 12:59:58.337, 23341726566362, vstest.console.dll, DotnetDataCollectionLauncher: Full path of dotnet.exe is C:\Program Files\dotnet\dotnet.exe
TpTrace Verbose: 0 : 38380, 5, 2022/04/08, 12:59:58.338, 23341726569525, vstest.console.dll, DotnetDataCollectionLauncher: Adding  --runtimeconfig "C:\Program Files\dotnet\sdk\6.0.200\datacollector.runtimeconfig.json" in args
TpTrace Verbose: 0 : 38380, 5, 2022/04/08, 12:59:58.338, 23341726572000, vstest.console.dll, DotnetDataCollectionLauncher: Adding  --depsfile "C:\Program Files\dotnet\sdk\6.0.200\datacollector.deps.json" in args
TpTrace Information: 0 : 38380, 5, 2022/04/08, 12:59:58.343, 23341726624249, vstest.console.dll, ProxyDataCollectionManager.Initialize: Launched datacollector processId: 21620 port: 61269
TpTrace Information: 0 : 38380, 5, 2022/04/08, 12:59:58.343, 23341726625333, vstest.console.dll, ProxyDataCollectionManager.Initialize: waiting for connection with timeout: 90 seconds
TpTrace Verbose: 0 : 38380, 5, 2022/04/08, 12:59:58.343, 23341726625734, vstest.console.dll, DataCollectionRequestSender.WaitForRequestHandlerConnection : Waiting for connection with timeout: 90000
TpTrace Information: 0 : 38380, 8, 2022/04/08, 12:59:58.427, 23341727461915, vstest.console.dll, Using the buffer size of 16384 bytes
TpTrace Verbose: 0 : 38380, 5, 2022/04/08, 12:59:58.427, 23341727462382, vstest.console.dll, ProxyDataCollectionManager.InvokeDataCollectionServiceAction: Starting.
TpTrace Information: 0 : 38380, 8, 2022/04/08, 12:59:58.427, 23341727462573, vstest.console.dll, Accepted Client request and set the flag
TpTrace Information: 0 : 38380, 5, 2022/04/08, 12:59:58.427, 23341727463253, vstest.console.dll, ProxyDataCollectionManager.BeforeTestRunStart: Get environment variable and port for datacollector processId: 21620 port: 61269
TpTrace Verbose: 0 : 38380, 5, 2022/04/08, 12:59:58.427, 23341727464312, vstest.console.dll, DataCollectionRequestSender.SendBeforeTestRunStartAndGetResult : Send BeforeTestRunStart message with settingsXml <RunSettings><RunConfiguration><ResultsDirectory>C:\Users\ilupa\Desktop\Lucru\Internship\Behavioral Design Pattern\BehavioralDesignPattern.MSUnitTests\bin\Debug\net6.0\fine-code-coverage\coverage-tool-output</ResultsDirectory><TargetPlatform>X64</TargetPlatform><TargetFrameworkVersion>.NETCoreApp,Version=v6.0</TargetFrameworkVersion><DesignMode>False</DesignMode><CollectSourceInformation>False</CollectSourceInformation><TestAdaptersPaths>C:\Program Files\dotnet\sdk\6.0.200\Extensions</TestAdaptersPaths></RunConfiguration><LoggerRunSettings><Loggers><Logger friendlyName="blame" enabled="True" /><Logger friendlyName="Console" uri="logger://microsoft/TestPlatform/ConsoleLogger/v1" assemblyQualifiedName="Microsoft.VisualStudio.TestPlatform.CommandLine.Internal.ConsoleLogger, vstest.console, Version=15.0.0.0, Culture=neutral, PublicKeyToken=b03f5f7f11d50a3a" codeBase="C:\Program Files\dotnet\sdk\6.0.200\vstest.console.dll" enabled="True" /></Loggers></LoggerRunSettings><DataCollectionRunSettings><DataCollectors><DataCollector friendlyName="blame" enabled="True"><Configuration><ResultsDirectory>C:\Users\ilupa\Desktop\Lucru\Internship\Behavioral Design Pattern\BehavioralDesignPattern.MSUnitTests\bin\Debug\net6.0\fine-code-coverage\coverage-tool-output</ResultsDirectory></Configuration></DataCollector></DataCollectors></DataCollectionRunSettings></RunSettings> and sources System.Linq.Enumerable+Concat2Iterator`1[System.String]: 
TpTrace Verbose: 0 : 38380, 5, 2022/04/08, 12:59:58.475, 23341727946236, vstest.console.dll, DataCollectionRequestSender.SendBeforeTestRunStartAndGetResult : Received message: (DataCollection.SendMessage) -> {
  "FriendlyName": null,
  "Uri": null,
  "TestCaseId": "00000000-0000-0000-0000-000000000000",
  "Message": "Logging DataCollector Diagnostics in file: C:\\Users\\ilupa\\Desktop\\Lucru\\Internship\\Behavioral Design Pattern\\BehavioralDesignPattern.MSUnitTests\\bin\\Debug\\net6.0\\fine-code-coverage\\coverage-tool-output\\diagnostics.datacollector.22-04-08_12-59-58_33499_5.log",
  "Level": 0
}
TpTrace Verbose: 0 : 38380, 5, 2022/04/08, 12:59:58.528, 23341728476509, vstest.console.dll, DataCollectionRequestSender.SendBeforeTestRunStartAndGetResult : Received message: (DataCollection.BeforeTestRunStartResult) -> {
  "EnvironmentVariables": {},
  "DataCollectionEventsPort": 61271
}
TpTrace Information: 0 : 38380, 5, 2022/04/08, 12:59:58.532, 23341728514452, vstest.console.dll, ProxyDataCollectionManager.BeforeTestRunStart: SendBeforeTestRunStartAndGetResult successful, env variable from datacollector:   and testhost port: 61271
TpTrace Information: 0 : 38380, 5, 2022/04/08, 12:59:58.532, 23341728515038, vstest.console.dll, ProxyDataCollectionManager.InvokeDataCollectionServiceAction: Completed.
TpTrace Verbose: 0 : 38380, 1, 2022/04/08, 12:59:58.532, 23341728515923, vstest.console.dll, TestRunRequest.ExecuteAsync: Creating test run request.
TpTrace Verbose: 0 : 38380, 1, 2022/04/08, 12:59:58.532, 23341728517757, vstest.console.dll, TestRunRequest.ExecuteAsync: Starting.
TpTrace Information: 0 : 38380, 1, 2022/04/08, 12:59:58.533, 23341728520066, vstest.console.dll, TestRunRequest.ExecuteAsync: Starting run with settings:TestRunCriteria:
   KeepAlive=False,FrequencyOfRunStatsChangeEvent=10,RunStatsChangeEventTimeout=00:00:01.5000000,TestCaseFilter=,TestExecutorLauncher=
   Settingsxml=<RunSettings>
  <RunConfiguration>
    <ResultsDirectory>C:\Users\ilupa\Desktop\Lucru\Internship\Behavioral Design Pattern\BehavioralDesignPattern.MSUnitTests\bin\Debug\net6.0\fine-code-coverage\coverage-tool-output</ResultsDirectory>
    <TargetPlatform>X64</TargetPlatform>
    <TargetFrameworkVersion>.NETCoreApp,Version=v6.0</TargetFrameworkVersion>
    <DesignMode>False</DesignMode>
    <CollectSourceInformation>False</CollectSourceInformation>
  </RunConfiguration>
  <LoggerRunSettings>
    <Loggers>
      <Logger friendlyName="blame" enabled="True" />
      <Logger friendlyName="Console" uri="logger://microsoft/TestPlatform/ConsoleLogger/v1" assemblyQualifiedName="Microsoft.VisualStudio.TestPlatform.CommandLine.Internal.ConsoleLogger, vstest.console, Version=15.0.0.0, Culture=neutral, PublicKeyToken=b03f5f7f11d50a3a" codeBase="C:\Program Files\dotnet\sdk\6.0.200\vstest.console.dll" enabled="True" />
    </Loggers>
  </LoggerRunSettings>
  <DataCollectionRunSettings>
    <DataCollectors>
      <DataCollector friendlyName="blame" enabled="True">
        <Configuration>
          <ResultsDirectory>C:\Users\ilupa\Desktop\Lucru\Internship\Behavioral Design Pattern\BehavioralDesignPattern.MSUnitTests\bin\Debug\net6.0\fine-code-coverage\coverage-tool-output</ResultsDirectory>
        </Configuration>
      </DataCollector>
    </DataCollectors>
  </DataCollectionRunSettings>
</RunSettings>

TpTrace Verbose: 0 : 38380, 1, 2022/04/08, 12:59:58.533, 23341728520424, vstest.console.dll, TestRunRequest.ExecuteAsync: Wait for the first run request is over.
TpTrace Verbose: 0 : 38380, 1, 2022/04/08, 12:59:58.533, 23341728523228, vstest.console.dll, ParallelProxyExecutionManager: Start execution. Total sources: 1
TpTrace Information: 0 : 38380, 1, 2022/04/08, 12:59:58.533, 23341728526853, vstest.console.dll, ProxyParallelExecutionManager: Triggering test run for next source: C:\Users\ilupa\Desktop\Lucru\Internship\Behavioral Design Pattern\BehavioralDesignPattern.MSUnitTests\bin\Debug\net6.0\fine-code-coverage\build-output\BehavioralDesignPattern.MSUnitTests.dll
TpTrace Verbose: 0 : 38380, 5, 2022/04/08, 12:59:58.533, 23341728527711, vstest.console.dll, ParallelProxyExecutionManager: Execution started. Started clients: 1
TpTrace Verbose: 0 : 38380, 1, 2022/04/08, 12:59:58.533, 23341728528022, vstest.console.dll, ProxyParallelExecutionManager: No sources available for execution.
TpTrace Information: 0 : 38380, 1, 2022/04/08, 12:59:58.533, 23341728528331, vstest.console.dll, TestRunRequest.ExecuteAsync: Started.
TpTrace Verbose: 0 : 38380, 1, 2022/04/08, 12:59:58.534, 23341728528795, vstest.console.dll, TestRunRequest.WaitForCompletion: Waiting with timeout -1.
TpTrace Verbose: 0 : 38380, 5, 2022/04/08, 12:59:58.534, 23341728529539, vstest.console.dll, TestRunRequest:SendTestRunMessage: Starting.
TpTrace Information: 0 : 38380, 5, 2022/04/08, 12:59:58.534, 23341728530289, vstest.console.dll, TestRunRequest:SendTestRunMessage: Completed.
TpTrace Verbose: 0 : 38380, 5, 2022/04/08, 12:59:58.534, 23341728531778, vstest.console.dll, ProxyExecutionManager: Test host is always Lazy initialize.
TpTrace Verbose: 0 : 38380, 5, 2022/04/08, 12:59:58.534, 23341728533410, vstest.console.dll, TestRequestSender.InitializeCommunication: initialize communication. 
TpTrace Information: 0 : 38380, 5, 2022/04/08, 12:59:58.534, 23341728536944, vstest.console.dll, SocketServer.Start: Listening on endpoint : 127.0.0.1:61272
TpTrace Verbose: 0 : 38380, 5, 2022/04/08, 12:59:58.535, 23341728541314, vstest.console.dll, DotnetTestHostmanager.GetTestHostProcessStartInfo: Platform environment 'X64' target architecture 'X64' framework '.NETCoreApp,Version=v6.0' OS 'Windows'
TpTrace Verbose: 0 : 38380, 5, 2022/04/08, 12:59:58.535, 23341728542816, vstest.console.dll, DotnetTestHostmanager: Adding  --runtimeconfig "C:\Users\ilupa\Desktop\Lucru\Internship\Behavioral Design Pattern\BehavioralDesignPattern.MSUnitTests\bin\Debug\net6.0\fine-code-coverage\build-output\BehavioralDesignPattern.MSUnitTests.runtimeconfig.json" in args
TpTrace Verbose: 0 : 38380, 5, 2022/04/08, 12:59:58.535, 23341728545529, vstest.console.dll, DotnetTestHostmanager: Adding  --depsfile "C:\Users\ilupa\Desktop\Lucru\Internship\Behavioral Design Pattern\BehavioralDesignPattern.MSUnitTests\bin\Debug\net6.0\fine-code-coverage\build-output\BehavioralDesignPattern.MSUnitTests.deps.json" in args
TpTrace Verbose: 0 : 38380, 5, 2022/04/08, 12:59:58.537, 23341728558858, vstest.console.dll, DotnetTestHostmanager.IsWinOnArm: Current PROCESSOR_ARCHITECTURE from registry 'AMD64'
TpTrace Verbose: 0 : 38380, 5, 2022/04/08, 12:59:58.537, 23341728559586, vstest.console.dll, DotnetTestHostmanager.IsWinOnArm: Is Windows on ARM 'False'
TpTrace Verbose: 0 : 38380, 5, 2022/04/08, 12:59:58.537, 23341728560320, vstest.console.dll, DotnetTestHostManager: testhost.exe found at path: C:\Users\ilupa\Desktop\Lucru\Internship\Behavioral Design Pattern\BehavioralDesignPattern.MSUnitTests\bin\Debug\net6.0\fine-code-coverage\build-output\testhost.exe
TpTrace Verbose: 0 : 38380, 5, 2022/04/08, 12:59:58.537, 23341728560641, vstest.console.dll, DotnetTestHostmanager: Full path of host exe is C:\Users\ilupa\Desktop\Lucru\Internship\Behavioral Design Pattern\BehavioralDesignPattern.MSUnitTests\bin\Debug\net6.0\fine-code-coverage\build-output\testhost.exe
TpTrace Verbose: 0 : 38380, 5, 2022/04/08, 12:59:58.537, 23341728561543, vstest.console.dll, DotnetTestHostmanager.LaunchTestHostAsync: Found 'VSTEST_WINAPPHOST_DOTNET_ROOT' in env variables, value 'C:\Program Files\dotnet'
TpTrace Verbose: 0 : 38380, 7, 2022/04/08, 12:59:58.537, 23341728567495, vstest.console.dll, DotnetTestHostManager: Starting process 'C:\Users\ilupa\Desktop\Lucru\Internship\Behavioral Design Pattern\BehavioralDesignPattern.MSUnitTests\bin\Debug\net6.0\fine-code-coverage\build-output\testhost.exe' with command line ' --runtimeconfig "C:\Users\ilupa\Desktop\Lucru\Internship\Behavioral Design Pattern\BehavioralDesignPattern.MSUnitTests\bin\Debug\net6.0\fine-code-coverage\build-output\BehavioralDesignPattern.MSUnitTests.runtimeconfig.json" --depsfile "C:\Users\ilupa\Desktop\Lucru\Internship\Behavioral Design Pattern\BehavioralDesignPattern.MSUnitTests\bin\Debug\net6.0\fine-code-coverage\build-output\BehavioralDesignPattern.MSUnitTests.deps.json" --port 61272 --endpoint 127.0.0.1:061272 --role client --parentprocessid 38380 --diag "C:\Users\ilupa\Desktop\Lucru\Internship\Behavioral Design Pattern\BehavioralDesignPattern.MSUnitTests\bin\Debug\net6.0\fine-code-coverage\coverage-tool-output\diagnostics.host.22-04-08_12-59-58_53505_5.log" --tracelevel 4 --datacollectionport 61271 --telemetryoptedin false'
TpTrace Verbose: 0 : 38380, 7, 2022/04/08, 12:59:58.542, 23341728610658, vstest.console.dll, Test Runtime launched
TpTrace Verbose: 0 : 38380, 5, 2022/04/08, 12:59:58.542, 23341728614479, vstest.console.dll, TestRequestSender.WaitForRequestHandlerConnection: waiting for connection with timeout: 90000
TpTrace Verbose: 0 : 38380, 7, 2022/04/08, 12:59:58.638, 23341729569066, vstest.console.dll, SocketServer.OnClientConnected: Client connected for endPoint: 127.0.0.1:61272, starting MessageLoopAsync:
TpTrace Verbose: 0 : 38380, 14, 2022/04/08, 12:59:58.638, 23341729570478, vstest.console.dll, TcpClientExtensions.MessageLoopAsync: Polling on remoteEndPoint: 127.0.0.1:61273 localEndPoint: 127.0.0.1:61272
TpTrace Verbose: 0 : 38380, 5, 2022/04/08, 12:59:58.638, 23341729575018, vstest.console.dll, TestRequestSender.CheckVersionWithTestHost: Sending check version message: {"MessageType":"ProtocolVersion","Payload":5}
TpTrace Verbose: 0 : 38380, 14, 2022/04/08, 12:59:58.734, 23341730535428, vstest.console.dll, TcpClientExtensions.MessageLoopAsync: NotifyDataAvailable remoteEndPoint: 127.0.0.1:61273 localEndPoint: 127.0.0.1:61272
TpTrace Verbose: 0 : 38380, 14, 2022/04/08, 12:59:58.734, 23341730536987, vstest.console.dll, TestRequestSender.CheckVersionWithTestHost: onMessageReceived received message: (ProtocolVersion) -> 5
TpTrace Verbose: 0 : 38380, 14, 2022/04/08, 12:59:58.735, 23341730539134, vstest.console.dll, TcpClientExtensions.MessageLoopAsync: Polling on remoteEndPoint: 127.0.0.1:61273 localEndPoint: 127.0.0.1:61272
TpTrace Verbose: 0 : 38380, 5, 2022/04/08, 12:59:58.735, 23341730539933, vstest.console.dll, TestPluginCache.GetExtensionPaths: Filtered extension paths: 
TpTrace Verbose: 0 : 38380, 5, 2022/04/08, 12:59:58.735, 23341730540377, vstest.console.dll, TestPluginCache.GetExtensionPaths: Added default extension paths: C:\Program Files\dotnet\sdk\6.0.200\Extensions\DumpMinitool.exe
C:\Program Files\dotnet\sdk\6.0.200\Extensions\DumpMinitool.x86.exe
C:\Program Files\dotnet\sdk\6.0.200\Extensions\Microsoft.Diagnostics.NETCore.Client.dll
C:\Program Files\dotnet\sdk\6.0.200\Extensions\Microsoft.TestPlatform.Extensions.BlameDataCollector.dll
C:\Program Files\dotnet\sdk\6.0.200\Extensions\Microsoft.TestPlatform.Extensions.EventLogCollector.dll
C:\Program Files\dotnet\sdk\6.0.200\Extensions\Microsoft.TestPlatform.TestHostRuntimeProvider.dll
C:\Program Files\dotnet\sdk\6.0.200\Extensions\Microsoft.VisualStudio.TestPlatform.Extensions.Html.TestLogger.dll
C:\Program Files\dotnet\sdk\6.0.200\Extensions\Microsoft.VisualStudio.TestPlatform.Extensions.Trx.TestLogger.dll
TpTrace Verbose: 0 : 38380, 5, 2022/04/08, 12:59:58.735, 23341730540611, vstest.console.dll, TestPluginCache.GetExtensionPaths: Added unfilterableExtensionPaths: 
TpTrace Verbose: 0 : 38380, 5, 2022/04/08, 12:59:58.737, 23341730564341, vstest.console.dll, TestRequestSender.InitializeExecution: Sending initialize execution with message: {"Version":5,"MessageType":"TestExecution.Initialize","Payload":["C:\\Users\\ilupa\\Desktop\\Lucru\\Internship\\Behavioral Design Pattern\\BehavioralDesignPattern.MSUnitTests\\bin\\Debug\\net6.0\\fine-code-coverage\\build-output\\Microsoft.VisualStudio.TestPlatform.MSTest.TestAdapter.dll"]}
TpTrace Warning: 0 : 38380, 5, 2022/04/08, 12:59:58.737, 23341730566749, vstest.console.dll, InferRunSettingsHelper.MakeRunsettingsCompatible: Removing the following settings: TargetPlatform from RunSettings file. To use those settings please move to latest version of Microsoft.NET.Test.Sdk
TpTrace Verbose: 0 : 38380, 14, 2022/04/08, 12:59:58.741, 23341730607414, vstest.console.dll, TcpClientExtensions.MessageLoopAsync: NotifyDataAvailable remoteEndPoint: 127.0.0.1:61273 localEndPoint: 127.0.0.1:61272
TpTrace Verbose: 0 : 38380, 14, 2022/04/08, 12:59:58.741, 23341730608463, vstest.console.dll, TestRequestSender.OnExecutionMessageReceived: Received message: {"Version":5,"MessageType":"TestSession.Message","Payload":{"MessageLevel":0,"Message":"Logging TestHost Diagnostics in file: C:\\Users\\ilupa\\Desktop\\Lucru\\Internship\\Behavioral Design Pattern\\BehavioralDesignPattern.MSUnitTests\\bin\\Debug\\net6.0\\fine-code-coverage\\coverage-tool-output\\diagnostics.host.22-04-08_12-59-58_53505_5.log"}}
TpTrace Verbose: 0 : 38380, 14, 2022/04/08, 12:59:58.743, 23341730621695, vstest.console.dll, TestRunRequest:SendTestRunMessage: Starting.
TpTrace Information: 0 : 38380, 14, 2022/04/08, 12:59:58.743, 23341730622279, vstest.console.dll, TestRunRequest:SendTestRunMessage: Completed.
TpTrace Verbose: 0 : 38380, 14, 2022/04/08, 12:59:58.743, 23341730622519, vstest.console.dll, TcpClientExtensions.MessageLoopAsync: Polling on remoteEndPoint: 127.0.0.1:61273 localEndPoint: 127.0.0.1:61272
TpTrace Verbose: 0 : 38380, 5, 2022/04/08, 12:59:58.753, 23341730721400, vstest.console.dll, TestRequestSender.StartTestRun: Sending test run with message: {"Version":5,"MessageType":"TestExecution.StartWithSources","Payload":{"AdapterSourceMap":{"_none_":["C:\\Users\\ilupa\\Desktop\\Lucru\\Internship\\Behavioral Design Pattern\\BehavioralDesignPattern.MSUnitTests\\bin\\Debug\\net6.0\\fine-code-coverage\\build-output\\BehavioralDesignPattern.MSUnitTests.dll"]},"RunSettings":"<RunSettings>\r\n  <RunConfiguration>\r\n    <ResultsDirectory>C:\\Users\\ilupa\\Desktop\\Lucru\\Internship\\Behavioral Design Pattern\\BehavioralDesignPattern.MSUnitTests\\bin\\Debug\\net6.0\\fine-code-coverage\\coverage-tool-output</ResultsDirectory>\r\n    <TargetFrameworkVersion>.NETCoreApp,Version=v6.0</TargetFrameworkVersion>\r\n    <DesignMode>False</DesignMode>\r\n    <CollectSourceInformation>False</CollectSourceInformation>\r\n  </RunConfiguration>\r\n  <LoggerRunSettings>\r\n    <Loggers>\r\n      <Logger friendlyName=\"blame\" enabled=\"True\" />\r\n      <Logger friendlyName=\"Console\" uri=\"logger://microsoft/TestPlatform/ConsoleLogger/v1\" assemblyQualifiedName=\"Microsoft.VisualStudio.TestPlatform.CommandLine.Internal.ConsoleLogger, vstest.console, Version=15.0.0.0, Culture=neutral, PublicKeyToken=b03f5f7f11d50a3a\" codeBase=\"C:\\Program Files\\dotnet\\sdk\\6.0.200\\vstest.console.dll\" enabled=\"True\" />\r\n    </Loggers>\r\n  </LoggerRunSettings>\r\n  <DataCollectionRunSettings>\r\n    <DataCollectors>\r\n      <DataCollector friendlyName=\"blame\" enabled=\"True\">\r\n        <Configuration>\r\n          <ResultsDirectory>C:\\Users\\ilupa\\Desktop\\Lucru\\Internship\\Behavioral Design Pattern\\BehavioralDesignPattern.MSUnitTests\\bin\\Debug\\net6.0\\fine-code-coverage\\coverage-tool-output</ResultsDirectory>\r\n        </Configuration>\r\n      </DataCollector>\r\n    </DataCollectors>\r\n  </DataCollectionRunSettings>\r\n</RunSettings>","TestExecutionContext":{"FrequencyOfRunStatsChangeEvent":10,"RunStatsChangeEventTimeout":"00:00:01.5000000","InIsolation":false,"KeepAlive":false,"AreTestCaseLevelEventsRequired":false,"IsDebug":false,"TestCaseFilter":null,"FilterOptions":null},"Package":null}}
TpTrace Verbose: 0 : 38380, 14, 2022/04/08, 12:59:59.012, 23341733317039, vstest.console.dll, TcpClientExtensions.MessageLoopAsync: NotifyDataAvailable remoteEndPoint: 127.0.0.1:61273 localEndPoint: 127.0.0.1:61272
TpTrace Verbose: 0 : 38380, 14, 2022/04/08, 12:59:59.013, 23341733318670, vstest.console.dll, TestRequestSender.OnExecutionMessageReceived: Received message: {"Version":5,"MessageType":"TestExecution.Completed","Payload":{"TestRunCompleteArgs":{"TestRunStatistics":{"ExecutedTests":3,"Stats":{"Passed":3}},"IsCanceled":false,"IsAborted":false,"Error":null,"AttachmentSets":[],"ElapsedTimeInRunningTests":"00:00:00.1428399","Metrics":{}},"LastRunTests":{"NewTestResults":[{"TestCase":{"Id":"6735239c-7a1c-6f1c-5170-a3f9f8191f8f","FullyQualifiedName":"BehavioralDesignPattern.MSUnitTests.BehavioralDesignPatternTests.FirstElementInList_IsPark","DisplayName":"FirstElementInList_IsPark","ExecutorUri":"executor://MSTestAdapter/v2","Source":"C:\\Users\\ilupa\\Desktop\\Lucru\\Internship\\Behavioral Design Pattern\\BehavioralDesignPattern.MSUnitTests\\bin\\Debug\\net6.0\\fine-code-coverage\\build-output\\BehavioralDesignPattern.MSUnitTests.dll","CodeFilePath":null,"LineNumber":-1,"Properties":[{"Key":{"Id":"TestCase.ManagedType","Label":"ManagedType","Category":"","Description":"","Attributes":1,"ValueType":"System.String"},"Value":"BehavioralDesignPattern.MSUnitTests.BehavioralDesignPatternTests"},{"Key":{"Id":"TestCase.ManagedMethod","Label":"ManagedMethod","Category":"","Description":"","Attributes":1,"ValueType":"System.String"},"Value":"FirstElementInList_IsPark"},{"Key":{"Id":"MSTestDiscoverer.TestClassName","Label":"ClassName","Category":"","Description":"","Attributes":1,"ValueType":"System.String"},"Value":"BehavioralDesignPattern.MSUnitTests.BehavioralDesignPatternTests"},{"Key":{"Id":"TestCase.Hierarchy","Label":"Hierarchy","Category":"","Description":"","Attributes":2,"ValueType":"System.String[]"},"Value":["BehavioralDesignPattern.MSUnitTests","BehavioralDesignPatternTests"]},{"Key":{"Id":"TestObject.Traits","Label":"Traits","Category":"","Description":"","Attributes":5,"ValueType":"System.Collections.Generic.KeyValuePair`2[[System.String],[System.String]][]"},"Value":[]}]},"Attachments":[],"Outcome":1,"ErrorMessage":null,"ErrorStackTrace":null,"DisplayName":"FirstElementInList_IsPark","Messages":[],"ComputerName":null,"Duration":"00:00:00.0069836","StartTime":"2022-04-08T12:59:58.9454209+03:00","EndTime":"2022-04-08T12:59:58.9618992+03:00","Properties":[{"Key":{"Id":"ExecutionId","Label":"ExecutionId","Category":"","Description":"","Attributes":1,"ValueType":"System.Guid"},"Value":"00000000-0000-0000-0000-000000000000"},{"Key":{"Id":"ParentExecId","Label":"ParentExecId","Category":"","Description":"","Attributes":1,"ValueType":"System.Guid"},"Value":"00000000-0000-0000-0000-000000000000"},{"Key":{"Id":"InnerResultsCount","Label":"InnerResultsCount","Category":"","Description":"","Attributes":1,"ValueType":"System.Int32"},"Value":0}]},{"TestCase":{"Id":"edc4c056-a2d2-72e9-0b4d-8e7f1b85a497","FullyQualifiedName":"BehavioralDesignPattern.MSUnitTests.BehavioralDesignPatternTests.FirstElementInList_IsMuseum","DisplayName":"FirstElementInList_IsMuseum","ExecutorUri":"executor://MSTestAdapter/v2","Source":"C:\\Users\\ilupa\\Desktop\\Lucru\\Internship\\Behavioral Design Pattern\\BehavioralDesignPattern.MSUnitTests\\bin\\Debug\\net6.0\\fine-code-coverage\\build-output\\BehavioralDesignPattern.MSUnitTests.dll","CodeFilePath":null,"LineNumber":-1,"Properties":[{"Key":{"Id":"TestCase.ManagedType","Label":"ManagedType","Category":"","Description":"","Attributes":1,"ValueType":"System.String"},"Value":"BehavioralDesignPattern.MSUnitTests.BehavioralDesignPatternTests"},{"Key":{"Id":"TestCase.ManagedMethod","Label":"ManagedMethod","Category":"","Description":"","Attributes":1,"ValueType":"System.String"},"Value":"FirstElementInList_IsMuseum"},{"Key":{"Id":"MSTestDiscoverer.TestClassName","Label":"ClassName","Category":"","Description":"","Attributes":1,"ValueType":"System.String"},"Value":"BehavioralDesignPattern.MSUnitTests.BehavioralDesignPatternTests"},{"Key":{"Id":"TestCase.Hierarchy","Label":"Hierarchy","Category":"","Description":"","Attributes":2,"ValueType":"System.String[]"},"Value":["BehavioralDesignPattern.MSUnitTests","BehavioralDesignPatternTests"]},{"Key":{"Id":"TestObject.Traits","Label":"Traits","Category":"","Description":"","Attributes":5,"ValueType":"System.Collections.Generic.KeyValuePair`2[[System.String],[System.String]][]"},"Value":[]}]},"Attachments":[],"Outcome":1,"ErrorMessage":null,"ErrorStackTrace":null,"DisplayName":"FirstElementInList_IsMuseum","Messages":[],"ComputerName":null,"Duration":"00:00:00.0007796","StartTime":"2022-04-08T12:59:58.9777467+03:00","EndTime":"2022-04-08T12:59:58.9786942+03:00","Properties":[{"Key":{"Id":"ExecutionId","Label":"ExecutionId","Category":"","Description":"","Attributes":1,"ValueType":"System.Guid"},"Value":"00000000-0000-0000-0000-000000000000"},{"Key":{"Id":"ParentExecId","Label":"ParentExecId","Category":"","Description":"","Attributes":1,"ValueType":"System.Guid"},"Value":"00000000-0000-0000-0000-000000000000"},{"Key":{"Id":"InnerResultsCount","Label":"InnerResultsCount","Category":"","Description":"","Attributes":1,"ValueType":"System.Int32"},"Value":0}]},{"TestCase":{"Id":"f05d0632-8fb3-807a-1b2d-381624f477c2","FullyQualifiedName":"BehavioralDesignPattern.MSUnitTests.BehavioralDesignPatternTests.FirstElementInList_IsFamousBuildings","DisplayName":"FirstElementInList_IsFamousBuildings","ExecutorUri":"executor://MSTestAdapter/v2","Source":"C:\\Users\\ilupa\\Desktop\\Lucru\\Internship\\Behavioral Design Pattern\\BehavioralDesignPattern.MSUnitTests\\bin\\Debug\\net6.0\\fine-code-coverage\\build-output\\BehavioralDesignPattern.MSUnitTests.dll","CodeFilePath":null,"LineNumber":-1,"Properties":[{"Key":{"Id":"TestCase.ManagedType","Label":"ManagedType","Category":"","Description":"","Attributes":1,"ValueType":"System.String"},"Value":"BehavioralDesignPattern.MSUnitTests.BehavioralDesignPatternTests"},{"Key":{"Id":"TestCase.ManagedMethod","Label":"ManagedMethod","Category":"","Description":"","Attributes":1,"ValueType":"System.String"},"Value":"FirstElementInList_IsFamousBuildings"},{"Key":{"Id":"MSTestDiscoverer.TestClassName","Label":"ClassName","Category":"","Description":"","Attributes":1,"ValueType":"System.String"},"Value":"BehavioralDesignPattern.MSUnitTests.BehavioralDesignPatternTests"},{"Key":{"Id":"TestCase.Hierarchy","Label":"Hierarchy","Category":"","Description":"","Attributes":2,"ValueType":"System.String[]"},"Value":["BehavioralDesignPattern.MSUnitTests","BehavioralDesignPatternTests"]},{"Key":{"Id":"TestObject.Traits","Label":"Traits","Category":"","Description":"","Attributes":5,"ValueType":"System.Collections.Generic.KeyValuePair`2[[System.String],[System.String]][]"},"Value":[]}]},"Attachments":[],"Outcome":1,"ErrorMessage":null,"ErrorStackTrace":null,"DisplayName":"FirstElementInList_IsFamousBuildings","Messages":[],"ComputerName":null,"Duration":"00:00:00.0007969","StartTime":"2022-04-08T12:59:58.9804014+03:00","EndTime":"2022-04-08T12:59:58.9813464+03:00","Properties":[{"Key":{"Id":"ExecutionId","Label":"ExecutionId","Category":"","Description":"","Attributes":1,"ValueType":"System.Guid"},"Value":"00000000-0000-0000-0000-000000000000"},{"Key":{"Id":"ParentExecId","Label":"ParentExecId","Category":"","Description":"","Attributes":1,"ValueType":"System.Guid"},"Value":"00000000-0000-0000-0000-000000000000"},{"Key":{"Id":"InnerResultsCount","Label":"InnerResultsCount","Category":"","Description":"","Attributes":1,"ValueType":"System.Int32"},"Value":0}]}],"TestRunStatistics":{"ExecutedTests":3,"Stats":{"Passed":3}},"ActiveTests":[]},"RunAttachments":[],"ExecutorUris":["executor://mstestadapter/v2"]}}
TpTrace Verbose: 0 : 38380, 14, 2022/04/08, 12:59:59.013, 23341733326399, vstest.console.dll, TestRequestSender.EndSession: Sending end session.
TpTrace Verbose: 0 : 38380, 14, 2022/04/08, 12:59:59.013, 23341733327324, vstest.console.dll, ProxyOperationManager.Close: waiting for test host to exit for 100 ms
TpTrace Warning: 0 : 38380, 13, 2022/04/08, 12:59:59.030, 23341733493765, vstest.console.dll, TestHostManagerCallbacks.ErrorReceivedCallback Test host standard error line: 
TpTrace Verbose: 0 : 38380, 8, 2022/04/08, 12:59:59.036, 23341733548976, vstest.console.dll, TestHostProvider.ExitCallBack: Host exited starting callback.
TpTrace Information: 0 : 38380, 8, 2022/04/08, 12:59:59.036, 23341733555622, vstest.console.dll, TestHostManagerCallbacks.ExitCallBack: Testhost processId: 36364 exited with exitcode: 0 error: ''
TpTrace Verbose: 0 : 38380, 8, 2022/04/08, 12:59:59.036, 23341733556256, vstest.console.dll, DotnetTestHostManager.OnHostExited: invoking OnHostExited callback
TpTrace Verbose: 0 : 38380, 8, 2022/04/08, 12:59:59.036, 23341733557056, vstest.console.dll, CrossPlatEngine.TestHostManagerHostExited: calling on client process exit callback.
TpTrace Information: 0 : 38380, 8, 2022/04/08, 12:59:59.036, 23341733557831, vstest.console.dll, TestRequestSender.OnClientProcessExit: Test host process exited. Standard error: 
TpTrace Information: 0 : 38380, 14, 2022/04/08, 12:59:59.036, 23341733558341, vstest.console.dll, SocketServer.Stop: Stop server endPoint: 127.0.0.1:61272
TpTrace Information: 0 : 38380, 14, 2022/04/08, 12:59:59.037, 23341733558899, vstest.console.dll, SocketServer.Stop: Cancellation requested. Stopping message loop.
TpTrace Information: 0 : 38380, 8, 2022/04/08, 12:59:59.036, 23341733558537, vstest.console.dll, SocketServer.Stop: Stop server endPoint: 127.0.0.1:61272
TpTrace Information: 0 : 38380, 8, 2022/04/08, 12:59:59.037, 23341733559933, vstest.console.dll, SocketServer.Stop: Cancellation requested. Stopping message loop.
TpTrace Information: 0 : 38380, 14, 2022/04/08, 12:59:59.037, 23341733560805, vstest.console.dll, Closing the connection
TpTrace Warning: 0 : 38380, 14, 2022/04/08, 12:59:59.037, 23341733561459, vstest.console.dll, ProxyOperationManager: Timed out waiting for test host to exit. Will terminate process.
TpTrace Verbose: 0 : 38380, 14, 2022/04/08, 12:59:59.038, 23341733569758, vstest.console.dll, ProxyDataCollectionManager.InvokeDataCollectionServiceAction: Starting.
TpTrace Information: 0 : 38380, 14, 2022/04/08, 12:59:59.038, 23341733570433, vstest.console.dll, ProxyDataCollectionManager.AfterTestRunEnd: Get attachment set for datacollector processId: 21620 port: 61269
TpTrace Verbose: 0 : 38380, 14, 2022/04/08, 12:59:59.038, 23341733570887, vstest.console.dll, DataCollectionRequestSender.SendAfterTestRunStartAndGetResult : Send AfterTestRunEnd message with isCancelled: False
TpTrace Verbose: 0 : 38380, 14, 2022/04/08, 12:59:59.042, 23341733609050, vstest.console.dll, DataCollectionRequestSender.SendAfterTestRunStartAndGetResult : Received message: (DataCollection.AfterTestRunEndResult) -> {
  "AttachmentSets": [],
  "Metrics": {}
}
TpTrace Warning: 0 : 38380, 10, 2022/04/08, 12:59:59.046, 23341733648826, vstest.console.dll, DataCollectionLauncher.ErrorReceivedCallback datacollector standard error line: 
TpTrace Information: 0 : 38380, 14, 2022/04/08, 12:59:59.046, 23341733649277, vstest.console.dll, ProxyDataCollectionManager.InvokeDataCollectionServiceAction: Completed.
TpTrace Information: 0 : 38380, 8, 2022/04/08, 12:59:59.050, 23341733695307, vstest.console.dll, DataCollectionLauncher.ExitCallBack: Data collector exited with exitcode: 0 error: ''
TpTrace Verbose: 0 : 38380, 14, 2022/04/08, 12:59:59.114, 23341734334185, vstest.console.dll, TestRunRequest:SendTestRunStatsChange: Starting.
TpTrace Information: 0 : 38380, 14, 2022/04/08, 12:59:59.114, 23341734337029, vstest.console.dll, TestRunRequest:SendTestRunStatsChange: Completed.
TpTrace Verbose: 0 : 38380, 14, 2022/04/08, 12:59:59.115, 23341734339186, vstest.console.dll, ParallelProxyExecutionManager: HandlePartialRunComplete: Total completed clients = 1, Run complete = True, Run canceled: False.
TpTrace Verbose: 0 : 38380, 14, 2022/04/08, 12:59:59.130, 23341734491541, vstest.console.dll, TestRunRequest:TestRunComplete: Starting. IsAborted:False IsCanceled:False.
TpTrace Verbose: 0 : 38380, 14, 2022/04/08, 12:59:59.130, 23341734492963, vstest.console.dll, TestLoggerManager.HandleTestRunComplete: Ignoring as the object is disposed.
TpTrace Information: 0 : 38380, 14, 2022/04/08, 12:59:59.130, 23341734494859, vstest.console.dll, TestRunRequest:TestRunComplete: Completed.
TpTrace Verbose: 0 : 38380, 14, 2022/04/08, 12:59:59.130, 23341734495247, vstest.console.dll, TestRequestSender.SetOperationComplete: Setting operation complete.
TpTrace Verbose: 0 : 38380, 1, 2022/04/08, 12:59:59.130, 23341734495214, vstest.console.dll, TestRunRequest.Dispose: Starting.
TpTrace Information: 0 : 38380, 14, 2022/04/08, 12:59:59.130, 23341734495634, vstest.console.dll, SocketServer.Stop: Stop server endPoint: 127.0.0.1:61272
TpTrace Information: 0 : 38380, 1, 2022/04/08, 12:59:59.130, 23341734496122, vstest.console.dll, TestRunRequest.Dispose: Completed.
TpTrace Information: 0 : 38380, 14, 2022/04/08, 12:59:59.130, 23341734496426, vstest.console.dll, SocketServer.Stop: Cancellation requested. Stopping message loop.
TpTrace Information: 0 : 38380, 14, 2022/04/08, 12:59:59.130, 23341734496885, vstest.console.dll, SocketServer.PrivateStop: Stopping server endPoint: 127.0.0.1:61272 error: 
TpTrace Information: 0 : 38380, 1, 2022/04/08, 12:59:59.130, 23341734496907, vstest.console.dll, TestRequestManager.RunTests: run tests completed.
TpTrace Information: 0 : 38380, 1, 2022/04/08, 12:59:59.130, 23341734497700, vstest.console.dll, RunTestsArgumentProcessor:Execute: Test run is completed.
TpTrace Verbose: 0 : 38380, 1, 2022/04/08, 12:59:59.131, 23341734498886, vstest.console.dll, Executor.Execute: Exiting with exit code of 0
TpTrace Verbose: 0 : 38380, 14, 2022/04/08, 12:59:59.131, 23341734499720, vstest.console.dll, LengthPrefixCommunicationChannel.Dispose: Dispose reader and writer.
TpTrace Information: 0 : 38380, 14, 2022/04/08, 12:59:59.131, 23341734500257, vstest.console.dll, SocketServer.Stop: Raise disconnected event endPoint: 127.0.0.1:61272 error: 
TpTrace Verbose: 0 : 38380, 14, 2022/04/08, 12:59:59.131, 23341734500740, vstest.console.dll, TestRequestSender: OnTestRunAbort: Operation is already complete. Skip error message.
TpTrace Verbose: 0 : 38380, 14, 2022/04/08, 12:59:59.131, 23341734501010, vstest.console.dll, TcpClientExtensions.MessageLoopAsync: exiting MessageLoopAsync remoteEndPoint: 127.0.0.1:61273 localEndPoint: 127.0.0.1:61272
